
*** Running vivado
    with args -log MicroBlaze_Uart_ilmb_v10_0.vds -m64 -product Vivado -mode batch -messageDb vivado.pb -notrace -source MicroBlaze_Uart_ilmb_v10_0.tcl



****** Vivado v2020.1 (64-bit)
  **** SW Build 2902540 on Wed May 27 19:54:49 MDT 2020
  **** IP Build 2902112 on Wed May 27 22:43:36 MDT 2020
    ** Copyright 1986-2020 Xilinx, Inc. All Rights Reserved.

source MicroBlaze_Uart_ilmb_v10_0.tcl -notrace
create_project: Time (s): cpu = 00:00:04 ; elapsed = 00:00:05 . Memory (MB): peak = 1057.582 ; gain = 0.000
INFO: [IP_Flow 19-234] Refreshing IP repositories
INFO: [IP_Flow 19-1700] Loaded user IP repository 'c:/Users/vybha/Documents/AT472-BU-98000-r0p1-00rel0'.
INFO: [IP_Flow 19-2313] Loaded Vivado IP repository 'D:/Xilinx/Vivado/2020.1/data/ip'.
Command: synth_design -top MicroBlaze_Uart_ilmb_v10_0 -part xc7a100tcsg324-1 -mode out_of_context
Starting synth_design
Attempting to get a license for feature 'Synthesis' and/or device 'xc7a100t'
INFO: [Common 17-349] Got license for feature 'Synthesis' and/or device 'xc7a100t'
INFO: [Device 21-403] Loading part xc7a100tcsg324-1
INFO: [Synth 8-7079] Multithreading enabled for synth_design using a maximum of 2 processes.
INFO: [Synth 8-7078] Launching helper process for spawning children vivado processes
INFO: [Synth 8-7075] Helper process launched with PID 2128
---------------------------------------------------------------------------------
Starting RTL Elaboration : Time (s): cpu = 00:00:09 ; elapsed = 00:00:12 . Memory (MB): peak = 1070.773 ; gain = 13.191
---------------------------------------------------------------------------------
INFO: [Synth 8-638] synthesizing module 'MicroBlaze_Uart_ilmb_v10_0' [d:/FPGA_Projects/MicroBlaze_Uart/MicroBlaze_Uart.srcs/sources_1/bd/MicroBlaze_Uart/ip/MicroBlaze_Uart_ilmb_v10_0/synth/MicroBlaze_Uart_ilmb_v10_0.vhd:89]
	Parameter C_LMB_NUM_SLAVES bound to: 1 - type: integer 
	Parameter C_LMB_DWIDTH bound to: 32 - type: integer 
	Parameter C_LMB_AWIDTH bound to: 32 - type: integer 
	Parameter C_LMB_PROTOCOL bound to: 0 - type: integer 
	Parameter C_EXT_RESET_HIGH bound to: 1 - type: integer 
INFO: [Synth 8-3491] module 'lmb_v10' declared at 'd:/FPGA_Projects/MicroBlaze_Uart/MicroBlaze_Uart.srcs/sources_1/bd/MicroBlaze_Uart/ipshared/c2ed/hdl/lmb_v10_v3_0_vh_rfs.vhd:92' bound to instance 'U0' of component 'lmb_v10' [d:/FPGA_Projects/MicroBlaze_Uart/MicroBlaze_Uart.srcs/sources_1/bd/MicroBlaze_Uart/ip/MicroBlaze_Uart_ilmb_v10_0/synth/MicroBlaze_Uart_ilmb_v10_0.vhd:165]
INFO: [Synth 8-638] synthesizing module 'lmb_v10' [d:/FPGA_Projects/MicroBlaze_Uart/MicroBlaze_Uart.srcs/sources_1/bd/MicroBlaze_Uart/ipshared/c2ed/hdl/lmb_v10_v3_0_vh_rfs.vhd:141]
	Parameter C_LMB_NUM_SLAVES bound to: 1 - type: integer 
	Parameter C_LMB_DWIDTH bound to: 32 - type: integer 
	Parameter C_LMB_AWIDTH bound to: 32 - type: integer 
	Parameter C_LMB_PROTOCOL bound to: 0 - type: integer 
	Parameter C_EXT_RESET_HIGH bound to: 1 - type: integer 
INFO: [Synth 8-3491] module 'FDS' declared at 'D:/Xilinx/Vivado/2020.1/scripts/rt/data/unisim_comp.v:13847' bound to instance 'POR_FF_I' of component 'FDS' [d:/FPGA_Projects/MicroBlaze_Uart/MicroBlaze_Uart.srcs/sources_1/bd/MicroBlaze_Uart/ipshared/c2ed/hdl/lmb_v10_v3_0_vh_rfs.vhd:171]
INFO: [Synth 8-6157] synthesizing module 'FDS' [D:/Xilinx/Vivado/2020.1/scripts/rt/data/unisim_comp.v:13847]
	Parameter INIT bound to: 1'b1 
INFO: [Synth 8-6155] done synthesizing module 'FDS' (1#1) [D:/Xilinx/Vivado/2020.1/scripts/rt/data/unisim_comp.v:13847]
INFO: [Synth 8-256] done synthesizing module 'lmb_v10' (2#1) [d:/FPGA_Projects/MicroBlaze_Uart/MicroBlaze_Uart.srcs/sources_1/bd/MicroBlaze_Uart/ipshared/c2ed/hdl/lmb_v10_v3_0_vh_rfs.vhd:141]
INFO: [Synth 8-256] done synthesizing module 'MicroBlaze_Uart_ilmb_v10_0' (3#1) [d:/FPGA_Projects/MicroBlaze_Uart/MicroBlaze_Uart.srcs/sources_1/bd/MicroBlaze_Uart/ip/MicroBlaze_Uart_ilmb_v10_0/synth/MicroBlaze_Uart_ilmb_v10_0.vhd:89]
---------------------------------------------------------------------------------
Finished RTL Elaboration : Time (s): cpu = 00:00:11 ; elapsed = 00:00:14 . Memory (MB): peak = 1123.203 ; gain = 65.621
---------------------------------------------------------------------------------
---------------------------------------------------------------------------------
Start Handling Custom Attributes
---------------------------------------------------------------------------------
---------------------------------------------------------------------------------
Finished Handling Custom Attributes : Time (s): cpu = 00:00:12 ; elapsed = 00:00:15 . Memory (MB): peak = 1123.203 ; gain = 65.621
---------------------------------------------------------------------------------
---------------------------------------------------------------------------------
Finished RTL Optimization Phase 1 : Time (s): cpu = 00:00:12 ; elapsed = 00:00:15 . Memory (MB): peak = 1123.203 ; gain = 65.621
---------------------------------------------------------------------------------
Netlist sorting complete. Time (s): cpu = 00:00:00 ; elapsed = 00:00:00.005 . Memory (MB): peak = 1123.203 ; gain = 0.000
INFO: [Netlist 29-17] Analyzing 1 Unisim elements for replacement
INFO: [Netlist 29-28] Unisim Transformation completed in 0 CPU seconds
INFO: [Project 1-570] Preparing netlist for logic optimization

Processing XDC Constraints
Initializing timing engine
Parsing XDC File [d:/FPGA_Projects/MicroBlaze_Uart/MicroBlaze_Uart.srcs/sources_1/bd/MicroBlaze_Uart/ip/MicroBlaze_Uart_ilmb_v10_0/MicroBlaze_Uart_ilmb_v10_0_ooc.xdc] for cell 'U0'
Finished Parsing XDC File [d:/FPGA_Projects/MicroBlaze_Uart/MicroBlaze_Uart.srcs/sources_1/bd/MicroBlaze_Uart/ip/MicroBlaze_Uart_ilmb_v10_0/MicroBlaze_Uart_ilmb_v10_0_ooc.xdc] for cell 'U0'
Parsing XDC File [D:/FPGA_Projects/MicroBlaze_Uart/MicroBlaze_Uart.runs/MicroBlaze_Uart_ilmb_v10_0_synth_1/dont_touch.xdc]
Finished Parsing XDC File [D:/FPGA_Projects/MicroBlaze_Uart/MicroBlaze_Uart.runs/MicroBlaze_Uart_ilmb_v10_0_synth_1/dont_touch.xdc]
Completed Processing XDC Constraints

Netlist sorting complete. Time (s): cpu = 00:00:00 ; elapsed = 00:00:00 . Memory (MB): peak = 1145.242 ; gain = 0.000
INFO: [Project 1-111] Unisim Transformation Summary:
  A total of 1 instances were transformed.
  FDS => FDSE: 1 instance 

Constraint Validation Runtime : Time (s): cpu = 00:00:00 ; elapsed = 00:00:00.047 . Memory (MB): peak = 1156.859 ; gain = 11.617
---------------------------------------------------------------------------------
Finished Constraint Validation : Time (s): cpu = 00:00:22 ; elapsed = 00:00:35 . Memory (MB): peak = 1156.859 ; gain = 99.277
---------------------------------------------------------------------------------
---------------------------------------------------------------------------------
Start Loading Part and Timing Information
---------------------------------------------------------------------------------
Loading part: xc7a100tcsg324-1
---------------------------------------------------------------------------------
Finished Loading Part and Timing Information : Time (s): cpu = 00:00:22 ; elapsed = 00:00:35 . Memory (MB): peak = 1156.859 ; gain = 99.277
---------------------------------------------------------------------------------
---------------------------------------------------------------------------------
Start Applying 'set_property' XDC Constraints
---------------------------------------------------------------------------------
Applied set_property DONT_TOUCH = true for U0. (constraint file  D:/FPGA_Projects/MicroBlaze_Uart/MicroBlaze_Uart.runs/MicroBlaze_Uart_ilmb_v10_0_synth_1/dont_touch.xdc, line 9).
---------------------------------------------------------------------------------
Finished applying 'set_property' XDC Constraints : Time (s): cpu = 00:00:22 ; elapsed = 00:00:35 . Memory (MB): peak = 1156.859 ; gain = 99.277
---------------------------------------------------------------------------------
---------------------------------------------------------------------------------
Finished RTL Optimization Phase 2 : Time (s): cpu = 00:00:22 ; elapsed = 00:00:36 . Memory (MB): peak = 1156.859 ; gain = 99.277
---------------------------------------------------------------------------------
---------------------------------------------------------------------------------
Start RTL Component Statistics 
---------------------------------------------------------------------------------
Detailed RTL Component Info : 
---------------------------------------------------------------------------------
Finished RTL Component Statistics 
---------------------------------------------------------------------------------
---------------------------------------------------------------------------------
Start Part Resource Summary
---------------------------------------------------------------------------------
Part Resources:
DSPs: 240 (col length:80)
BRAMs: 270 (col length: RAMB18 80 RAMB36 40)
---------------------------------------------------------------------------------
Finished Part Resource Summary
---------------------------------------------------------------------------------
---------------------------------------------------------------------------------
Start Cross Boundary and Area Optimization
---------------------------------------------------------------------------------
---------------------------------------------------------------------------------
Finished Cross Boundary and Area Optimization : Time (s): cpu = 00:00:24 ; elapsed = 00:00:38 . Memory (MB): peak = 1156.859 ; gain = 99.277
---------------------------------------------------------------------------------
---------------------------------------------------------------------------------
Start Applying XDC Timing Constraints
---------------------------------------------------------------------------------
---------------------------------------------------------------------------------
Finished Applying XDC Timing Constraints : Time (s): cpu = 00:00:33 ; elapsed = 00:00:48 . Memory (MB): peak = 1189.598 ; gain = 132.016
---------------------------------------------------------------------------------
---------------------------------------------------------------------------------
Start Timing Optimization
---------------------------------------------------------------------------------
---------------------------------------------------------------------------------
Finished Timing Optimization : Time (s): cpu = 00:00:33 ; elapsed = 00:00:48 . Memory (MB): peak = 1189.598 ; gain = 132.016
---------------------------------------------------------------------------------
---------------------------------------------------------------------------------
Start Technology Mapping
---------------------------------------------------------------------------------
---------------------------------------------------------------------------------
Finished Technology Mapping : Time (s): cpu = 00:00:34 ; elapsed = 00:00:48 . Memory (MB): peak = 1209.199 ; gain = 151.617
---------------------------------------------------------------------------------
---------------------------------------------------------------------------------
Start IO Insertion
---------------------------------------------------------------------------------
---------------------------------------------------------------------------------
Start Flattening Before IO Insertion
---------------------------------------------------------------------------------
---------------------------------------------------------------------------------
Finished Flattening Before IO Insertion
---------------------------------------------------------------------------------
---------------------------------------------------------------------------------
Start Final Netlist Cleanup
---------------------------------------------------------------------------------
---------------------------------------------------------------------------------
Finished Final Netlist Cleanup
---------------------------------------------------------------------------------
---------------------------------------------------------------------------------
Finished IO Insertion : Time (s): cpu = 00:00:40 ; elapsed = 00:00:55 . Memory (MB): peak = 1214.984 ; gain = 157.402
---------------------------------------------------------------------------------
---------------------------------------------------------------------------------
Start Renaming Generated Instances
---------------------------------------------------------------------------------
---------------------------------------------------------------------------------
Finished Renaming Generated Instances : Time (s): cpu = 00:00:40 ; elapsed = 00:00:55 . Memory (MB): peak = 1214.984 ; gain = 157.402
---------------------------------------------------------------------------------
---------------------------------------------------------------------------------
Start Rebuilding User Hierarchy
---------------------------------------------------------------------------------
---------------------------------------------------------------------------------
Finished Rebuilding User Hierarchy : Time (s): cpu = 00:00:40 ; elapsed = 00:00:55 . Memory (MB): peak = 1214.984 ; gain = 157.402
---------------------------------------------------------------------------------
---------------------------------------------------------------------------------
Start Renaming Generated Ports
---------------------------------------------------------------------------------
---------------------------------------------------------------------------------
Finished Renaming Generated Ports : Time (s): cpu = 00:00:40 ; elapsed = 00:00:55 . Memory (MB): peak = 1214.984 ; gain = 157.402
---------------------------------------------------------------------------------
---------------------------------------------------------------------------------
Start Handling Custom Attributes
---------------------------------------------------------------------------------
---------------------------------------------------------------------------------
Finished Handling Custom Attributes : Time (s): cpu = 00:00:40 ; elapsed = 00:00:55 . Memory (MB): peak = 1214.984 ; gain = 157.402
---------------------------------------------------------------------------------
---------------------------------------------------------------------------------
Start Renaming Generated Nets
---------------------------------------------------------------------------------
---------------------------------------------------------------------------------
Finished Renaming Generated Nets : Time (s): cpu = 00:00:40 ; elapsed = 00:00:55 . Memory (MB): peak = 1214.984 ; gain = 157.402
---------------------------------------------------------------------------------
---------------------------------------------------------------------------------
Start Writing Synthesis Report
---------------------------------------------------------------------------------

Report BlackBoxes: 
+-+--------------+----------+
| |BlackBox name |Instances |
+-+--------------+----------+
+-+--------------+----------+

Report Cell Usage: 
+------+-----+------+
|      |Cell |Count |
+------+-----+------+
|1     |FDS  |     1|
+------+-----+------+
---------------------------------------------------------------------------------
Finished Writing Synthesis Report : Time (s): cpu = 00:00:40 ; elapsed = 00:00:55 . Memory (MB): peak = 1214.984 ; gain = 157.402
---------------------------------------------------------------------------------
Synthesis finished with 0 errors, 0 critical warnings and 0 warnings.
Synthesis Optimization Runtime : Time (s): cpu = 00:00:25 ; elapsed = 00:00:45 . Memory (MB): peak = 1214.984 ; gain = 123.746
Synthesis Optimization Complete : Time (s): cpu = 00:00:41 ; elapsed = 00:00:56 . Memory (MB): peak = 1214.984 ; gain = 157.402
INFO: [Project 1-571] Translating synthesized netlist
Netlist sorting complete. Time (s): cpu = 00:00:00 ; elapsed = 00:00:00.008 . Memory (MB): peak = 1214.984 ; gain = 0.000
INFO: [Netlist 29-17] Analyzing 1 Unisim elements for replacement
INFO: [Netlist 29-28] Unisim Transformation completed in 0 CPU seconds
INFO: [Project 1-570] Preparing netlist for logic optimization
INFO: [Opt 31-138] Pushed 0 inverter(s) to 0 load pin(s).
Netlist sorting complete. Time (s): cpu = 00:00:00 ; elapsed = 00:00:00 . Memory (MB): peak = 1232.621 ; gain = 0.000
INFO: [Project 1-111] Unisim Transformation Summary:
  A total of 1 instances were transformed.
  FDS => FDSE: 1 instance 

INFO: [Common 17-83] Releasing license: Synthesis
27 Infos, 0 Warnings, 0 Critical Warnings and 0 Errors encountered.
synth_design completed successfully
synth_design: Time (s): cpu = 00:00:50 ; elapsed = 00:01:19 . Memory (MB): peak = 1232.621 ; gain = 175.039
INFO: [Common 17-1381] The checkpoint 'D:/FPGA_Projects/MicroBlaze_Uart/MicroBlaze_Uart.runs/MicroBlaze_Uart_ilmb_v10_0_synth_1/MicroBlaze_Uart_ilmb_v10_0.dcp' has been generated.
WARNING: [Common 17-576] 'use_project_ipc' is deprecated. This option is deprecated and no longer used.
INFO: [Coretcl 2-1648] Added synthesis output to IP cache for IP MicroBlaze_Uart_ilmb_v10_0, cache-ID = 9522a04588b34e5e
INFO: [Common 17-1381] The checkpoint 'D:/FPGA_Projects/MicroBlaze_Uart/MicroBlaze_Uart.runs/MicroBlaze_Uart_ilmb_v10_0_synth_1/MicroBlaze_Uart_ilmb_v10_0.dcp' has been generated.
INFO: [runtcl-4] Executing : report_utilization -file MicroBlaze_Uart_ilmb_v10_0_utilization_synth.rpt -pb MicroBlaze_Uart_ilmb_v10_0_utilization_synth.pb
INFO: [Common 17-206] Exiting Vivado at Tue Jan 18 17:26:54 2022...
