TRACE::2022-01-18.21:39:14::SCWPlatform::Trying to open the hw design at D:/FPGA_Projects/Workspace/MicroBlaze_Uart_Gpio_wrapper/hw/MicroBlaze_Uart_Gpio_wrapper.xsa
TRACE::2022-01-18.21:39:14::SCWPlatform::DSA given D:/FPGA_Projects/Workspace/MicroBlaze_Uart_Gpio_wrapper/hw/MicroBlaze_Uart_Gpio_wrapper.xsa
TRACE::2022-01-18.21:39:14::SCWPlatform::DSA absoulate path D:/FPGA_Projects/Workspace/MicroBlaze_Uart_Gpio_wrapper/hw/MicroBlaze_Uart_Gpio_wrapper.xsa
TRACE::2022-01-18.21:39:16::SCWPlatform::DSA directory D:/FPGA_Projects/Workspace/MicroBlaze_Uart_Gpio_wrapper/hw
TRACE::2022-01-18.21:39:17::SCWPlatform:: Platform Path D:/FPGA_Projects/Workspace/MicroBlaze_Uart_Gpio_wrapper/hw/MicroBlaze_Uart_Gpio_wrapper.xsa
TRACE::2022-01-18.21:39:17::SCWPlatform:: Unique name xilinx:arty-a7-100::0.0
TRACE::2022-01-18.21:39:17::SCWPlatform::Do not have an existing db opened. 
TRACE::2022-01-18.21:39:17::SCWPlatform::Opened new HwDB with name MicroBlaze_Uart_Gpio_wrapper_0
TRACE::2022-01-18.21:39:17::SCWWriter::formatted JSON is {
	"platformName":	"MicroBlaze_Uart_Gpio_wrapper",
	"sprVersion":	"2.0",
	"mode":	"gui",
	"dsaType":	"Fixed",
	"platformDesc":	"MicroBlaze_Uart_Gpio_wrapper",
	"platHandOff":	"D:/FPGA_Projects/MicroBlaze_Uart_Gpio/MicroBlaze_Uart_Gpio_wrapper.xsa",
	"platIntHandOff":	"<platformDir>/hw/MicroBlaze_Uart_Gpio_wrapper.xsa",
	"deviceType":	"FPGA",
	"platIsPrebuiltAutogen":	"false",
	"platIsNoBootBsp":	"false",
	"hasFsblMakeHasChanges":	"false",
	"hasPmufwMakeHasChanges":	"false",
	"platPreBuiltFlag":	false,
	"platformSamplesDir":	""
}
TRACE::2022-01-18.21:39:17::SCWWriter::formatted JSON is {
	"platformName":	"MicroBlaze_Uart_Gpio_wrapper",
	"sprVersion":	"2.0",
	"mode":	"gui",
	"dsaType":	"Fixed",
	"platformDesc":	"MicroBlaze_Uart_Gpio_wrapper",
	"platHandOff":	"D:/FPGA_Projects/MicroBlaze_Uart_Gpio/MicroBlaze_Uart_Gpio_wrapper.xsa",
	"platIntHandOff":	"<platformDir>/hw/MicroBlaze_Uart_Gpio_wrapper.xsa",
	"deviceType":	"FPGA",
	"platIsPrebuiltAutogen":	"false",
	"platIsNoBootBsp":	"false",
	"hasFsblMakeHasChanges":	"false",
	"hasPmufwMakeHasChanges":	"false",
	"platPreBuiltFlag":	false,
	"platformSamplesDir":	"",
	"platActiveSys":	"MicroBlaze_Uart_Gpio_wrapper",
	"systems":	[{
			"systemName":	"MicroBlaze_Uart_Gpio_wrapper",
			"systemDesc":	"MicroBlaze_Uart_Gpio_wrapper",
			"sysIsBootAutoGen":	"true",
			"systemDispName":	"MicroBlaze_Uart_Gpio_wrapper"
		}]
}
TRACE::2022-01-18.21:39:17::SCWPlatform::Boot application domains not present, creating them
TRACE::2022-01-18.21:39:17::SCWPlatform::Pure FPGA device, no boot application will be created.
TRACE::2022-01-18.21:39:17::SCWWriter::formatted JSON is {
	"platformName":	"MicroBlaze_Uart_Gpio_wrapper",
	"sprVersion":	"2.0",
	"mode":	"gui",
	"dsaType":	"Fixed",
	"platformDesc":	"MicroBlaze_Uart_Gpio_wrapper",
	"platHandOff":	"D:/FPGA_Projects/MicroBlaze_Uart_Gpio/MicroBlaze_Uart_Gpio_wrapper.xsa",
	"platIntHandOff":	"<platformDir>/hw/MicroBlaze_Uart_Gpio_wrapper.xsa",
	"deviceType":	"FPGA",
	"platIsPrebuiltAutogen":	"false",
	"platIsNoBootBsp":	"false",
	"hasFsblMakeHasChanges":	"false",
	"hasPmufwMakeHasChanges":	"false",
	"platPreBuiltFlag":	false,
	"platformSamplesDir":	"",
	"platActiveSys":	"MicroBlaze_Uart_Gpio_wrapper",
	"systems":	[{
			"systemName":	"MicroBlaze_Uart_Gpio_wrapper",
			"systemDesc":	"MicroBlaze_Uart_Gpio_wrapper",
			"sysIsBootAutoGen":	"true",
			"systemDispName":	"MicroBlaze_Uart_Gpio_wrapper"
		}]
}
TRACE::2022-01-18.21:39:17::SCWWriter::formatted JSON is {
	"platformName":	"MicroBlaze_Uart_Gpio_wrapper",
	"sprVersion":	"2.0",
	"mode":	"gui",
	"dsaType":	"Fixed",
	"platformDesc":	"MicroBlaze_Uart_Gpio_wrapper",
	"platHandOff":	"D:/FPGA_Projects/MicroBlaze_Uart_Gpio/MicroBlaze_Uart_Gpio_wrapper.xsa",
	"platIntHandOff":	"<platformDir>/hw/MicroBlaze_Uart_Gpio_wrapper.xsa",
	"deviceType":	"FPGA",
	"platIsPrebuiltAutogen":	"false",
	"platIsNoBootBsp":	"false",
	"hasFsblMakeHasChanges":	"false",
	"hasPmufwMakeHasChanges":	"false",
	"platPreBuiltFlag":	false,
	"platformSamplesDir":	"",
	"platActiveSys":	"MicroBlaze_Uart_Gpio_wrapper",
	"systems":	[{
			"systemName":	"MicroBlaze_Uart_Gpio_wrapper",
			"systemDesc":	"MicroBlaze_Uart_Gpio_wrapper",
			"sysIsBootAutoGen":	"true",
			"systemDispName":	"MicroBlaze_Uart_Gpio_wrapper"
		}]
}
TRACE::2022-01-18.21:39:17::SCWPlatform::Trying to open the hw design at D:/FPGA_Projects/Workspace/MicroBlaze_Uart_Gpio_wrapper/hw/MicroBlaze_Uart_Gpio_wrapper.xsa
TRACE::2022-01-18.21:39:17::SCWPlatform::DSA given D:/FPGA_Projects/Workspace/MicroBlaze_Uart_Gpio_wrapper/hw/MicroBlaze_Uart_Gpio_wrapper.xsa
TRACE::2022-01-18.21:39:17::SCWPlatform::DSA absoulate path D:/FPGA_Projects/Workspace/MicroBlaze_Uart_Gpio_wrapper/hw/MicroBlaze_Uart_Gpio_wrapper.xsa
TRACE::2022-01-18.21:39:17::SCWPlatform::DSA directory D:/FPGA_Projects/Workspace/MicroBlaze_Uart_Gpio_wrapper/hw
TRACE::2022-01-18.21:39:17::SCWPlatform:: Platform Path D:/FPGA_Projects/Workspace/MicroBlaze_Uart_Gpio_wrapper/hw/MicroBlaze_Uart_Gpio_wrapper.xsa
TRACE::2022-01-18.21:39:17::SCWPlatform:: Unique name xilinx:arty-a7-100::0.0
TRACE::2022-01-18.21:39:17::SCWPlatform::Trying to set the existing hwdb with name MicroBlaze_Uart_Gpio_wrapper_0
TRACE::2022-01-18.21:39:17::SCWPlatform::Opened existing hwdb MicroBlaze_Uart_Gpio_wrapper_0
TRACE::2022-01-18.21:39:17::SCWPlatform::Found the Hw Db part of the input DSA
TRACE::2022-01-18.21:39:17::SCWDomain::checking for install qemu data   : 
TRACE::2022-01-18.21:39:17::SCWPlatform::Trying to open the hw design at D:/FPGA_Projects/Workspace/MicroBlaze_Uart_Gpio_wrapper/hw/MicroBlaze_Uart_Gpio_wrapper.xsa
TRACE::2022-01-18.21:39:17::SCWPlatform::DSA given D:/FPGA_Projects/Workspace/MicroBlaze_Uart_Gpio_wrapper/hw/MicroBlaze_Uart_Gpio_wrapper.xsa
TRACE::2022-01-18.21:39:17::SCWPlatform::DSA absoulate path D:/FPGA_Projects/Workspace/MicroBlaze_Uart_Gpio_wrapper/hw/MicroBlaze_Uart_Gpio_wrapper.xsa
TRACE::2022-01-18.21:39:17::SCWPlatform::DSA directory D:/FPGA_Projects/Workspace/MicroBlaze_Uart_Gpio_wrapper/hw
TRACE::2022-01-18.21:39:17::SCWPlatform:: Platform Path D:/FPGA_Projects/Workspace/MicroBlaze_Uart_Gpio_wrapper/hw/MicroBlaze_Uart_Gpio_wrapper.xsa
TRACE::2022-01-18.21:39:17::SCWPlatform:: Unique name xilinx:arty-a7-100::0.0
TRACE::2022-01-18.21:39:17::SCWPlatform::Trying to set the existing hwdb with name MicroBlaze_Uart_Gpio_wrapper_0
TRACE::2022-01-18.21:39:17::SCWPlatform::Opened existing hwdb MicroBlaze_Uart_Gpio_wrapper_0
TRACE::2022-01-18.21:39:17::SCWPlatform::Found the Hw Db part of the input DSA
TRACE::2022-01-18.21:39:17::SCWPlatform::Trying to open the hw design at D:/FPGA_Projects/Workspace/MicroBlaze_Uart_Gpio_wrapper/hw/MicroBlaze_Uart_Gpio_wrapper.xsa
TRACE::2022-01-18.21:39:17::SCWPlatform::DSA given D:/FPGA_Projects/Workspace/MicroBlaze_Uart_Gpio_wrapper/hw/MicroBlaze_Uart_Gpio_wrapper.xsa
TRACE::2022-01-18.21:39:17::SCWPlatform::DSA absoulate path D:/FPGA_Projects/Workspace/MicroBlaze_Uart_Gpio_wrapper/hw/MicroBlaze_Uart_Gpio_wrapper.xsa
TRACE::2022-01-18.21:39:17::SCWPlatform::DSA directory D:/FPGA_Projects/Workspace/MicroBlaze_Uart_Gpio_wrapper/hw
TRACE::2022-01-18.21:39:17::SCWPlatform:: Platform Path D:/FPGA_Projects/Workspace/MicroBlaze_Uart_Gpio_wrapper/hw/MicroBlaze_Uart_Gpio_wrapper.xsa
TRACE::2022-01-18.21:39:17::SCWPlatform:: Unique name xilinx:arty-a7-100::0.0
TRACE::2022-01-18.21:39:17::SCWPlatform::Trying to set the existing hwdb with name MicroBlaze_Uart_Gpio_wrapper_0
TRACE::2022-01-18.21:39:17::SCWPlatform::Opened existing hwdb MicroBlaze_Uart_Gpio_wrapper_0
TRACE::2022-01-18.21:39:17::SCWPlatform::Found the Hw Db part of the input DSA
TRACE::2022-01-18.21:39:17::SCWPlatform::Trying to open the hw design at D:/FPGA_Projects/Workspace/MicroBlaze_Uart_Gpio_wrapper/hw/MicroBlaze_Uart_Gpio_wrapper.xsa
TRACE::2022-01-18.21:39:17::SCWPlatform::DSA given D:/FPGA_Projects/Workspace/MicroBlaze_Uart_Gpio_wrapper/hw/MicroBlaze_Uart_Gpio_wrapper.xsa
TRACE::2022-01-18.21:39:17::SCWPlatform::DSA absoulate path D:/FPGA_Projects/Workspace/MicroBlaze_Uart_Gpio_wrapper/hw/MicroBlaze_Uart_Gpio_wrapper.xsa
TRACE::2022-01-18.21:39:17::SCWPlatform::DSA directory D:/FPGA_Projects/Workspace/MicroBlaze_Uart_Gpio_wrapper/hw
TRACE::2022-01-18.21:39:17::SCWPlatform:: Platform Path D:/FPGA_Projects/Workspace/MicroBlaze_Uart_Gpio_wrapper/hw/MicroBlaze_Uart_Gpio_wrapper.xsa
TRACE::2022-01-18.21:39:17::SCWPlatform:: Unique name xilinx:arty-a7-100::0.0
TRACE::2022-01-18.21:39:17::SCWPlatform::Trying to set the existing hwdb with name MicroBlaze_Uart_Gpio_wrapper_0
TRACE::2022-01-18.21:39:17::SCWPlatform::Opened existing hwdb MicroBlaze_Uart_Gpio_wrapper_0
TRACE::2022-01-18.21:39:17::SCWPlatform::Found the Hw Db part of the input DSA
TRACE::2022-01-18.21:39:17::SCWMssOS::Checking the sw design at  D:/FPGA_Projects/Workspace/MicroBlaze_Uart_Gpio_wrapper/microblaze_0/domain_microblaze_0/bsp/system.mss
TRACE::2022-01-18.21:39:17::SCWMssOS::DEBUG:  swdes dump  
TRACE::2022-01-18.21:39:17::SCWMssOS::No sw design opened at  D:/FPGA_Projects/Workspace/MicroBlaze_Uart_Gpio_wrapper/microblaze_0/domain_microblaze_0/bsp/system.mss
TRACE::2022-01-18.21:39:17::SCWMssOS::mss does not exists at D:/FPGA_Projects/Workspace/MicroBlaze_Uart_Gpio_wrapper/microblaze_0/domain_microblaze_0/bsp/system.mss
TRACE::2022-01-18.21:39:17::SCWMssOS::Creating sw design at  D:/FPGA_Projects/Workspace/MicroBlaze_Uart_Gpio_wrapper/microblaze_0/domain_microblaze_0/bsp/system.mss
TRACE::2022-01-18.21:39:17::SCWMssOS::Adding the swdes entry, created swdb D:/FPGA_Projects/Workspace/MicroBlaze_Uart_Gpio_wrapper/microblaze_0/domain_microblaze_0/bsp/system.mss with des name D:/FPGA_Projects/Workspace/MicroBlaze_Uart_Gpio_wrapper/microblaze_0/domain_microblaze_0/bsp/system.mss
TRACE::2022-01-18.21:39:17::SCWMssOS::updating the scw layer changes to swdes at   D:/FPGA_Projects/Workspace/MicroBlaze_Uart_Gpio_wrapper/microblaze_0/domain_microblaze_0/bsp/system.mss
TRACE::2022-01-18.21:39:17::SCWMssOS::Writing mss at D:/FPGA_Projects/Workspace/MicroBlaze_Uart_Gpio_wrapper/microblaze_0/domain_microblaze_0/bsp/system.mss
TRACE::2022-01-18.21:39:17::SCWMssOS::Completed writing the mss file at D:/FPGA_Projects/Workspace/MicroBlaze_Uart_Gpio_wrapper/microblaze_0/domain_microblaze_0/bsp
TRACE::2022-01-18.21:39:17::SCWMssOS::Picking up changes from newly written mss file into SCW Layer. 
TRACE::2022-01-18.21:39:17::SCWMssOS::Updated the changes from newly written mss file into SCW Layer. 
TRACE::2022-01-18.21:39:17::SCWMssOS::Completed writing the mss file at D:/FPGA_Projects/Workspace/MicroBlaze_Uart_Gpio_wrapper/microblaze_0/domain_microblaze_0/bsp
TRACE::2022-01-18.21:39:17::SCWMssOS::Forcing BSP Sources regeneration.
TRACE::2022-01-18.21:39:19::SCWMssOS::Saving the mss changes D:/FPGA_Projects/Workspace/MicroBlaze_Uart_Gpio_wrapper/microblaze_0/domain_microblaze_0/bsp/system.mss
TRACE::2022-01-18.21:39:19::SCWMssOS::Found a swdesign opened with the mssfile.
TRACE::2022-01-18.21:39:19::SCWMssOS::Running validate of swdbs.
KEYINFO::2022-01-18.21:39:19::SCWMssOS::Could not open the swdb for D:/FPGA_Projects/Workspace/MicroBlaze_Uart_Gpio_wrapper/microblaze_0/domain_microblaze_0/bsp/system.mss
KEYINFO::2022-01-18.21:39:19::SCWMssOS::Could not open the sw design at  D:/FPGA_Projects/Workspace/MicroBlaze_Uart_Gpio_wrapper/microblaze_0/domain_microblaze_0/bsp/system.mss
ERROR: [Hsi 55-1558] Software Design D:/FPGA_Projects/Workspace/MicroBlaze_Uart_Gpio_wrapper/microblaze_0/domain_microblaze_0/bsp/system.mss is not found

TRACE::2022-01-18.21:39:19::SCWMssOS::Cleared the swdb table entry
TRACE::2022-01-18.21:39:19::SCWMssOS::Adding the swdes entry, mss present, able to open swdb D:/FPGA_Projects/Workspace/MicroBlaze_Uart_Gpio_wrapper/microblaze_0/domain_microblaze_0/bsp/system.mss with des name system
TRACE::2022-01-18.21:39:19::SCWMssOS::Writing the mss file completed D:/FPGA_Projects/Workspace/MicroBlaze_Uart_Gpio_wrapper/microblaze_0/domain_microblaze_0/bsp/system.mss
TRACE::2022-01-18.21:39:19::SCWMssOS::Commit changes completed.
TRACE::2022-01-18.21:39:19::SCWPlatform::Trying to open the hw design at D:/FPGA_Projects/Workspace/MicroBlaze_Uart_Gpio_wrapper/hw/MicroBlaze_Uart_Gpio_wrapper.xsa
TRACE::2022-01-18.21:39:19::SCWPlatform::DSA given D:/FPGA_Projects/Workspace/MicroBlaze_Uart_Gpio_wrapper/hw/MicroBlaze_Uart_Gpio_wrapper.xsa
TRACE::2022-01-18.21:39:19::SCWPlatform::DSA absoulate path D:/FPGA_Projects/Workspace/MicroBlaze_Uart_Gpio_wrapper/hw/MicroBlaze_Uart_Gpio_wrapper.xsa
TRACE::2022-01-18.21:39:19::SCWPlatform::DSA directory D:/FPGA_Projects/Workspace/MicroBlaze_Uart_Gpio_wrapper/hw
TRACE::2022-01-18.21:39:19::SCWPlatform:: Platform Path D:/FPGA_Projects/Workspace/MicroBlaze_Uart_Gpio_wrapper/hw/MicroBlaze_Uart_Gpio_wrapper.xsa
TRACE::2022-01-18.21:39:19::SCWPlatform:: Unique name xilinx:arty-a7-100::0.0
TRACE::2022-01-18.21:39:19::SCWPlatform::Trying to set the existing hwdb with name MicroBlaze_Uart_Gpio_wrapper_0
TRACE::2022-01-18.21:39:19::SCWPlatform::Opened existing hwdb MicroBlaze_Uart_Gpio_wrapper_0
TRACE::2022-01-18.21:39:19::SCWPlatform::Found the Hw Db part of the input DSA
TRACE::2022-01-18.21:39:19::SCWMssOS::Checking the sw design at  D:/FPGA_Projects/Workspace/MicroBlaze_Uart_Gpio_wrapper/microblaze_0/domain_microblaze_0/bsp/system.mss
TRACE::2022-01-18.21:39:19::SCWMssOS::DEBUG:  swdes dump  D:/FPGA_Projects/Workspace/MicroBlaze_Uart_Gpio_wrapper/microblaze_0/domain_microblaze_0/bsp/system.mss|system||

TRACE::2022-01-18.21:39:19::SCWMssOS::Sw design exists and opened at  D:/FPGA_Projects/Workspace/MicroBlaze_Uart_Gpio_wrapper/microblaze_0/domain_microblaze_0/bsp/system.mss
TRACE::2022-01-18.21:39:19::SCWPlatform::Trying to open the hw design at D:/FPGA_Projects/Workspace/MicroBlaze_Uart_Gpio_wrapper/hw/MicroBlaze_Uart_Gpio_wrapper.xsa
TRACE::2022-01-18.21:39:19::SCWPlatform::DSA given D:/FPGA_Projects/Workspace/MicroBlaze_Uart_Gpio_wrapper/hw/MicroBlaze_Uart_Gpio_wrapper.xsa
TRACE::2022-01-18.21:39:19::SCWPlatform::DSA absoulate path D:/FPGA_Projects/Workspace/MicroBlaze_Uart_Gpio_wrapper/hw/MicroBlaze_Uart_Gpio_wrapper.xsa
TRACE::2022-01-18.21:39:19::SCWPlatform::DSA directory D:/FPGA_Projects/Workspace/MicroBlaze_Uart_Gpio_wrapper/hw
TRACE::2022-01-18.21:39:19::SCWPlatform:: Platform Path D:/FPGA_Projects/Workspace/MicroBlaze_Uart_Gpio_wrapper/hw/MicroBlaze_Uart_Gpio_wrapper.xsa
TRACE::2022-01-18.21:39:19::SCWPlatform:: Unique name xilinx:arty-a7-100::0.0
TRACE::2022-01-18.21:39:19::SCWPlatform::Trying to set the existing hwdb with name MicroBlaze_Uart_Gpio_wrapper_0
TRACE::2022-01-18.21:39:19::SCWPlatform::Opened existing hwdb MicroBlaze_Uart_Gpio_wrapper_0
TRACE::2022-01-18.21:39:19::SCWPlatform::Found the Hw Db part of the input DSA
TRACE::2022-01-18.21:39:19::SCWMssOS::Checking the sw design at  D:/FPGA_Projects/Workspace/MicroBlaze_Uart_Gpio_wrapper/microblaze_0/domain_microblaze_0/bsp/system.mss
TRACE::2022-01-18.21:39:19::SCWMssOS::DEBUG:  swdes dump  D:/FPGA_Projects/Workspace/MicroBlaze_Uart_Gpio_wrapper/microblaze_0/domain_microblaze_0/bsp/system.mss|system||

TRACE::2022-01-18.21:39:19::SCWMssOS::Sw design exists and opened at  D:/FPGA_Projects/Workspace/MicroBlaze_Uart_Gpio_wrapper/microblaze_0/domain_microblaze_0/bsp/system.mss
TRACE::2022-01-18.21:39:19::SCWPlatform::Trying to open the hw design at D:/FPGA_Projects/Workspace/MicroBlaze_Uart_Gpio_wrapper/hw/MicroBlaze_Uart_Gpio_wrapper.xsa
TRACE::2022-01-18.21:39:19::SCWPlatform::DSA given D:/FPGA_Projects/Workspace/MicroBlaze_Uart_Gpio_wrapper/hw/MicroBlaze_Uart_Gpio_wrapper.xsa
TRACE::2022-01-18.21:39:19::SCWPlatform::DSA absoulate path D:/FPGA_Projects/Workspace/MicroBlaze_Uart_Gpio_wrapper/hw/MicroBlaze_Uart_Gpio_wrapper.xsa
TRACE::2022-01-18.21:39:19::SCWPlatform::DSA directory D:/FPGA_Projects/Workspace/MicroBlaze_Uart_Gpio_wrapper/hw
TRACE::2022-01-18.21:39:19::SCWPlatform:: Platform Path D:/FPGA_Projects/Workspace/MicroBlaze_Uart_Gpio_wrapper/hw/MicroBlaze_Uart_Gpio_wrapper.xsa
TRACE::2022-01-18.21:39:19::SCWPlatform:: Unique name xilinx:arty-a7-100::0.0
TRACE::2022-01-18.21:39:19::SCWPlatform::Trying to set the existing hwdb with name MicroBlaze_Uart_Gpio_wrapper_0
TRACE::2022-01-18.21:39:19::SCWPlatform::Opened existing hwdb MicroBlaze_Uart_Gpio_wrapper_0
TRACE::2022-01-18.21:39:19::SCWPlatform::Found the Hw Db part of the input DSA
TRACE::2022-01-18.21:39:19::SCWMssOS::Checking the sw design at  D:/FPGA_Projects/Workspace/MicroBlaze_Uart_Gpio_wrapper/microblaze_0/domain_microblaze_0/bsp/system.mss
TRACE::2022-01-18.21:39:19::SCWMssOS::DEBUG:  swdes dump  D:/FPGA_Projects/Workspace/MicroBlaze_Uart_Gpio_wrapper/microblaze_0/domain_microblaze_0/bsp/system.mss|system||

TRACE::2022-01-18.21:39:19::SCWMssOS::Sw design exists and opened at  D:/FPGA_Projects/Workspace/MicroBlaze_Uart_Gpio_wrapper/microblaze_0/domain_microblaze_0/bsp/system.mss
TRACE::2022-01-18.21:39:19::SCWWriter::formatted JSON is {
	"platformName":	"MicroBlaze_Uart_Gpio_wrapper",
	"sprVersion":	"2.0",
	"mode":	"gui",
	"dsaType":	"Fixed",
	"platformDesc":	"MicroBlaze_Uart_Gpio_wrapper",
	"platHandOff":	"D:/FPGA_Projects/MicroBlaze_Uart_Gpio/MicroBlaze_Uart_Gpio_wrapper.xsa",
	"platIntHandOff":	"<platformDir>/hw/MicroBlaze_Uart_Gpio_wrapper.xsa",
	"deviceType":	"FPGA",
	"platIsPrebuiltAutogen":	"false",
	"platIsNoBootBsp":	"false",
	"hasFsblMakeHasChanges":	"false",
	"hasPmufwMakeHasChanges":	"false",
	"platPreBuiltFlag":	false,
	"platformSamplesDir":	"",
	"platActiveSys":	"MicroBlaze_Uart_Gpio_wrapper",
	"systems":	[{
			"systemName":	"MicroBlaze_Uart_Gpio_wrapper",
			"systemDesc":	"MicroBlaze_Uart_Gpio_wrapper",
			"sysIsBootAutoGen":	"true",
			"systemDispName":	"MicroBlaze_Uart_Gpio_wrapper",
			"sysActiveDom":	"domain_microblaze_0",
			"sysDefaultDom":	"domain_microblaze_0",
			"domains":	[{
					"domainName":	"domain_microblaze_0",
					"domainDispName":	"domain_microblaze_0",
					"domainDesc":	"domain_microblaze_0",
					"processors":	"microblaze_0",
					"os":	"standalone",
					"sdxOs":	"standalone",
					"debugEnable":	"False",
					"domRuntimes":	["cpp"],
					"swRepo":	"",
					"mssOsVer":	"7.2",
					"mssFile":	"",
					"md5Digest":	"091bcd7c79c35e21c2a339dff87bcc3e",
					"compatibleApp":	"empty_application",
					"domType":	"mssDomain",
					"arch":	"32-bit",
					"appSettings":	{
						"appCompilerFlags":	"",
						"appLinkerFlags":	""
					},
					"addedLibs":	[],
					"libOptions":	{
						"libsContainingOptions":	[]
					},
					"prebuiltLibs":	{
						"prebuiltIncPath":	[],
						"prebuiltLibPath":	[]
					},
					"isolation":	{
					}
				}]
		}]
}
LOG::2022-01-18.21:39:19::SCWPlatform::Started generating the artifacts platform MicroBlaze_Uart_Gpio_wrapper
TRACE::2022-01-18.21:39:19::SCWPlatform::Sanity checking of platform is completed
LOG::2022-01-18.21:39:19::SCWPlatform::Started generating the artifacts for system configuration MicroBlaze_Uart_Gpio_wrapper
LOG::2022-01-18.21:39:19::SCWSystem::Checking the domain domain_microblaze_0
LOG::2022-01-18.21:39:19::SCWSystem::Not a boot domain 
LOG::2022-01-18.21:39:19::SCWSystem::Started Processing the domain domain_microblaze_0
TRACE::2022-01-18.21:39:19::SCWDomain::Generating domain artifcats
TRACE::2022-01-18.21:39:19::SCWMssOS::Generating standalone artifcats
TRACE::2022-01-18.21:39:19::SCWMssOS:: Copying the user libraries. 
TRACE::2022-01-18.21:39:19::SCWPlatform::Trying to open the hw design at D:/FPGA_Projects/Workspace/MicroBlaze_Uart_Gpio_wrapper/hw/MicroBlaze_Uart_Gpio_wrapper.xsa
TRACE::2022-01-18.21:39:19::SCWPlatform::DSA given D:/FPGA_Projects/Workspace/MicroBlaze_Uart_Gpio_wrapper/hw/MicroBlaze_Uart_Gpio_wrapper.xsa
TRACE::2022-01-18.21:39:19::SCWPlatform::DSA absoulate path D:/FPGA_Projects/Workspace/MicroBlaze_Uart_Gpio_wrapper/hw/MicroBlaze_Uart_Gpio_wrapper.xsa
TRACE::2022-01-18.21:39:19::SCWPlatform::DSA directory D:/FPGA_Projects/Workspace/MicroBlaze_Uart_Gpio_wrapper/hw
TRACE::2022-01-18.21:39:19::SCWPlatform:: Platform Path D:/FPGA_Projects/Workspace/MicroBlaze_Uart_Gpio_wrapper/hw/MicroBlaze_Uart_Gpio_wrapper.xsa
TRACE::2022-01-18.21:39:19::SCWPlatform:: Unique name xilinx:arty-a7-100::0.0
TRACE::2022-01-18.21:39:19::SCWPlatform::Trying to set the existing hwdb with name MicroBlaze_Uart_Gpio_wrapper_0
TRACE::2022-01-18.21:39:19::SCWPlatform::Opened existing hwdb MicroBlaze_Uart_Gpio_wrapper_0
TRACE::2022-01-18.21:39:19::SCWPlatform::Found the Hw Db part of the input DSA
TRACE::2022-01-18.21:39:19::SCWMssOS::Checking the sw design at  D:/FPGA_Projects/Workspace/MicroBlaze_Uart_Gpio_wrapper/microblaze_0/domain_microblaze_0/bsp/system.mss
TRACE::2022-01-18.21:39:19::SCWMssOS::DEBUG:  swdes dump  D:/FPGA_Projects/Workspace/MicroBlaze_Uart_Gpio_wrapper/microblaze_0/domain_microblaze_0/bsp/system.mss|system||

TRACE::2022-01-18.21:39:19::SCWMssOS::Sw design exists and opened at  D:/FPGA_Projects/Workspace/MicroBlaze_Uart_Gpio_wrapper/microblaze_0/domain_microblaze_0/bsp/system.mss
TRACE::2022-01-18.21:39:19::SCWMssOS::Completed writing the mss file at D:/FPGA_Projects/Workspace/MicroBlaze_Uart_Gpio_wrapper/microblaze_0/domain_microblaze_0/bsp
TRACE::2022-01-18.21:39:19::SCWMssOS::Mss edits present, copying mssfile into export location D:/FPGA_Projects/Workspace/MicroBlaze_Uart_Gpio_wrapper/microblaze_0/domain_microblaze_0/bsp/system.mss
TRACE::2022-01-18.21:39:19::SCWMssOS::bsp generated is upto date with the mss file. Skipping bsp generation.
TRACE::2022-01-18.21:39:19::SCWMssOS::BSP is already built. skipping the bsp build ... 
TRACE::2022-01-18.21:39:19::SCWDomain::Skipping the build for domain :  domain_microblaze_0
TRACE::2022-01-18.21:39:19::SCWMssOS::skipping the bsp build ... 
TRACE::2022-01-18.21:39:19::SCWMssOS::Copying to export directory.
TRACE::2022-01-18.21:39:19::SCWMssOS:: Checking if to create the Supporting Applications
TRACE::2022-01-18.21:39:19::SCWMssOS:: No Linux domain exists, trying to generate FSBL 
LOG::2022-01-18.21:39:19::SCWSystem::Completed Processing the domain domain_microblaze_0
LOG::2022-01-18.21:39:19::SCWSystem::Completed Processing the sysconfig MicroBlaze_Uart_Gpio_wrapper
LOG::2022-01-18.21:39:19::SCWPlatform::Completed generating the artifacts for system configuration MicroBlaze_Uart_Gpio_wrapper
TRACE::2022-01-18.21:39:19::SCWPlatform::Started preparing the platform 
TRACE::2022-01-18.21:39:19::SCWSystem::Writing the bif file for system config MicroBlaze_Uart_Gpio_wrapper
TRACE::2022-01-18.21:39:19::SCWSystem::dir created 
TRACE::2022-01-18.21:39:19::SCWSystem::Writing the bif 
TRACE::2022-01-18.21:39:19::SCWPlatform::Started writing the spfm file 
TRACE::2022-01-18.21:39:19::SCWPlatform::Started writing the xpfm file 
TRACE::2022-01-18.21:39:19::SCWPlatform::Completed generating the platform
TRACE::2022-01-18.21:39:19::SCWMssOS::Saving the mss changes D:/FPGA_Projects/Workspace/MicroBlaze_Uart_Gpio_wrapper/microblaze_0/domain_microblaze_0/bsp/system.mss
TRACE::2022-01-18.21:39:19::SCWMssOS::Found a swdesign opened with the mssfile.
TRACE::2022-01-18.21:39:19::SCWMssOS::Completed writemss as part of save.
TRACE::2022-01-18.21:39:19::SCWMssOS::Commit changes completed.
TRACE::2022-01-18.21:39:19::SCWPlatform::Trying to open the hw design at D:/FPGA_Projects/Workspace/MicroBlaze_Uart_Gpio_wrapper/hw/MicroBlaze_Uart_Gpio_wrapper.xsa
TRACE::2022-01-18.21:39:19::SCWPlatform::DSA given D:/FPGA_Projects/Workspace/MicroBlaze_Uart_Gpio_wrapper/hw/MicroBlaze_Uart_Gpio_wrapper.xsa
TRACE::2022-01-18.21:39:19::SCWPlatform::DSA absoulate path D:/FPGA_Projects/Workspace/MicroBlaze_Uart_Gpio_wrapper/hw/MicroBlaze_Uart_Gpio_wrapper.xsa
TRACE::2022-01-18.21:39:19::SCWPlatform::DSA directory D:/FPGA_Projects/Workspace/MicroBlaze_Uart_Gpio_wrapper/hw
TRACE::2022-01-18.21:39:19::SCWPlatform:: Platform Path D:/FPGA_Projects/Workspace/MicroBlaze_Uart_Gpio_wrapper/hw/MicroBlaze_Uart_Gpio_wrapper.xsa
TRACE::2022-01-18.21:39:19::SCWPlatform:: Unique name xilinx:arty-a7-100::0.0
TRACE::2022-01-18.21:39:19::SCWPlatform::Trying to set the existing hwdb with name MicroBlaze_Uart_Gpio_wrapper_0
TRACE::2022-01-18.21:39:19::SCWPlatform::Opened existing hwdb MicroBlaze_Uart_Gpio_wrapper_0
TRACE::2022-01-18.21:39:19::SCWPlatform::Found the Hw Db part of the input DSA
TRACE::2022-01-18.21:39:19::SCWMssOS::Checking the sw design at  D:/FPGA_Projects/Workspace/MicroBlaze_Uart_Gpio_wrapper/microblaze_0/domain_microblaze_0/bsp/system.mss
TRACE::2022-01-18.21:39:19::SCWMssOS::DEBUG:  swdes dump  D:/FPGA_Projects/Workspace/MicroBlaze_Uart_Gpio_wrapper/microblaze_0/domain_microblaze_0/bsp/system.mss|system||

TRACE::2022-01-18.21:39:19::SCWMssOS::Sw design exists and opened at  D:/FPGA_Projects/Workspace/MicroBlaze_Uart_Gpio_wrapper/microblaze_0/domain_microblaze_0/bsp/system.mss
TRACE::2022-01-18.21:39:19::SCWPlatform::Trying to open the hw design at D:/FPGA_Projects/Workspace/MicroBlaze_Uart_Gpio_wrapper/hw/MicroBlaze_Uart_Gpio_wrapper.xsa
TRACE::2022-01-18.21:39:19::SCWPlatform::DSA given D:/FPGA_Projects/Workspace/MicroBlaze_Uart_Gpio_wrapper/hw/MicroBlaze_Uart_Gpio_wrapper.xsa
TRACE::2022-01-18.21:39:19::SCWPlatform::DSA absoulate path D:/FPGA_Projects/Workspace/MicroBlaze_Uart_Gpio_wrapper/hw/MicroBlaze_Uart_Gpio_wrapper.xsa
TRACE::2022-01-18.21:39:19::SCWPlatform::DSA directory D:/FPGA_Projects/Workspace/MicroBlaze_Uart_Gpio_wrapper/hw
TRACE::2022-01-18.21:39:19::SCWPlatform:: Platform Path D:/FPGA_Projects/Workspace/MicroBlaze_Uart_Gpio_wrapper/hw/MicroBlaze_Uart_Gpio_wrapper.xsa
TRACE::2022-01-18.21:39:19::SCWPlatform:: Unique name xilinx:arty-a7-100::0.0
TRACE::2022-01-18.21:39:19::SCWPlatform::Trying to set the existing hwdb with name MicroBlaze_Uart_Gpio_wrapper_0
TRACE::2022-01-18.21:39:19::SCWPlatform::Opened existing hwdb MicroBlaze_Uart_Gpio_wrapper_0
TRACE::2022-01-18.21:39:19::SCWPlatform::Found the Hw Db part of the input DSA
TRACE::2022-01-18.21:39:19::SCWMssOS::Checking the sw design at  D:/FPGA_Projects/Workspace/MicroBlaze_Uart_Gpio_wrapper/microblaze_0/domain_microblaze_0/bsp/system.mss
TRACE::2022-01-18.21:39:19::SCWMssOS::DEBUG:  swdes dump  D:/FPGA_Projects/Workspace/MicroBlaze_Uart_Gpio_wrapper/microblaze_0/domain_microblaze_0/bsp/system.mss|system||

TRACE::2022-01-18.21:39:19::SCWMssOS::Sw design exists and opened at  D:/FPGA_Projects/Workspace/MicroBlaze_Uart_Gpio_wrapper/microblaze_0/domain_microblaze_0/bsp/system.mss
TRACE::2022-01-18.21:39:19::SCWPlatform::Trying to open the hw design at D:/FPGA_Projects/Workspace/MicroBlaze_Uart_Gpio_wrapper/hw/MicroBlaze_Uart_Gpio_wrapper.xsa
TRACE::2022-01-18.21:39:19::SCWPlatform::DSA given D:/FPGA_Projects/Workspace/MicroBlaze_Uart_Gpio_wrapper/hw/MicroBlaze_Uart_Gpio_wrapper.xsa
TRACE::2022-01-18.21:39:19::SCWPlatform::DSA absoulate path D:/FPGA_Projects/Workspace/MicroBlaze_Uart_Gpio_wrapper/hw/MicroBlaze_Uart_Gpio_wrapper.xsa
TRACE::2022-01-18.21:39:19::SCWPlatform::DSA directory D:/FPGA_Projects/Workspace/MicroBlaze_Uart_Gpio_wrapper/hw
TRACE::2022-01-18.21:39:19::SCWPlatform:: Platform Path D:/FPGA_Projects/Workspace/MicroBlaze_Uart_Gpio_wrapper/hw/MicroBlaze_Uart_Gpio_wrapper.xsa
TRACE::2022-01-18.21:39:19::SCWPlatform:: Unique name xilinx:arty-a7-100::0.0
TRACE::2022-01-18.21:39:19::SCWPlatform::Trying to set the existing hwdb with name MicroBlaze_Uart_Gpio_wrapper_0
TRACE::2022-01-18.21:39:19::SCWPlatform::Opened existing hwdb MicroBlaze_Uart_Gpio_wrapper_0
TRACE::2022-01-18.21:39:19::SCWPlatform::Found the Hw Db part of the input DSA
TRACE::2022-01-18.21:39:19::SCWMssOS::Checking the sw design at  D:/FPGA_Projects/Workspace/MicroBlaze_Uart_Gpio_wrapper/microblaze_0/domain_microblaze_0/bsp/system.mss
TRACE::2022-01-18.21:39:19::SCWMssOS::DEBUG:  swdes dump  D:/FPGA_Projects/Workspace/MicroBlaze_Uart_Gpio_wrapper/microblaze_0/domain_microblaze_0/bsp/system.mss|system||

TRACE::2022-01-18.21:39:19::SCWMssOS::Sw design exists and opened at  D:/FPGA_Projects/Workspace/MicroBlaze_Uart_Gpio_wrapper/microblaze_0/domain_microblaze_0/bsp/system.mss
TRACE::2022-01-18.21:39:19::SCWWriter::formatted JSON is {
	"platformName":	"MicroBlaze_Uart_Gpio_wrapper",
	"sprVersion":	"2.0",
	"mode":	"gui",
	"dsaType":	"Fixed",
	"platformDesc":	"MicroBlaze_Uart_Gpio_wrapper",
	"platHandOff":	"D:/FPGA_Projects/MicroBlaze_Uart_Gpio/MicroBlaze_Uart_Gpio_wrapper.xsa",
	"platIntHandOff":	"<platformDir>/hw/MicroBlaze_Uart_Gpio_wrapper.xsa",
	"deviceType":	"FPGA",
	"platIsPrebuiltAutogen":	"false",
	"platIsNoBootBsp":	"false",
	"hasFsblMakeHasChanges":	"false",
	"hasPmufwMakeHasChanges":	"false",
	"platPreBuiltFlag":	false,
	"platformSamplesDir":	"",
	"platActiveSys":	"MicroBlaze_Uart_Gpio_wrapper",
	"systems":	[{
			"systemName":	"MicroBlaze_Uart_Gpio_wrapper",
			"systemDesc":	"MicroBlaze_Uart_Gpio_wrapper",
			"sysIsBootAutoGen":	"true",
			"systemDispName":	"MicroBlaze_Uart_Gpio_wrapper",
			"sysActiveDom":	"domain_microblaze_0",
			"sysDefaultDom":	"domain_microblaze_0",
			"domains":	[{
					"domainName":	"domain_microblaze_0",
					"domainDispName":	"domain_microblaze_0",
					"domainDesc":	"domain_microblaze_0",
					"processors":	"microblaze_0",
					"os":	"standalone",
					"sdxOs":	"standalone",
					"debugEnable":	"False",
					"domRuntimes":	["cpp"],
					"swRepo":	"",
					"mssOsVer":	"7.2",
					"mssFile":	"",
					"md5Digest":	"091bcd7c79c35e21c2a339dff87bcc3e",
					"compatibleApp":	"empty_application",
					"domType":	"mssDomain",
					"arch":	"32-bit",
					"appSettings":	{
						"appCompilerFlags":	"",
						"appLinkerFlags":	""
					},
					"addedLibs":	[],
					"libOptions":	{
						"libsContainingOptions":	[]
					},
					"prebuiltLibs":	{
						"prebuiltIncPath":	[],
						"prebuiltLibPath":	[]
					},
					"isolation":	{
					}
				}]
		}]
}
KEYINFO::2022-01-18.21:39:19::SCWPlatform::updated the xpfm file.
TRACE::2022-01-18.21:39:19::SCWPlatform::Trying to open the hw design at D:/FPGA_Projects/Workspace/MicroBlaze_Uart_Gpio_wrapper/hw/MicroBlaze_Uart_Gpio_wrapper.xsa
TRACE::2022-01-18.21:39:19::SCWPlatform::DSA given D:/FPGA_Projects/Workspace/MicroBlaze_Uart_Gpio_wrapper/hw/MicroBlaze_Uart_Gpio_wrapper.xsa
TRACE::2022-01-18.21:39:19::SCWPlatform::DSA absoulate path D:/FPGA_Projects/Workspace/MicroBlaze_Uart_Gpio_wrapper/hw/MicroBlaze_Uart_Gpio_wrapper.xsa
TRACE::2022-01-18.21:39:19::SCWPlatform::DSA directory D:/FPGA_Projects/Workspace/MicroBlaze_Uart_Gpio_wrapper/hw
TRACE::2022-01-18.21:39:19::SCWPlatform:: Platform Path D:/FPGA_Projects/Workspace/MicroBlaze_Uart_Gpio_wrapper/hw/MicroBlaze_Uart_Gpio_wrapper.xsa
TRACE::2022-01-18.21:39:19::SCWPlatform:: Unique name xilinx:arty-a7-100::0.0
TRACE::2022-01-18.21:39:19::SCWPlatform::Trying to set the existing hwdb with name MicroBlaze_Uart_Gpio_wrapper_0
TRACE::2022-01-18.21:39:19::SCWPlatform::Opened existing hwdb MicroBlaze_Uart_Gpio_wrapper_0
TRACE::2022-01-18.21:39:19::SCWPlatform::Found the Hw Db part of the input DSA
TRACE::2022-01-18.21:39:19::SCWMssOS::Checking the sw design at  D:/FPGA_Projects/Workspace/MicroBlaze_Uart_Gpio_wrapper/microblaze_0/domain_microblaze_0/bsp/system.mss
TRACE::2022-01-18.21:39:19::SCWMssOS::DEBUG:  swdes dump  D:/FPGA_Projects/Workspace/MicroBlaze_Uart_Gpio_wrapper/microblaze_0/domain_microblaze_0/bsp/system.mss|system||

TRACE::2022-01-18.21:39:19::SCWMssOS::Sw design exists and opened at  D:/FPGA_Projects/Workspace/MicroBlaze_Uart_Gpio_wrapper/microblaze_0/domain_microblaze_0/bsp/system.mss
TRACE::2022-01-18.21:39:19::SCWMssOS::Saving the mss changes D:/FPGA_Projects/Workspace/MicroBlaze_Uart_Gpio_wrapper/microblaze_0/domain_microblaze_0/bsp/system.mss
TRACE::2022-01-18.21:39:19::SCWMssOS::Found a swdesign opened with the mssfile.
TRACE::2022-01-18.21:39:19::SCWMssOS::Completed writemss as part of save.
TRACE::2022-01-18.21:39:19::SCWMssOS::Commit changes completed.
TRACE::2022-01-18.21:39:19::SCWPlatform::Trying to open the hw design at D:/FPGA_Projects/Workspace/MicroBlaze_Uart_Gpio_wrapper/hw/MicroBlaze_Uart_Gpio_wrapper.xsa
TRACE::2022-01-18.21:39:19::SCWPlatform::DSA given D:/FPGA_Projects/Workspace/MicroBlaze_Uart_Gpio_wrapper/hw/MicroBlaze_Uart_Gpio_wrapper.xsa
TRACE::2022-01-18.21:39:19::SCWPlatform::DSA absoulate path D:/FPGA_Projects/Workspace/MicroBlaze_Uart_Gpio_wrapper/hw/MicroBlaze_Uart_Gpio_wrapper.xsa
TRACE::2022-01-18.21:39:19::SCWPlatform::DSA directory D:/FPGA_Projects/Workspace/MicroBlaze_Uart_Gpio_wrapper/hw
TRACE::2022-01-18.21:39:19::SCWPlatform:: Platform Path D:/FPGA_Projects/Workspace/MicroBlaze_Uart_Gpio_wrapper/hw/MicroBlaze_Uart_Gpio_wrapper.xsa
TRACE::2022-01-18.21:39:19::SCWPlatform:: Unique name xilinx:arty-a7-100::0.0
TRACE::2022-01-18.21:39:19::SCWPlatform::Trying to set the existing hwdb with name MicroBlaze_Uart_Gpio_wrapper_0
TRACE::2022-01-18.21:39:19::SCWPlatform::Opened existing hwdb MicroBlaze_Uart_Gpio_wrapper_0
TRACE::2022-01-18.21:39:19::SCWPlatform::Found the Hw Db part of the input DSA
TRACE::2022-01-18.21:39:19::SCWMssOS::Checking the sw design at  D:/FPGA_Projects/Workspace/MicroBlaze_Uart_Gpio_wrapper/microblaze_0/domain_microblaze_0/bsp/system.mss
TRACE::2022-01-18.21:39:19::SCWMssOS::DEBUG:  swdes dump  D:/FPGA_Projects/Workspace/MicroBlaze_Uart_Gpio_wrapper/microblaze_0/domain_microblaze_0/bsp/system.mss|system||

TRACE::2022-01-18.21:39:19::SCWMssOS::Sw design exists and opened at  D:/FPGA_Projects/Workspace/MicroBlaze_Uart_Gpio_wrapper/microblaze_0/domain_microblaze_0/bsp/system.mss
TRACE::2022-01-18.21:39:19::SCWPlatform::Trying to open the hw design at D:/FPGA_Projects/Workspace/MicroBlaze_Uart_Gpio_wrapper/hw/MicroBlaze_Uart_Gpio_wrapper.xsa
TRACE::2022-01-18.21:39:19::SCWPlatform::DSA given D:/FPGA_Projects/Workspace/MicroBlaze_Uart_Gpio_wrapper/hw/MicroBlaze_Uart_Gpio_wrapper.xsa
TRACE::2022-01-18.21:39:19::SCWPlatform::DSA absoulate path D:/FPGA_Projects/Workspace/MicroBlaze_Uart_Gpio_wrapper/hw/MicroBlaze_Uart_Gpio_wrapper.xsa
TRACE::2022-01-18.21:39:19::SCWPlatform::DSA directory D:/FPGA_Projects/Workspace/MicroBlaze_Uart_Gpio_wrapper/hw
TRACE::2022-01-18.21:39:19::SCWPlatform:: Platform Path D:/FPGA_Projects/Workspace/MicroBlaze_Uart_Gpio_wrapper/hw/MicroBlaze_Uart_Gpio_wrapper.xsa
TRACE::2022-01-18.21:39:19::SCWPlatform:: Unique name xilinx:arty-a7-100::0.0
TRACE::2022-01-18.21:39:19::SCWPlatform::Trying to set the existing hwdb with name MicroBlaze_Uart_Gpio_wrapper_0
TRACE::2022-01-18.21:39:19::SCWPlatform::Opened existing hwdb MicroBlaze_Uart_Gpio_wrapper_0
TRACE::2022-01-18.21:39:19::SCWPlatform::Found the Hw Db part of the input DSA
TRACE::2022-01-18.21:39:19::SCWMssOS::Checking the sw design at  D:/FPGA_Projects/Workspace/MicroBlaze_Uart_Gpio_wrapper/microblaze_0/domain_microblaze_0/bsp/system.mss
TRACE::2022-01-18.21:39:19::SCWMssOS::DEBUG:  swdes dump  D:/FPGA_Projects/Workspace/MicroBlaze_Uart_Gpio_wrapper/microblaze_0/domain_microblaze_0/bsp/system.mss|system||

TRACE::2022-01-18.21:39:19::SCWMssOS::Sw design exists and opened at  D:/FPGA_Projects/Workspace/MicroBlaze_Uart_Gpio_wrapper/microblaze_0/domain_microblaze_0/bsp/system.mss
TRACE::2022-01-18.21:39:19::SCWPlatform::Trying to open the hw design at D:/FPGA_Projects/Workspace/MicroBlaze_Uart_Gpio_wrapper/hw/MicroBlaze_Uart_Gpio_wrapper.xsa
TRACE::2022-01-18.21:39:19::SCWPlatform::DSA given D:/FPGA_Projects/Workspace/MicroBlaze_Uart_Gpio_wrapper/hw/MicroBlaze_Uart_Gpio_wrapper.xsa
TRACE::2022-01-18.21:39:19::SCWPlatform::DSA absoulate path D:/FPGA_Projects/Workspace/MicroBlaze_Uart_Gpio_wrapper/hw/MicroBlaze_Uart_Gpio_wrapper.xsa
TRACE::2022-01-18.21:39:19::SCWPlatform::DSA directory D:/FPGA_Projects/Workspace/MicroBlaze_Uart_Gpio_wrapper/hw
TRACE::2022-01-18.21:39:19::SCWPlatform:: Platform Path D:/FPGA_Projects/Workspace/MicroBlaze_Uart_Gpio_wrapper/hw/MicroBlaze_Uart_Gpio_wrapper.xsa
TRACE::2022-01-18.21:39:19::SCWPlatform:: Unique name xilinx:arty-a7-100::0.0
TRACE::2022-01-18.21:39:19::SCWPlatform::Trying to set the existing hwdb with name MicroBlaze_Uart_Gpio_wrapper_0
TRACE::2022-01-18.21:39:19::SCWPlatform::Opened existing hwdb MicroBlaze_Uart_Gpio_wrapper_0
TRACE::2022-01-18.21:39:19::SCWPlatform::Found the Hw Db part of the input DSA
TRACE::2022-01-18.21:39:19::SCWMssOS::Checking the sw design at  D:/FPGA_Projects/Workspace/MicroBlaze_Uart_Gpio_wrapper/microblaze_0/domain_microblaze_0/bsp/system.mss
TRACE::2022-01-18.21:39:19::SCWMssOS::DEBUG:  swdes dump  D:/FPGA_Projects/Workspace/MicroBlaze_Uart_Gpio_wrapper/microblaze_0/domain_microblaze_0/bsp/system.mss|system||

TRACE::2022-01-18.21:39:19::SCWMssOS::Sw design exists and opened at  D:/FPGA_Projects/Workspace/MicroBlaze_Uart_Gpio_wrapper/microblaze_0/domain_microblaze_0/bsp/system.mss
TRACE::2022-01-18.21:39:19::SCWWriter::formatted JSON is {
	"platformName":	"MicroBlaze_Uart_Gpio_wrapper",
	"sprVersion":	"2.0",
	"mode":	"gui",
	"dsaType":	"Fixed",
	"platformDesc":	"MicroBlaze_Uart_Gpio_wrapper",
	"platHandOff":	"D:/FPGA_Projects/MicroBlaze_Uart_Gpio/MicroBlaze_Uart_Gpio_wrapper.xsa",
	"platIntHandOff":	"<platformDir>/hw/MicroBlaze_Uart_Gpio_wrapper.xsa",
	"deviceType":	"FPGA",
	"platIsPrebuiltAutogen":	"false",
	"platIsNoBootBsp":	"false",
	"hasFsblMakeHasChanges":	"false",
	"hasPmufwMakeHasChanges":	"false",
	"platPreBuiltFlag":	false,
	"platformSamplesDir":	"",
	"platActiveSys":	"MicroBlaze_Uart_Gpio_wrapper",
	"systems":	[{
			"systemName":	"MicroBlaze_Uart_Gpio_wrapper",
			"systemDesc":	"MicroBlaze_Uart_Gpio_wrapper",
			"sysIsBootAutoGen":	"true",
			"systemDispName":	"MicroBlaze_Uart_Gpio_wrapper",
			"sysActiveDom":	"domain_microblaze_0",
			"sysDefaultDom":	"domain_microblaze_0",
			"domains":	[{
					"domainName":	"domain_microblaze_0",
					"domainDispName":	"domain_microblaze_0",
					"domainDesc":	"domain_microblaze_0",
					"processors":	"microblaze_0",
					"os":	"standalone",
					"sdxOs":	"standalone",
					"debugEnable":	"False",
					"domRuntimes":	["cpp"],
					"swRepo":	"",
					"mssOsVer":	"7.2",
					"mssFile":	"",
					"md5Digest":	"091bcd7c79c35e21c2a339dff87bcc3e",
					"compatibleApp":	"empty_application",
					"domType":	"mssDomain",
					"arch":	"32-bit",
					"appSettings":	{
						"appCompilerFlags":	"",
						"appLinkerFlags":	""
					},
					"addedLibs":	[],
					"libOptions":	{
						"libsContainingOptions":	[]
					},
					"prebuiltLibs":	{
						"prebuiltIncPath":	[],
						"prebuiltLibPath":	[]
					},
					"isolation":	{
					}
				}]
		}]
}
TRACE::2022-01-18.21:39:19::SCWPlatform::Trying to open the hw design at D:/FPGA_Projects/Workspace/MicroBlaze_Uart_Gpio_wrapper/hw/MicroBlaze_Uart_Gpio_wrapper.xsa
TRACE::2022-01-18.21:39:19::SCWPlatform::DSA given D:/FPGA_Projects/Workspace/MicroBlaze_Uart_Gpio_wrapper/hw/MicroBlaze_Uart_Gpio_wrapper.xsa
TRACE::2022-01-18.21:39:19::SCWPlatform::DSA absoulate path D:/FPGA_Projects/Workspace/MicroBlaze_Uart_Gpio_wrapper/hw/MicroBlaze_Uart_Gpio_wrapper.xsa
TRACE::2022-01-18.21:39:19::SCWPlatform::DSA directory D:/FPGA_Projects/Workspace/MicroBlaze_Uart_Gpio_wrapper/hw
TRACE::2022-01-18.21:39:19::SCWPlatform:: Platform Path D:/FPGA_Projects/Workspace/MicroBlaze_Uart_Gpio_wrapper/hw/MicroBlaze_Uart_Gpio_wrapper.xsa
TRACE::2022-01-18.21:39:19::SCWPlatform:: Unique name xilinx:arty-a7-100::0.0
TRACE::2022-01-18.21:39:19::SCWPlatform::Trying to set the existing hwdb with name MicroBlaze_Uart_Gpio_wrapper_0
TRACE::2022-01-18.21:39:19::SCWPlatform::Opened existing hwdb MicroBlaze_Uart_Gpio_wrapper_0
TRACE::2022-01-18.21:39:19::SCWPlatform::Found the Hw Db part of the input DSA
TRACE::2022-01-18.21:39:19::SCWMssOS::Checking the sw design at  D:/FPGA_Projects/Workspace/MicroBlaze_Uart_Gpio_wrapper/microblaze_0/domain_microblaze_0/bsp/system.mss
TRACE::2022-01-18.21:39:19::SCWMssOS::DEBUG:  swdes dump  D:/FPGA_Projects/Workspace/MicroBlaze_Uart_Gpio_wrapper/microblaze_0/domain_microblaze_0/bsp/system.mss|system||

TRACE::2022-01-18.21:39:19::SCWMssOS::Sw design exists and opened at  D:/FPGA_Projects/Workspace/MicroBlaze_Uart_Gpio_wrapper/microblaze_0/domain_microblaze_0/bsp/system.mss
TRACE::2022-01-18.21:39:19::SCWPlatform::Trying to open the hw design at D:/FPGA_Projects/Workspace/MicroBlaze_Uart_Gpio_wrapper/hw/MicroBlaze_Uart_Gpio_wrapper.xsa
TRACE::2022-01-18.21:39:19::SCWPlatform::DSA given D:/FPGA_Projects/Workspace/MicroBlaze_Uart_Gpio_wrapper/hw/MicroBlaze_Uart_Gpio_wrapper.xsa
TRACE::2022-01-18.21:39:19::SCWPlatform::DSA absoulate path D:/FPGA_Projects/Workspace/MicroBlaze_Uart_Gpio_wrapper/hw/MicroBlaze_Uart_Gpio_wrapper.xsa
TRACE::2022-01-18.21:39:19::SCWPlatform::DSA directory D:/FPGA_Projects/Workspace/MicroBlaze_Uart_Gpio_wrapper/hw
TRACE::2022-01-18.21:39:19::SCWPlatform:: Platform Path D:/FPGA_Projects/Workspace/MicroBlaze_Uart_Gpio_wrapper/hw/MicroBlaze_Uart_Gpio_wrapper.xsa
TRACE::2022-01-18.21:39:19::SCWPlatform:: Unique name xilinx:arty-a7-100::0.0
TRACE::2022-01-18.21:39:19::SCWPlatform::Trying to set the existing hwdb with name MicroBlaze_Uart_Gpio_wrapper_0
TRACE::2022-01-18.21:39:19::SCWPlatform::Opened existing hwdb MicroBlaze_Uart_Gpio_wrapper_0
TRACE::2022-01-18.21:39:19::SCWPlatform::Found the Hw Db part of the input DSA
TRACE::2022-01-18.21:39:19::SCWMssOS::Checking the sw design at  D:/FPGA_Projects/Workspace/MicroBlaze_Uart_Gpio_wrapper/microblaze_0/domain_microblaze_0/bsp/system.mss
TRACE::2022-01-18.21:39:19::SCWMssOS::DEBUG:  swdes dump  D:/FPGA_Projects/Workspace/MicroBlaze_Uart_Gpio_wrapper/microblaze_0/domain_microblaze_0/bsp/system.mss|system||

TRACE::2022-01-18.21:39:19::SCWMssOS::Sw design exists and opened at  D:/FPGA_Projects/Workspace/MicroBlaze_Uart_Gpio_wrapper/microblaze_0/domain_microblaze_0/bsp/system.mss
TRACE::2022-01-18.21:39:19::SCWMssOS::Saving the mss changes D:/FPGA_Projects/Workspace/MicroBlaze_Uart_Gpio_wrapper/microblaze_0/domain_microblaze_0/bsp/system.mss
TRACE::2022-01-18.21:39:19::SCWMssOS::Found a swdesign opened with the mssfile.
TRACE::2022-01-18.21:39:19::SCWMssOS::Completed writemss as part of save.
TRACE::2022-01-18.21:39:19::SCWMssOS::Commit changes completed.
TRACE::2022-01-18.21:39:19::SCWPlatform::Trying to open the hw design at D:/FPGA_Projects/Workspace/MicroBlaze_Uart_Gpio_wrapper/hw/MicroBlaze_Uart_Gpio_wrapper.xsa
TRACE::2022-01-18.21:39:19::SCWPlatform::DSA given D:/FPGA_Projects/Workspace/MicroBlaze_Uart_Gpio_wrapper/hw/MicroBlaze_Uart_Gpio_wrapper.xsa
TRACE::2022-01-18.21:39:19::SCWPlatform::DSA absoulate path D:/FPGA_Projects/Workspace/MicroBlaze_Uart_Gpio_wrapper/hw/MicroBlaze_Uart_Gpio_wrapper.xsa
TRACE::2022-01-18.21:39:19::SCWPlatform::DSA directory D:/FPGA_Projects/Workspace/MicroBlaze_Uart_Gpio_wrapper/hw
TRACE::2022-01-18.21:39:19::SCWPlatform:: Platform Path D:/FPGA_Projects/Workspace/MicroBlaze_Uart_Gpio_wrapper/hw/MicroBlaze_Uart_Gpio_wrapper.xsa
TRACE::2022-01-18.21:39:19::SCWPlatform:: Unique name xilinx:arty-a7-100::0.0
TRACE::2022-01-18.21:39:19::SCWPlatform::Trying to set the existing hwdb with name MicroBlaze_Uart_Gpio_wrapper_0
TRACE::2022-01-18.21:39:19::SCWPlatform::Opened existing hwdb MicroBlaze_Uart_Gpio_wrapper_0
TRACE::2022-01-18.21:39:19::SCWPlatform::Found the Hw Db part of the input DSA
TRACE::2022-01-18.21:39:19::SCWMssOS::Checking the sw design at  D:/FPGA_Projects/Workspace/MicroBlaze_Uart_Gpio_wrapper/microblaze_0/domain_microblaze_0/bsp/system.mss
TRACE::2022-01-18.21:39:19::SCWMssOS::DEBUG:  swdes dump  D:/FPGA_Projects/Workspace/MicroBlaze_Uart_Gpio_wrapper/microblaze_0/domain_microblaze_0/bsp/system.mss|system||

TRACE::2022-01-18.21:39:19::SCWMssOS::Sw design exists and opened at  D:/FPGA_Projects/Workspace/MicroBlaze_Uart_Gpio_wrapper/microblaze_0/domain_microblaze_0/bsp/system.mss
TRACE::2022-01-18.21:39:19::SCWPlatform::Trying to open the hw design at D:/FPGA_Projects/Workspace/MicroBlaze_Uart_Gpio_wrapper/hw/MicroBlaze_Uart_Gpio_wrapper.xsa
TRACE::2022-01-18.21:39:19::SCWPlatform::DSA given D:/FPGA_Projects/Workspace/MicroBlaze_Uart_Gpio_wrapper/hw/MicroBlaze_Uart_Gpio_wrapper.xsa
TRACE::2022-01-18.21:39:19::SCWPlatform::DSA absoulate path D:/FPGA_Projects/Workspace/MicroBlaze_Uart_Gpio_wrapper/hw/MicroBlaze_Uart_Gpio_wrapper.xsa
TRACE::2022-01-18.21:39:19::SCWPlatform::DSA directory D:/FPGA_Projects/Workspace/MicroBlaze_Uart_Gpio_wrapper/hw
TRACE::2022-01-18.21:39:19::SCWPlatform:: Platform Path D:/FPGA_Projects/Workspace/MicroBlaze_Uart_Gpio_wrapper/hw/MicroBlaze_Uart_Gpio_wrapper.xsa
TRACE::2022-01-18.21:39:19::SCWPlatform:: Unique name xilinx:arty-a7-100::0.0
TRACE::2022-01-18.21:39:19::SCWPlatform::Trying to set the existing hwdb with name MicroBlaze_Uart_Gpio_wrapper_0
TRACE::2022-01-18.21:39:19::SCWPlatform::Opened existing hwdb MicroBlaze_Uart_Gpio_wrapper_0
TRACE::2022-01-18.21:39:19::SCWPlatform::Found the Hw Db part of the input DSA
TRACE::2022-01-18.21:39:19::SCWMssOS::Checking the sw design at  D:/FPGA_Projects/Workspace/MicroBlaze_Uart_Gpio_wrapper/microblaze_0/domain_microblaze_0/bsp/system.mss
TRACE::2022-01-18.21:39:19::SCWMssOS::DEBUG:  swdes dump  D:/FPGA_Projects/Workspace/MicroBlaze_Uart_Gpio_wrapper/microblaze_0/domain_microblaze_0/bsp/system.mss|system||

TRACE::2022-01-18.21:39:19::SCWMssOS::Sw design exists and opened at  D:/FPGA_Projects/Workspace/MicroBlaze_Uart_Gpio_wrapper/microblaze_0/domain_microblaze_0/bsp/system.mss
TRACE::2022-01-18.21:39:19::SCWPlatform::Trying to open the hw design at D:/FPGA_Projects/Workspace/MicroBlaze_Uart_Gpio_wrapper/hw/MicroBlaze_Uart_Gpio_wrapper.xsa
TRACE::2022-01-18.21:39:19::SCWPlatform::DSA given D:/FPGA_Projects/Workspace/MicroBlaze_Uart_Gpio_wrapper/hw/MicroBlaze_Uart_Gpio_wrapper.xsa
TRACE::2022-01-18.21:39:19::SCWPlatform::DSA absoulate path D:/FPGA_Projects/Workspace/MicroBlaze_Uart_Gpio_wrapper/hw/MicroBlaze_Uart_Gpio_wrapper.xsa
TRACE::2022-01-18.21:39:19::SCWPlatform::DSA directory D:/FPGA_Projects/Workspace/MicroBlaze_Uart_Gpio_wrapper/hw
TRACE::2022-01-18.21:39:19::SCWPlatform:: Platform Path D:/FPGA_Projects/Workspace/MicroBlaze_Uart_Gpio_wrapper/hw/MicroBlaze_Uart_Gpio_wrapper.xsa
TRACE::2022-01-18.21:39:19::SCWPlatform:: Unique name xilinx:arty-a7-100::0.0
TRACE::2022-01-18.21:39:19::SCWPlatform::Trying to set the existing hwdb with name MicroBlaze_Uart_Gpio_wrapper_0
TRACE::2022-01-18.21:39:19::SCWPlatform::Opened existing hwdb MicroBlaze_Uart_Gpio_wrapper_0
TRACE::2022-01-18.21:39:19::SCWPlatform::Found the Hw Db part of the input DSA
TRACE::2022-01-18.21:39:19::SCWMssOS::Checking the sw design at  D:/FPGA_Projects/Workspace/MicroBlaze_Uart_Gpio_wrapper/microblaze_0/domain_microblaze_0/bsp/system.mss
TRACE::2022-01-18.21:39:19::SCWMssOS::DEBUG:  swdes dump  D:/FPGA_Projects/Workspace/MicroBlaze_Uart_Gpio_wrapper/microblaze_0/domain_microblaze_0/bsp/system.mss|system||

TRACE::2022-01-18.21:39:19::SCWMssOS::Sw design exists and opened at  D:/FPGA_Projects/Workspace/MicroBlaze_Uart_Gpio_wrapper/microblaze_0/domain_microblaze_0/bsp/system.mss
TRACE::2022-01-18.21:39:19::SCWWriter::formatted JSON is {
	"platformName":	"MicroBlaze_Uart_Gpio_wrapper",
	"sprVersion":	"2.0",
	"mode":	"gui",
	"dsaType":	"Fixed",
	"platformDesc":	"MicroBlaze_Uart_Gpio_wrapper",
	"platHandOff":	"D:/FPGA_Projects/MicroBlaze_Uart_Gpio/MicroBlaze_Uart_Gpio_wrapper.xsa",
	"platIntHandOff":	"<platformDir>/hw/MicroBlaze_Uart_Gpio_wrapper.xsa",
	"deviceType":	"FPGA",
	"platIsPrebuiltAutogen":	"false",
	"platIsNoBootBsp":	"false",
	"hasFsblMakeHasChanges":	"false",
	"hasPmufwMakeHasChanges":	"false",
	"platPreBuiltFlag":	false,
	"platformSamplesDir":	"",
	"platActiveSys":	"MicroBlaze_Uart_Gpio_wrapper",
	"systems":	[{
			"systemName":	"MicroBlaze_Uart_Gpio_wrapper",
			"systemDesc":	"MicroBlaze_Uart_Gpio_wrapper",
			"sysIsBootAutoGen":	"true",
			"systemDispName":	"MicroBlaze_Uart_Gpio_wrapper",
			"sysActiveDom":	"domain_microblaze_0",
			"sysDefaultDom":	"domain_microblaze_0",
			"domains":	[{
					"domainName":	"domain_microblaze_0",
					"domainDispName":	"domain_microblaze_0",
					"domainDesc":	"domain_microblaze_0",
					"processors":	"microblaze_0",
					"os":	"standalone",
					"sdxOs":	"standalone",
					"debugEnable":	"False",
					"domRuntimes":	["cpp"],
					"swRepo":	"",
					"mssOsVer":	"7.2",
					"mssFile":	"",
					"md5Digest":	"091bcd7c79c35e21c2a339dff87bcc3e",
					"compatibleApp":	"empty_application",
					"domType":	"mssDomain",
					"arch":	"32-bit",
					"appSettings":	{
						"appCompilerFlags":	"",
						"appLinkerFlags":	""
					},
					"addedLibs":	[],
					"libOptions":	{
						"libsContainingOptions":	[]
					},
					"prebuiltLibs":	{
						"prebuiltIncPath":	[],
						"prebuiltLibPath":	[]
					},
					"isolation":	{
					}
				}]
		}]
}
LOG::2022-01-18.21:39:19::SCWPlatform::Started generating the artifacts platform MicroBlaze_Uart_Gpio_wrapper
TRACE::2022-01-18.21:39:19::SCWPlatform::Sanity checking of platform is completed
LOG::2022-01-18.21:39:19::SCWPlatform::Started generating the artifacts for system configuration MicroBlaze_Uart_Gpio_wrapper
LOG::2022-01-18.21:39:19::SCWSystem::Started Processing the domain domain_microblaze_0
TRACE::2022-01-18.21:39:19::SCWDomain::Generating domain artifcats
TRACE::2022-01-18.21:39:19::SCWMssOS::Generating standalone artifcats
TRACE::2022-01-18.21:39:19::SCWMssOS:: Copying the user libraries. 
TRACE::2022-01-18.21:39:19::SCWPlatform::Trying to open the hw design at D:/FPGA_Projects/Workspace/MicroBlaze_Uart_Gpio_wrapper/hw/MicroBlaze_Uart_Gpio_wrapper.xsa
TRACE::2022-01-18.21:39:19::SCWPlatform::DSA given D:/FPGA_Projects/Workspace/MicroBlaze_Uart_Gpio_wrapper/hw/MicroBlaze_Uart_Gpio_wrapper.xsa
TRACE::2022-01-18.21:39:19::SCWPlatform::DSA absoulate path D:/FPGA_Projects/Workspace/MicroBlaze_Uart_Gpio_wrapper/hw/MicroBlaze_Uart_Gpio_wrapper.xsa
TRACE::2022-01-18.21:39:19::SCWPlatform::DSA directory D:/FPGA_Projects/Workspace/MicroBlaze_Uart_Gpio_wrapper/hw
TRACE::2022-01-18.21:39:19::SCWPlatform:: Platform Path D:/FPGA_Projects/Workspace/MicroBlaze_Uart_Gpio_wrapper/hw/MicroBlaze_Uart_Gpio_wrapper.xsa
TRACE::2022-01-18.21:39:19::SCWPlatform:: Unique name xilinx:arty-a7-100::0.0
TRACE::2022-01-18.21:39:19::SCWPlatform::Trying to set the existing hwdb with name MicroBlaze_Uart_Gpio_wrapper_0
TRACE::2022-01-18.21:39:19::SCWPlatform::Opened existing hwdb MicroBlaze_Uart_Gpio_wrapper_0
TRACE::2022-01-18.21:39:19::SCWPlatform::Found the Hw Db part of the input DSA
TRACE::2022-01-18.21:39:19::SCWMssOS::Checking the sw design at  D:/FPGA_Projects/Workspace/MicroBlaze_Uart_Gpio_wrapper/microblaze_0/domain_microblaze_0/bsp/system.mss
TRACE::2022-01-18.21:39:19::SCWMssOS::DEBUG:  swdes dump  D:/FPGA_Projects/Workspace/MicroBlaze_Uart_Gpio_wrapper/microblaze_0/domain_microblaze_0/bsp/system.mss|system||

TRACE::2022-01-18.21:39:19::SCWMssOS::Sw design exists and opened at  D:/FPGA_Projects/Workspace/MicroBlaze_Uart_Gpio_wrapper/microblaze_0/domain_microblaze_0/bsp/system.mss
TRACE::2022-01-18.21:39:19::SCWMssOS::Completed writing the mss file at D:/FPGA_Projects/Workspace/MicroBlaze_Uart_Gpio_wrapper/microblaze_0/domain_microblaze_0/bsp
TRACE::2022-01-18.21:39:19::SCWMssOS::Mss edits present, copying mssfile into export location D:/FPGA_Projects/Workspace/MicroBlaze_Uart_Gpio_wrapper/microblaze_0/domain_microblaze_0/bsp/system.mss
TRACE::2022-01-18.21:39:19::SCWMssOS::bsp generated is upto date with the mss file. Skipping bsp generation.
TRACE::2022-01-18.21:39:19::SCWMssOS::BSP is already built. skipping the bsp build ... 
TRACE::2022-01-18.21:39:19::SCWDomain::Building the domain as part of full build :  domain_microblaze_0
TRACE::2022-01-18.21:39:19::SCWMssOS::skipping the bsp build ... 
TRACE::2022-01-18.21:39:19::SCWMssOS::Copying to export directory.
TRACE::2022-01-18.21:39:19::SCWMssOS:: Checking if to create the Supporting Applications
TRACE::2022-01-18.21:39:19::SCWMssOS:: No Linux domain exists, trying to generate FSBL 
LOG::2022-01-18.21:39:19::SCWSystem::Completed Processing the domain domain_microblaze_0
LOG::2022-01-18.21:39:19::SCWSystem::Completed Processing the sysconfig MicroBlaze_Uart_Gpio_wrapper
LOG::2022-01-18.21:39:19::SCWPlatform::Completed generating the artifacts for system configuration MicroBlaze_Uart_Gpio_wrapper
TRACE::2022-01-18.21:39:19::SCWPlatform::Started preparing the platform 
TRACE::2022-01-18.21:39:19::SCWSystem::Writing the bif file for system config MicroBlaze_Uart_Gpio_wrapper
TRACE::2022-01-18.21:39:19::SCWSystem::dir created 
TRACE::2022-01-18.21:39:19::SCWSystem::Writing the bif 
TRACE::2022-01-18.21:39:19::SCWPlatform::Started writing the spfm file 
TRACE::2022-01-18.21:39:19::SCWPlatform::Started writing the xpfm file 
TRACE::2022-01-18.21:39:19::SCWPlatform::Completed generating the platform
TRACE::2022-01-18.21:39:19::SCWMssOS::Saving the mss changes D:/FPGA_Projects/Workspace/MicroBlaze_Uart_Gpio_wrapper/microblaze_0/domain_microblaze_0/bsp/system.mss
TRACE::2022-01-18.21:39:19::SCWMssOS::Found a swdesign opened with the mssfile.
TRACE::2022-01-18.21:39:19::SCWMssOS::Completed writemss as part of save.
TRACE::2022-01-18.21:39:19::SCWMssOS::Commit changes completed.
TRACE::2022-01-18.21:39:19::SCWPlatform::Trying to open the hw design at D:/FPGA_Projects/Workspace/MicroBlaze_Uart_Gpio_wrapper/hw/MicroBlaze_Uart_Gpio_wrapper.xsa
TRACE::2022-01-18.21:39:19::SCWPlatform::DSA given D:/FPGA_Projects/Workspace/MicroBlaze_Uart_Gpio_wrapper/hw/MicroBlaze_Uart_Gpio_wrapper.xsa
TRACE::2022-01-18.21:39:19::SCWPlatform::DSA absoulate path D:/FPGA_Projects/Workspace/MicroBlaze_Uart_Gpio_wrapper/hw/MicroBlaze_Uart_Gpio_wrapper.xsa
TRACE::2022-01-18.21:39:19::SCWPlatform::DSA directory D:/FPGA_Projects/Workspace/MicroBlaze_Uart_Gpio_wrapper/hw
TRACE::2022-01-18.21:39:19::SCWPlatform:: Platform Path D:/FPGA_Projects/Workspace/MicroBlaze_Uart_Gpio_wrapper/hw/MicroBlaze_Uart_Gpio_wrapper.xsa
TRACE::2022-01-18.21:39:19::SCWPlatform:: Unique name xilinx:arty-a7-100::0.0
TRACE::2022-01-18.21:39:19::SCWPlatform::Trying to set the existing hwdb with name MicroBlaze_Uart_Gpio_wrapper_0
TRACE::2022-01-18.21:39:19::SCWPlatform::Opened existing hwdb MicroBlaze_Uart_Gpio_wrapper_0
TRACE::2022-01-18.21:39:19::SCWPlatform::Found the Hw Db part of the input DSA
TRACE::2022-01-18.21:39:19::SCWMssOS::Checking the sw design at  D:/FPGA_Projects/Workspace/MicroBlaze_Uart_Gpio_wrapper/microblaze_0/domain_microblaze_0/bsp/system.mss
TRACE::2022-01-18.21:39:19::SCWMssOS::DEBUG:  swdes dump  D:/FPGA_Projects/Workspace/MicroBlaze_Uart_Gpio_wrapper/microblaze_0/domain_microblaze_0/bsp/system.mss|system||

TRACE::2022-01-18.21:39:19::SCWMssOS::Sw design exists and opened at  D:/FPGA_Projects/Workspace/MicroBlaze_Uart_Gpio_wrapper/microblaze_0/domain_microblaze_0/bsp/system.mss
TRACE::2022-01-18.21:39:19::SCWPlatform::Trying to open the hw design at D:/FPGA_Projects/Workspace/MicroBlaze_Uart_Gpio_wrapper/hw/MicroBlaze_Uart_Gpio_wrapper.xsa
TRACE::2022-01-18.21:39:19::SCWPlatform::DSA given D:/FPGA_Projects/Workspace/MicroBlaze_Uart_Gpio_wrapper/hw/MicroBlaze_Uart_Gpio_wrapper.xsa
TRACE::2022-01-18.21:39:19::SCWPlatform::DSA absoulate path D:/FPGA_Projects/Workspace/MicroBlaze_Uart_Gpio_wrapper/hw/MicroBlaze_Uart_Gpio_wrapper.xsa
TRACE::2022-01-18.21:39:19::SCWPlatform::DSA directory D:/FPGA_Projects/Workspace/MicroBlaze_Uart_Gpio_wrapper/hw
TRACE::2022-01-18.21:39:19::SCWPlatform:: Platform Path D:/FPGA_Projects/Workspace/MicroBlaze_Uart_Gpio_wrapper/hw/MicroBlaze_Uart_Gpio_wrapper.xsa
TRACE::2022-01-18.21:39:19::SCWPlatform:: Unique name xilinx:arty-a7-100::0.0
TRACE::2022-01-18.21:39:19::SCWPlatform::Trying to set the existing hwdb with name MicroBlaze_Uart_Gpio_wrapper_0
TRACE::2022-01-18.21:39:19::SCWPlatform::Opened existing hwdb MicroBlaze_Uart_Gpio_wrapper_0
TRACE::2022-01-18.21:39:19::SCWPlatform::Found the Hw Db part of the input DSA
TRACE::2022-01-18.21:39:19::SCWMssOS::Checking the sw design at  D:/FPGA_Projects/Workspace/MicroBlaze_Uart_Gpio_wrapper/microblaze_0/domain_microblaze_0/bsp/system.mss
TRACE::2022-01-18.21:39:19::SCWMssOS::DEBUG:  swdes dump  D:/FPGA_Projects/Workspace/MicroBlaze_Uart_Gpio_wrapper/microblaze_0/domain_microblaze_0/bsp/system.mss|system||

TRACE::2022-01-18.21:39:19::SCWMssOS::Sw design exists and opened at  D:/FPGA_Projects/Workspace/MicroBlaze_Uart_Gpio_wrapper/microblaze_0/domain_microblaze_0/bsp/system.mss
TRACE::2022-01-18.21:39:19::SCWPlatform::Trying to open the hw design at D:/FPGA_Projects/Workspace/MicroBlaze_Uart_Gpio_wrapper/hw/MicroBlaze_Uart_Gpio_wrapper.xsa
TRACE::2022-01-18.21:39:19::SCWPlatform::DSA given D:/FPGA_Projects/Workspace/MicroBlaze_Uart_Gpio_wrapper/hw/MicroBlaze_Uart_Gpio_wrapper.xsa
TRACE::2022-01-18.21:39:19::SCWPlatform::DSA absoulate path D:/FPGA_Projects/Workspace/MicroBlaze_Uart_Gpio_wrapper/hw/MicroBlaze_Uart_Gpio_wrapper.xsa
TRACE::2022-01-18.21:39:19::SCWPlatform::DSA directory D:/FPGA_Projects/Workspace/MicroBlaze_Uart_Gpio_wrapper/hw
TRACE::2022-01-18.21:39:19::SCWPlatform:: Platform Path D:/FPGA_Projects/Workspace/MicroBlaze_Uart_Gpio_wrapper/hw/MicroBlaze_Uart_Gpio_wrapper.xsa
TRACE::2022-01-18.21:39:19::SCWPlatform:: Unique name xilinx:arty-a7-100::0.0
TRACE::2022-01-18.21:39:19::SCWPlatform::Trying to set the existing hwdb with name MicroBlaze_Uart_Gpio_wrapper_0
TRACE::2022-01-18.21:39:19::SCWPlatform::Opened existing hwdb MicroBlaze_Uart_Gpio_wrapper_0
TRACE::2022-01-18.21:39:19::SCWPlatform::Found the Hw Db part of the input DSA
TRACE::2022-01-18.21:39:19::SCWMssOS::Checking the sw design at  D:/FPGA_Projects/Workspace/MicroBlaze_Uart_Gpio_wrapper/microblaze_0/domain_microblaze_0/bsp/system.mss
TRACE::2022-01-18.21:39:19::SCWMssOS::DEBUG:  swdes dump  D:/FPGA_Projects/Workspace/MicroBlaze_Uart_Gpio_wrapper/microblaze_0/domain_microblaze_0/bsp/system.mss|system||

TRACE::2022-01-18.21:39:19::SCWMssOS::Sw design exists and opened at  D:/FPGA_Projects/Workspace/MicroBlaze_Uart_Gpio_wrapper/microblaze_0/domain_microblaze_0/bsp/system.mss
TRACE::2022-01-18.21:39:19::SCWWriter::formatted JSON is {
	"platformName":	"MicroBlaze_Uart_Gpio_wrapper",
	"sprVersion":	"2.0",
	"mode":	"gui",
	"dsaType":	"Fixed",
	"platformDesc":	"MicroBlaze_Uart_Gpio_wrapper",
	"platHandOff":	"D:/FPGA_Projects/MicroBlaze_Uart_Gpio/MicroBlaze_Uart_Gpio_wrapper.xsa",
	"platIntHandOff":	"<platformDir>/hw/MicroBlaze_Uart_Gpio_wrapper.xsa",
	"deviceType":	"FPGA",
	"platIsPrebuiltAutogen":	"false",
	"platIsNoBootBsp":	"false",
	"hasFsblMakeHasChanges":	"false",
	"hasPmufwMakeHasChanges":	"false",
	"platPreBuiltFlag":	false,
	"platformSamplesDir":	"",
	"platActiveSys":	"MicroBlaze_Uart_Gpio_wrapper",
	"systems":	[{
			"systemName":	"MicroBlaze_Uart_Gpio_wrapper",
			"systemDesc":	"MicroBlaze_Uart_Gpio_wrapper",
			"sysIsBootAutoGen":	"true",
			"systemDispName":	"MicroBlaze_Uart_Gpio_wrapper",
			"sysActiveDom":	"domain_microblaze_0",
			"sysDefaultDom":	"domain_microblaze_0",
			"domains":	[{
					"domainName":	"domain_microblaze_0",
					"domainDispName":	"domain_microblaze_0",
					"domainDesc":	"domain_microblaze_0",
					"processors":	"microblaze_0",
					"os":	"standalone",
					"sdxOs":	"standalone",
					"debugEnable":	"False",
					"domRuntimes":	["cpp"],
					"swRepo":	"",
					"mssOsVer":	"7.2",
					"mssFile":	"",
					"md5Digest":	"091bcd7c79c35e21c2a339dff87bcc3e",
					"compatibleApp":	"empty_application",
					"domType":	"mssDomain",
					"arch":	"32-bit",
					"appSettings":	{
						"appCompilerFlags":	"",
						"appLinkerFlags":	""
					},
					"addedLibs":	[],
					"libOptions":	{
						"libsContainingOptions":	[]
					},
					"prebuiltLibs":	{
						"prebuiltIncPath":	[],
						"prebuiltLibPath":	[]
					},
					"isolation":	{
					}
				}]
		}]
}
KEYINFO::2022-01-18.21:39:19::SCWPlatform::updated the xpfm file.
LOG::2022-01-18.21:48:05::SCWPlatform::Started generating the artifacts platform MicroBlaze_Uart_Gpio_wrapper
TRACE::2022-01-18.21:48:05::SCWPlatform::Sanity checking of platform is completed
LOG::2022-01-18.21:48:05::SCWPlatform::Started generating the artifacts for system configuration MicroBlaze_Uart_Gpio_wrapper
LOG::2022-01-18.21:48:05::SCWSystem::Checking the domain domain_microblaze_0
LOG::2022-01-18.21:48:05::SCWSystem::Not a boot domain 
LOG::2022-01-18.21:48:05::SCWSystem::Started Processing the domain domain_microblaze_0
TRACE::2022-01-18.21:48:05::SCWDomain::Generating domain artifcats
TRACE::2022-01-18.21:48:05::SCWMssOS::Generating standalone artifcats
TRACE::2022-01-18.21:48:05::SCWMssOS:: Copying the user libraries. 
TRACE::2022-01-18.21:48:05::SCWPlatform::Trying to open the hw design at D:/FPGA_Projects/Workspace/MicroBlaze_Uart_Gpio_wrapper/hw/MicroBlaze_Uart_Gpio_wrapper.xsa
TRACE::2022-01-18.21:48:05::SCWPlatform::DSA given D:/FPGA_Projects/Workspace/MicroBlaze_Uart_Gpio_wrapper/hw/MicroBlaze_Uart_Gpio_wrapper.xsa
TRACE::2022-01-18.21:48:05::SCWPlatform::DSA absoulate path D:/FPGA_Projects/Workspace/MicroBlaze_Uart_Gpio_wrapper/hw/MicroBlaze_Uart_Gpio_wrapper.xsa
TRACE::2022-01-18.21:48:05::SCWPlatform::DSA directory D:/FPGA_Projects/Workspace/MicroBlaze_Uart_Gpio_wrapper/hw
TRACE::2022-01-18.21:48:05::SCWPlatform:: Platform Path D:/FPGA_Projects/Workspace/MicroBlaze_Uart_Gpio_wrapper/hw/MicroBlaze_Uart_Gpio_wrapper.xsa
TRACE::2022-01-18.21:48:05::SCWPlatform:: Unique name xilinx:arty-a7-100::0.0
TRACE::2022-01-18.21:48:05::SCWPlatform::Trying to set the existing hwdb with name MicroBlaze_Uart_Gpio_wrapper_0
TRACE::2022-01-18.21:48:05::SCWPlatform::Opened existing hwdb MicroBlaze_Uart_Gpio_wrapper_0
TRACE::2022-01-18.21:48:05::SCWPlatform::Found the Hw Db part of the input DSA
TRACE::2022-01-18.21:48:05::SCWMssOS::Checking the sw design at  D:/FPGA_Projects/Workspace/MicroBlaze_Uart_Gpio_wrapper/microblaze_0/domain_microblaze_0/bsp/system.mss
TRACE::2022-01-18.21:48:05::SCWMssOS::DEBUG:  swdes dump  D:/FPGA_Projects/Workspace/MicroBlaze_Uart_Gpio_wrapper/microblaze_0/domain_microblaze_0/bsp/system.mss|system||

TRACE::2022-01-18.21:48:05::SCWMssOS::Sw design exists and opened at  D:/FPGA_Projects/Workspace/MicroBlaze_Uart_Gpio_wrapper/microblaze_0/domain_microblaze_0/bsp/system.mss
TRACE::2022-01-18.21:48:05::SCWMssOS::Completed writing the mss file at D:/FPGA_Projects/Workspace/MicroBlaze_Uart_Gpio_wrapper/microblaze_0/domain_microblaze_0/bsp
TRACE::2022-01-18.21:48:05::SCWMssOS::Mss edits present, copying mssfile into export location D:/FPGA_Projects/Workspace/MicroBlaze_Uart_Gpio_wrapper/microblaze_0/domain_microblaze_0/bsp/system.mss
TRACE::2022-01-18.21:48:05::SCWMssOS::bsp generated is upto date with the mss file. Skipping bsp generation.
TRACE::2022-01-18.21:48:05::SCWMssOS::BSP is already built. skipping the bsp build ... 
TRACE::2022-01-18.21:48:05::SCWDomain::Building the domain as part of full build :  domain_microblaze_0
TRACE::2022-01-18.21:48:05::SCWMssOS::doing bsp build ... 
TRACE::2022-01-18.21:48:05::SCWMssOS::System Command Ran  D: & cd  D:/FPGA_Projects/Workspace/MicroBlaze_Uart_Gpio_wrapper/microblaze_0/domain_microblaze_0/bsp & make 
TRACE::2022-01-18.21:48:05::SCWMssOS::"Running Make include in microblaze_0/libsrc/bram_v4_4/src"

TRACE::2022-01-18.21:48:05::SCWMssOS::make -C microblaze_0/libsrc/bram_v4_4/src -s include  "SHELL=CMD" "COMPILER=mb-gcc" "ASSEMBLER=mb-as" "ARCHIVER=mb-ar" "COMPILE
TRACE::2022-01-18.21:48:05::SCWMssOS::R_FLAGS=  -O2 -c -mcpu=v11.0 -mlittle-endian -mxl-soft-mul" "EXTRA_COMPILER_FLAGS=-g -ffunction-sections -fdata-sections -Wall 
TRACE::2022-01-18.21:48:05::SCWMssOS::-Wextra"

TRACE::2022-01-18.21:48:05::SCWMssOS::"Running Make include in microblaze_0/libsrc/cpu_v2_11/src"

TRACE::2022-01-18.21:48:05::SCWMssOS::make -C microblaze_0/libsrc/cpu_v2_11/src -s include  "SHELL=CMD" "COMPILER=mb-gcc" "ASSEMBLER=mb-as" "ARCHIVER=mb-ar" "COMPILE
TRACE::2022-01-18.21:48:05::SCWMssOS::R_FLAGS=  -O2 -c -mcpu=v11.0 -mlittle-endian -mxl-soft-mul" "EXTRA_COMPILER_FLAGS=-g -ffunction-sections -fdata-sections -Wall 
TRACE::2022-01-18.21:48:05::SCWMssOS::-Wextra"

TRACE::2022-01-18.21:48:05::SCWMssOS::"Running Make include in microblaze_0/libsrc/gpio_v4_6/src"

TRACE::2022-01-18.21:48:05::SCWMssOS::make -C microblaze_0/libsrc/gpio_v4_6/src -s include  "SHELL=CMD" "COMPILER=mb-gcc" "ASSEMBLER=mb-as" "ARCHIVER=mb-ar" "COMPILE
TRACE::2022-01-18.21:48:05::SCWMssOS::R_FLAGS=  -O2 -c -mcpu=v11.0 -mlittle-endian -mxl-soft-mul" "EXTRA_COMPILER_FLAGS=-g -ffunction-sections -fdata-sections -Wall 
TRACE::2022-01-18.21:48:05::SCWMssOS::-Wextra"

TRACE::2022-01-18.21:48:06::SCWMssOS::"Running Make include in microblaze_0/libsrc/intc_v3_11/src"

TRACE::2022-01-18.21:48:06::SCWMssOS::make -C microblaze_0/libsrc/intc_v3_11/src -s include  "SHELL=CMD" "COMPILER=mb-gcc" "ASSEMBLER=mb-as" "ARCHIVER=mb-ar" "COMPIL
TRACE::2022-01-18.21:48:06::SCWMssOS::ER_FLAGS=  -O2 -c -mcpu=v11.0 -mlittle-endian -mxl-soft-mul" "EXTRA_COMPILER_FLAGS=-g -ffunction-sections -fdata-sections -Wall
TRACE::2022-01-18.21:48:06::SCWMssOS:: -Wextra"

TRACE::2022-01-18.21:48:06::SCWMssOS::"Running Make include in microblaze_0/libsrc/standalone_v7_2/src"

TRACE::2022-01-18.21:48:06::SCWMssOS::make -C microblaze_0/libsrc/standalone_v7_2/src -s include  "SHELL=CMD" "COMPILER=mb-gcc" "ASSEMBLER=mb-as" "ARCHIVER=mb-ar" "C
TRACE::2022-01-18.21:48:06::SCWMssOS::OMPILER_FLAGS=  -O2 -c -mcpu=v11.0 -mlittle-endian -mxl-soft-mul" "EXTRA_COMPILER_FLAGS=-g -ffunction-sections -fdata-sections 
TRACE::2022-01-18.21:48:06::SCWMssOS::-Wall -Wextra"

TRACE::2022-01-18.21:48:06::SCWMssOS::"Running Make include in microblaze_0/libsrc/uartlite_v3_4/src"

TRACE::2022-01-18.21:48:06::SCWMssOS::make -C microblaze_0/libsrc/uartlite_v3_4/src -s include  "SHELL=CMD" "COMPILER=mb-gcc" "ASSEMBLER=mb-as" "ARCHIVER=mb-ar" "COM
TRACE::2022-01-18.21:48:06::SCWMssOS::PILER_FLAGS=  -O2 -c -mcpu=v11.0 -mlittle-endian -mxl-soft-mul" "EXTRA_COMPILER_FLAGS=-g -ffunction-sections -fdata-sections -W
TRACE::2022-01-18.21:48:06::SCWMssOS::all -Wextra"

TRACE::2022-01-18.21:48:06::SCWMssOS::"Running Make libs in microblaze_0/libsrc/bram_v4_4/src"

TRACE::2022-01-18.21:48:06::SCWMssOS::make -C microblaze_0/libsrc/bram_v4_4/src -s libs  "SHELL=CMD" "COMPILER=mb-gcc" "ASSEMBLER=mb-as" "ARCHIVER=mb-ar" "COMPILER_F
TRACE::2022-01-18.21:48:06::SCWMssOS::LAGS=  -O2 -c -mcpu=v11.0 -mlittle-endian -mxl-soft-mul" "EXTRA_COMPILER_FLAGS=-g -ffunction-sections -fdata-sections -Wall -We
TRACE::2022-01-18.21:48:06::SCWMssOS::xtra"

TRACE::2022-01-18.21:48:06::SCWMssOS::"Compiling bram"

TRACE::2022-01-18.21:48:07::SCWMssOS::"Running Make libs in microblaze_0/libsrc/cpu_v2_11/src"

TRACE::2022-01-18.21:48:07::SCWMssOS::make -C microblaze_0/libsrc/cpu_v2_11/src -s libs  "SHELL=CMD" "COMPILER=mb-gcc" "ASSEMBLER=mb-as" "ARCHIVER=mb-ar" "COMPILER_F
TRACE::2022-01-18.21:48:07::SCWMssOS::LAGS=  -O2 -c -mcpu=v11.0 -mlittle-endian -mxl-soft-mul" "EXTRA_COMPILER_FLAGS=-g -ffunction-sections -fdata-sections -Wall -We
TRACE::2022-01-18.21:48:07::SCWMssOS::xtra"

TRACE::2022-01-18.21:48:08::SCWMssOS::"Compiling cpu"

TRACE::2022-01-18.21:48:08::SCWMssOS::"Running Make libs in microblaze_0/libsrc/gpio_v4_6/src"

TRACE::2022-01-18.21:48:08::SCWMssOS::make -C microblaze_0/libsrc/gpio_v4_6/src -s libs  "SHELL=CMD" "COMPILER=mb-gcc" "ASSEMBLER=mb-as" "ARCHIVER=mb-ar" "COMPILER_F
TRACE::2022-01-18.21:48:08::SCWMssOS::LAGS=  -O2 -c -mcpu=v11.0 -mlittle-endian -mxl-soft-mul" "EXTRA_COMPILER_FLAGS=-g -ffunction-sections -fdata-sections -Wall -We
TRACE::2022-01-18.21:48:08::SCWMssOS::xtra"

TRACE::2022-01-18.21:48:08::SCWMssOS::"Compiling gpio"

TRACE::2022-01-18.21:48:09::SCWMssOS::"Running Make libs in microblaze_0/libsrc/intc_v3_11/src"

TRACE::2022-01-18.21:48:09::SCWMssOS::make -C microblaze_0/libsrc/intc_v3_11/src -s libs  "SHELL=CMD" "COMPILER=mb-gcc" "ASSEMBLER=mb-as" "ARCHIVER=mb-ar" "COMPILER_
TRACE::2022-01-18.21:48:09::SCWMssOS::FLAGS=  -O2 -c -mcpu=v11.0 -mlittle-endian -mxl-soft-mul" "EXTRA_COMPILER_FLAGS=-g -ffunction-sections -fdata-sections -Wall -W
TRACE::2022-01-18.21:48:09::SCWMssOS::extra"

TRACE::2022-01-18.21:48:09::SCWMssOS::"Compiling intc"

TRACE::2022-01-18.21:48:10::SCWMssOS::"Running Make libs in microblaze_0/libsrc/standalone_v7_2/src"

TRACE::2022-01-18.21:48:10::SCWMssOS::make -C microblaze_0/libsrc/standalone_v7_2/src -s libs  "SHELL=CMD" "COMPILER=mb-gcc" "ASSEMBLER=mb-as" "ARCHIVER=mb-ar" "COMP
TRACE::2022-01-18.21:48:10::SCWMssOS::ILER_FLAGS=  -O2 -c -mcpu=v11.0 -mlittle-endian -mxl-soft-mul" "EXTRA_COMPILER_FLAGS=-g -ffunction-sections -fdata-sections -Wa
TRACE::2022-01-18.21:48:10::SCWMssOS::ll -Wextra"

TRACE::2022-01-18.21:48:10::SCWMssOS::"Compiling standalone";

TRACE::2022-01-18.21:48:13::SCWMssOS::"Running Make libs in microblaze_0/libsrc/uartlite_v3_4/src"

TRACE::2022-01-18.21:48:13::SCWMssOS::make -C microblaze_0/libsrc/uartlite_v3_4/src -s libs  "SHELL=CMD" "COMPILER=mb-gcc" "ASSEMBLER=mb-as" "ARCHIVER=mb-ar" "COMPIL
TRACE::2022-01-18.21:48:13::SCWMssOS::ER_FLAGS=  -O2 -c -mcpu=v11.0 -mlittle-endian -mxl-soft-mul" "EXTRA_COMPILER_FLAGS=-g -ffunction-sections -fdata-sections -Wall
TRACE::2022-01-18.21:48:13::SCWMssOS:: -Wextra"

TRACE::2022-01-18.21:48:13::SCWMssOS::"Compiling uartlite"

TRACE::2022-01-18.21:48:14::SCWMssOS::'Finished building libraries'

TRACE::2022-01-18.21:48:15::SCWMssOS::Copying to export directory.
TRACE::2022-01-18.21:48:15::SCWMssOS:: Checking if to create the Supporting Applications
TRACE::2022-01-18.21:48:15::SCWMssOS:: No Linux domain exists, trying to generate FSBL 
LOG::2022-01-18.21:48:15::SCWSystem::Completed Processing the domain domain_microblaze_0
LOG::2022-01-18.21:48:15::SCWSystem::Completed Processing the sysconfig MicroBlaze_Uart_Gpio_wrapper
LOG::2022-01-18.21:48:15::SCWPlatform::Completed generating the artifacts for system configuration MicroBlaze_Uart_Gpio_wrapper
TRACE::2022-01-18.21:48:15::SCWPlatform::Started preparing the platform 
TRACE::2022-01-18.21:48:15::SCWSystem::Writing the bif file for system config MicroBlaze_Uart_Gpio_wrapper
TRACE::2022-01-18.21:48:15::SCWSystem::dir created 
TRACE::2022-01-18.21:48:15::SCWSystem::Writing the bif 
TRACE::2022-01-18.21:48:15::SCWPlatform::Started writing the spfm file 
TRACE::2022-01-18.21:48:15::SCWPlatform::Started writing the xpfm file 
TRACE::2022-01-18.21:48:15::SCWPlatform::Completed generating the platform
TRACE::2022-01-18.21:48:15::SCWMssOS::Saving the mss changes D:/FPGA_Projects/Workspace/MicroBlaze_Uart_Gpio_wrapper/microblaze_0/domain_microblaze_0/bsp/system.mss
TRACE::2022-01-18.21:48:15::SCWMssOS::Found a swdesign opened with the mssfile.
TRACE::2022-01-18.21:48:15::SCWMssOS::Completed writemss as part of save.
TRACE::2022-01-18.21:48:15::SCWMssOS::Commit changes completed.
TRACE::2022-01-18.21:48:15::SCWPlatform::Trying to open the hw design at D:/FPGA_Projects/Workspace/MicroBlaze_Uart_Gpio_wrapper/hw/MicroBlaze_Uart_Gpio_wrapper.xsa
TRACE::2022-01-18.21:48:15::SCWPlatform::DSA given D:/FPGA_Projects/Workspace/MicroBlaze_Uart_Gpio_wrapper/hw/MicroBlaze_Uart_Gpio_wrapper.xsa
TRACE::2022-01-18.21:48:15::SCWPlatform::DSA absoulate path D:/FPGA_Projects/Workspace/MicroBlaze_Uart_Gpio_wrapper/hw/MicroBlaze_Uart_Gpio_wrapper.xsa
TRACE::2022-01-18.21:48:15::SCWPlatform::DSA directory D:/FPGA_Projects/Workspace/MicroBlaze_Uart_Gpio_wrapper/hw
TRACE::2022-01-18.21:48:15::SCWPlatform:: Platform Path D:/FPGA_Projects/Workspace/MicroBlaze_Uart_Gpio_wrapper/hw/MicroBlaze_Uart_Gpio_wrapper.xsa
TRACE::2022-01-18.21:48:15::SCWPlatform:: Unique name xilinx:arty-a7-100::0.0
TRACE::2022-01-18.21:48:15::SCWPlatform::Trying to set the existing hwdb with name MicroBlaze_Uart_Gpio_wrapper_0
TRACE::2022-01-18.21:48:15::SCWPlatform::Opened existing hwdb MicroBlaze_Uart_Gpio_wrapper_0
TRACE::2022-01-18.21:48:15::SCWPlatform::Found the Hw Db part of the input DSA
TRACE::2022-01-18.21:48:15::SCWMssOS::Checking the sw design at  D:/FPGA_Projects/Workspace/MicroBlaze_Uart_Gpio_wrapper/microblaze_0/domain_microblaze_0/bsp/system.mss
TRACE::2022-01-18.21:48:15::SCWMssOS::DEBUG:  swdes dump  D:/FPGA_Projects/Workspace/MicroBlaze_Uart_Gpio_wrapper/microblaze_0/domain_microblaze_0/bsp/system.mss|system||

TRACE::2022-01-18.21:48:15::SCWMssOS::Sw design exists and opened at  D:/FPGA_Projects/Workspace/MicroBlaze_Uart_Gpio_wrapper/microblaze_0/domain_microblaze_0/bsp/system.mss
TRACE::2022-01-18.21:48:15::SCWPlatform::Trying to open the hw design at D:/FPGA_Projects/Workspace/MicroBlaze_Uart_Gpio_wrapper/hw/MicroBlaze_Uart_Gpio_wrapper.xsa
TRACE::2022-01-18.21:48:15::SCWPlatform::DSA given D:/FPGA_Projects/Workspace/MicroBlaze_Uart_Gpio_wrapper/hw/MicroBlaze_Uart_Gpio_wrapper.xsa
TRACE::2022-01-18.21:48:15::SCWPlatform::DSA absoulate path D:/FPGA_Projects/Workspace/MicroBlaze_Uart_Gpio_wrapper/hw/MicroBlaze_Uart_Gpio_wrapper.xsa
TRACE::2022-01-18.21:48:15::SCWPlatform::DSA directory D:/FPGA_Projects/Workspace/MicroBlaze_Uart_Gpio_wrapper/hw
TRACE::2022-01-18.21:48:15::SCWPlatform:: Platform Path D:/FPGA_Projects/Workspace/MicroBlaze_Uart_Gpio_wrapper/hw/MicroBlaze_Uart_Gpio_wrapper.xsa
TRACE::2022-01-18.21:48:15::SCWPlatform:: Unique name xilinx:arty-a7-100::0.0
TRACE::2022-01-18.21:48:15::SCWPlatform::Trying to set the existing hwdb with name MicroBlaze_Uart_Gpio_wrapper_0
TRACE::2022-01-18.21:48:15::SCWPlatform::Opened existing hwdb MicroBlaze_Uart_Gpio_wrapper_0
TRACE::2022-01-18.21:48:15::SCWPlatform::Found the Hw Db part of the input DSA
TRACE::2022-01-18.21:48:15::SCWMssOS::Checking the sw design at  D:/FPGA_Projects/Workspace/MicroBlaze_Uart_Gpio_wrapper/microblaze_0/domain_microblaze_0/bsp/system.mss
TRACE::2022-01-18.21:48:15::SCWMssOS::DEBUG:  swdes dump  D:/FPGA_Projects/Workspace/MicroBlaze_Uart_Gpio_wrapper/microblaze_0/domain_microblaze_0/bsp/system.mss|system||

TRACE::2022-01-18.21:48:15::SCWMssOS::Sw design exists and opened at  D:/FPGA_Projects/Workspace/MicroBlaze_Uart_Gpio_wrapper/microblaze_0/domain_microblaze_0/bsp/system.mss
TRACE::2022-01-18.21:48:15::SCWPlatform::Trying to open the hw design at D:/FPGA_Projects/Workspace/MicroBlaze_Uart_Gpio_wrapper/hw/MicroBlaze_Uart_Gpio_wrapper.xsa
TRACE::2022-01-18.21:48:15::SCWPlatform::DSA given D:/FPGA_Projects/Workspace/MicroBlaze_Uart_Gpio_wrapper/hw/MicroBlaze_Uart_Gpio_wrapper.xsa
TRACE::2022-01-18.21:48:15::SCWPlatform::DSA absoulate path D:/FPGA_Projects/Workspace/MicroBlaze_Uart_Gpio_wrapper/hw/MicroBlaze_Uart_Gpio_wrapper.xsa
TRACE::2022-01-18.21:48:15::SCWPlatform::DSA directory D:/FPGA_Projects/Workspace/MicroBlaze_Uart_Gpio_wrapper/hw
TRACE::2022-01-18.21:48:15::SCWPlatform:: Platform Path D:/FPGA_Projects/Workspace/MicroBlaze_Uart_Gpio_wrapper/hw/MicroBlaze_Uart_Gpio_wrapper.xsa
TRACE::2022-01-18.21:48:15::SCWPlatform:: Unique name xilinx:arty-a7-100::0.0
TRACE::2022-01-18.21:48:15::SCWPlatform::Trying to set the existing hwdb with name MicroBlaze_Uart_Gpio_wrapper_0
TRACE::2022-01-18.21:48:15::SCWPlatform::Opened existing hwdb MicroBlaze_Uart_Gpio_wrapper_0
TRACE::2022-01-18.21:48:15::SCWPlatform::Found the Hw Db part of the input DSA
TRACE::2022-01-18.21:48:15::SCWMssOS::Checking the sw design at  D:/FPGA_Projects/Workspace/MicroBlaze_Uart_Gpio_wrapper/microblaze_0/domain_microblaze_0/bsp/system.mss
TRACE::2022-01-18.21:48:15::SCWMssOS::DEBUG:  swdes dump  D:/FPGA_Projects/Workspace/MicroBlaze_Uart_Gpio_wrapper/microblaze_0/domain_microblaze_0/bsp/system.mss|system||

TRACE::2022-01-18.21:48:15::SCWMssOS::Sw design exists and opened at  D:/FPGA_Projects/Workspace/MicroBlaze_Uart_Gpio_wrapper/microblaze_0/domain_microblaze_0/bsp/system.mss
TRACE::2022-01-18.21:48:15::SCWWriter::formatted JSON is {
	"platformName":	"MicroBlaze_Uart_Gpio_wrapper",
	"sprVersion":	"2.0",
	"mode":	"gui",
	"dsaType":	"Fixed",
	"platformDesc":	"MicroBlaze_Uart_Gpio_wrapper",
	"platHandOff":	"D:/FPGA_Projects/MicroBlaze_Uart_Gpio/MicroBlaze_Uart_Gpio_wrapper.xsa",
	"platIntHandOff":	"<platformDir>/hw/MicroBlaze_Uart_Gpio_wrapper.xsa",
	"deviceType":	"FPGA",
	"platIsPrebuiltAutogen":	"false",
	"platIsNoBootBsp":	"false",
	"hasFsblMakeHasChanges":	"false",
	"hasPmufwMakeHasChanges":	"false",
	"platPreBuiltFlag":	false,
	"platformSamplesDir":	"",
	"platActiveSys":	"MicroBlaze_Uart_Gpio_wrapper",
	"systems":	[{
			"systemName":	"MicroBlaze_Uart_Gpio_wrapper",
			"systemDesc":	"MicroBlaze_Uart_Gpio_wrapper",
			"sysIsBootAutoGen":	"true",
			"systemDispName":	"MicroBlaze_Uart_Gpio_wrapper",
			"sysActiveDom":	"domain_microblaze_0",
			"sysDefaultDom":	"domain_microblaze_0",
			"domains":	[{
					"domainName":	"domain_microblaze_0",
					"domainDispName":	"domain_microblaze_0",
					"domainDesc":	"domain_microblaze_0",
					"processors":	"microblaze_0",
					"os":	"standalone",
					"sdxOs":	"standalone",
					"debugEnable":	"False",
					"domRuntimes":	["cpp"],
					"swRepo":	"",
					"mssOsVer":	"7.2",
					"mssFile":	"",
					"md5Digest":	"091bcd7c79c35e21c2a339dff87bcc3e",
					"compatibleApp":	"empty_application",
					"domType":	"mssDomain",
					"arch":	"32-bit",
					"appSettings":	{
						"appCompilerFlags":	"",
						"appLinkerFlags":	""
					},
					"addedLibs":	[],
					"libOptions":	{
						"libsContainingOptions":	[]
					},
					"prebuiltLibs":	{
						"prebuiltIncPath":	[],
						"prebuiltLibPath":	[]
					},
					"isolation":	{
					}
				}]
		}]
}
KEYINFO::2022-01-18.21:48:15::SCWPlatform::updated the xpfm file.
TRACE::2022-01-18.21:48:15::SCWPlatform::Trying to open the hw design at D:/FPGA_Projects/Workspace/MicroBlaze_Uart_Gpio_wrapper/hw/MicroBlaze_Uart_Gpio_wrapper.xsa
TRACE::2022-01-18.21:48:15::SCWPlatform::DSA given D:/FPGA_Projects/Workspace/MicroBlaze_Uart_Gpio_wrapper/hw/MicroBlaze_Uart_Gpio_wrapper.xsa
TRACE::2022-01-18.21:48:15::SCWPlatform::DSA absoulate path D:/FPGA_Projects/Workspace/MicroBlaze_Uart_Gpio_wrapper/hw/MicroBlaze_Uart_Gpio_wrapper.xsa
TRACE::2022-01-18.21:48:15::SCWPlatform::DSA directory D:/FPGA_Projects/Workspace/MicroBlaze_Uart_Gpio_wrapper/hw
TRACE::2022-01-18.21:48:15::SCWPlatform:: Platform Path D:/FPGA_Projects/Workspace/MicroBlaze_Uart_Gpio_wrapper/hw/MicroBlaze_Uart_Gpio_wrapper.xsa
TRACE::2022-01-18.21:48:15::SCWPlatform:: Unique name xilinx:arty-a7-100::0.0
TRACE::2022-01-18.21:48:15::SCWPlatform::Trying to set the existing hwdb with name MicroBlaze_Uart_Gpio_wrapper_0
TRACE::2022-01-18.21:48:15::SCWPlatform::Opened existing hwdb MicroBlaze_Uart_Gpio_wrapper_0
TRACE::2022-01-18.21:48:15::SCWPlatform::Found the Hw Db part of the input DSA
TRACE::2022-01-18.21:48:15::SCWMssOS::Checking the sw design at  D:/FPGA_Projects/Workspace/MicroBlaze_Uart_Gpio_wrapper/microblaze_0/domain_microblaze_0/bsp/system.mss
TRACE::2022-01-18.21:48:15::SCWMssOS::DEBUG:  swdes dump  D:/FPGA_Projects/Workspace/MicroBlaze_Uart_Gpio_wrapper/microblaze_0/domain_microblaze_0/bsp/system.mss|system||

TRACE::2022-01-18.21:48:15::SCWMssOS::Sw design exists and opened at  D:/FPGA_Projects/Workspace/MicroBlaze_Uart_Gpio_wrapper/microblaze_0/domain_microblaze_0/bsp/system.mss
