TRACE::2022-01-17.14:43:03::SCWPlatform::Trying to open the hw design at D:/FPGA_Projects/Workspace/arty_uart_calculator_wrapper/hw/arty_uart_calculator_wrapper.xsa
TRACE::2022-01-17.14:43:03::SCWPlatform::DSA given D:/FPGA_Projects/Workspace/arty_uart_calculator_wrapper/hw/arty_uart_calculator_wrapper.xsa
TRACE::2022-01-17.14:43:03::SCWPlatform::DSA absoulate path D:/FPGA_Projects/Workspace/arty_uart_calculator_wrapper/hw/arty_uart_calculator_wrapper.xsa
TRACE::2022-01-17.14:43:03::SCWPlatform::DSA directory D:/FPGA_Projects/Workspace/arty_uart_calculator_wrapper/hw
TRACE::2022-01-17.14:43:03::SCWPlatform:: Platform Path D:/FPGA_Projects/Workspace/arty_uart_calculator_wrapper/hw/arty_uart_calculator_wrapper.xsa
TRACE::2022-01-17.14:43:03::SCWPlatform:: Unique name xilinx:arty-a7-100::0.0
TRACE::2022-01-17.14:43:03::SCWPlatform::Do not have an existing db opened. 
TRACE::2022-01-17.14:43:03::SCWPlatform::Opened new HwDB with name arty_uart_calculator_wrapper_6
TRACE::2022-01-17.14:43:03::SCWWriter::formatted JSON is {
	"platformName":	"arty_uart_calculator_wrapper",
	"sprVersion":	"2.0",
	"mode":	"gui",
	"dsaType":	"Fixed",
	"platformDesc":	"arty_uart_calculator_wrapper",
	"platHandOff":	"D:/FPGA_Projects/arty_uart_calculator/arty_uart_calculator_wrapper.xsa",
	"platIntHandOff":	"<platformDir>/hw/arty_uart_calculator_wrapper.xsa",
	"deviceType":	"FPGA",
	"platIsPrebuiltAutogen":	"false",
	"platIsNoBootBsp":	"false",
	"hasFsblMakeHasChanges":	"false",
	"hasPmufwMakeHasChanges":	"false",
	"platPreBuiltFlag":	false,
	"platformSamplesDir":	""
}
TRACE::2022-01-17.14:43:03::SCWWriter::formatted JSON is {
	"platformName":	"arty_uart_calculator_wrapper",
	"sprVersion":	"2.0",
	"mode":	"gui",
	"dsaType":	"Fixed",
	"platformDesc":	"arty_uart_calculator_wrapper",
	"platHandOff":	"D:/FPGA_Projects/arty_uart_calculator/arty_uart_calculator_wrapper.xsa",
	"platIntHandOff":	"<platformDir>/hw/arty_uart_calculator_wrapper.xsa",
	"deviceType":	"FPGA",
	"platIsPrebuiltAutogen":	"false",
	"platIsNoBootBsp":	"false",
	"hasFsblMakeHasChanges":	"false",
	"hasPmufwMakeHasChanges":	"false",
	"platPreBuiltFlag":	false,
	"platformSamplesDir":	"",
	"platActiveSys":	"arty_uart_calculator_wrapper",
	"systems":	[{
			"systemName":	"arty_uart_calculator_wrapper",
			"systemDesc":	"arty_uart_calculator_wrapper",
			"sysIsBootAutoGen":	"true",
			"systemDispName":	"arty_uart_calculator_wrapper"
		}]
}
TRACE::2022-01-17.14:43:03::SCWPlatform::Boot application domains not present, creating them
TRACE::2022-01-17.14:43:03::SCWPlatform::Pure FPGA device, no boot application will be created.
TRACE::2022-01-17.14:43:03::SCWWriter::formatted JSON is {
	"platformName":	"arty_uart_calculator_wrapper",
	"sprVersion":	"2.0",
	"mode":	"gui",
	"dsaType":	"Fixed",
	"platformDesc":	"arty_uart_calculator_wrapper",
	"platHandOff":	"D:/FPGA_Projects/arty_uart_calculator/arty_uart_calculator_wrapper.xsa",
	"platIntHandOff":	"<platformDir>/hw/arty_uart_calculator_wrapper.xsa",
	"deviceType":	"FPGA",
	"platIsPrebuiltAutogen":	"false",
	"platIsNoBootBsp":	"false",
	"hasFsblMakeHasChanges":	"false",
	"hasPmufwMakeHasChanges":	"false",
	"platPreBuiltFlag":	false,
	"platformSamplesDir":	"",
	"platActiveSys":	"arty_uart_calculator_wrapper",
	"systems":	[{
			"systemName":	"arty_uart_calculator_wrapper",
			"systemDesc":	"arty_uart_calculator_wrapper",
			"sysIsBootAutoGen":	"true",
			"systemDispName":	"arty_uart_calculator_wrapper"
		}]
}
TRACE::2022-01-17.14:43:03::SCWWriter::formatted JSON is {
	"platformName":	"arty_uart_calculator_wrapper",
	"sprVersion":	"2.0",
	"mode":	"gui",
	"dsaType":	"Fixed",
	"platformDesc":	"arty_uart_calculator_wrapper",
	"platHandOff":	"D:/FPGA_Projects/arty_uart_calculator/arty_uart_calculator_wrapper.xsa",
	"platIntHandOff":	"<platformDir>/hw/arty_uart_calculator_wrapper.xsa",
	"deviceType":	"FPGA",
	"platIsPrebuiltAutogen":	"false",
	"platIsNoBootBsp":	"false",
	"hasFsblMakeHasChanges":	"false",
	"hasPmufwMakeHasChanges":	"false",
	"platPreBuiltFlag":	false,
	"platformSamplesDir":	"",
	"platActiveSys":	"arty_uart_calculator_wrapper",
	"systems":	[{
			"systemName":	"arty_uart_calculator_wrapper",
			"systemDesc":	"arty_uart_calculator_wrapper",
			"sysIsBootAutoGen":	"true",
			"systemDispName":	"arty_uart_calculator_wrapper"
		}]
}
TRACE::2022-01-17.14:43:03::SCWPlatform::Trying to open the hw design at D:/FPGA_Projects/Workspace/arty_uart_calculator_wrapper/hw/arty_uart_calculator_wrapper.xsa
TRACE::2022-01-17.14:43:03::SCWPlatform::DSA given D:/FPGA_Projects/Workspace/arty_uart_calculator_wrapper/hw/arty_uart_calculator_wrapper.xsa
TRACE::2022-01-17.14:43:03::SCWPlatform::DSA absoulate path D:/FPGA_Projects/Workspace/arty_uart_calculator_wrapper/hw/arty_uart_calculator_wrapper.xsa
TRACE::2022-01-17.14:43:03::SCWPlatform::DSA directory D:/FPGA_Projects/Workspace/arty_uart_calculator_wrapper/hw
TRACE::2022-01-17.14:43:03::SCWPlatform:: Platform Path D:/FPGA_Projects/Workspace/arty_uart_calculator_wrapper/hw/arty_uart_calculator_wrapper.xsa
TRACE::2022-01-17.14:43:03::SCWPlatform:: Unique name xilinx:arty-a7-100::0.0
TRACE::2022-01-17.14:43:03::SCWPlatform::Trying to set the existing hwdb with name arty_uart_calculator_wrapper_6
TRACE::2022-01-17.14:43:03::SCWPlatform::Opened existing hwdb arty_uart_calculator_wrapper_6
TRACE::2022-01-17.14:43:03::SCWPlatform::Found the Hw Db part of the input DSA
TRACE::2022-01-17.14:43:03::SCWDomain::checking for install qemu data   : 
TRACE::2022-01-17.14:43:03::SCWPlatform::Trying to open the hw design at D:/FPGA_Projects/Workspace/arty_uart_calculator_wrapper/hw/arty_uart_calculator_wrapper.xsa
TRACE::2022-01-17.14:43:03::SCWPlatform::DSA given D:/FPGA_Projects/Workspace/arty_uart_calculator_wrapper/hw/arty_uart_calculator_wrapper.xsa
TRACE::2022-01-17.14:43:03::SCWPlatform::DSA absoulate path D:/FPGA_Projects/Workspace/arty_uart_calculator_wrapper/hw/arty_uart_calculator_wrapper.xsa
TRACE::2022-01-17.14:43:03::SCWPlatform::DSA directory D:/FPGA_Projects/Workspace/arty_uart_calculator_wrapper/hw
TRACE::2022-01-17.14:43:03::SCWPlatform:: Platform Path D:/FPGA_Projects/Workspace/arty_uart_calculator_wrapper/hw/arty_uart_calculator_wrapper.xsa
TRACE::2022-01-17.14:43:03::SCWPlatform:: Unique name xilinx:arty-a7-100::0.0
TRACE::2022-01-17.14:43:03::SCWPlatform::Trying to set the existing hwdb with name arty_uart_calculator_wrapper_6
TRACE::2022-01-17.14:43:03::SCWPlatform::Opened existing hwdb arty_uart_calculator_wrapper_6
TRACE::2022-01-17.14:43:03::SCWPlatform::Found the Hw Db part of the input DSA
TRACE::2022-01-17.14:43:03::SCWPlatform::Trying to open the hw design at D:/FPGA_Projects/Workspace/arty_uart_calculator_wrapper/hw/arty_uart_calculator_wrapper.xsa
TRACE::2022-01-17.14:43:03::SCWPlatform::DSA given D:/FPGA_Projects/Workspace/arty_uart_calculator_wrapper/hw/arty_uart_calculator_wrapper.xsa
TRACE::2022-01-17.14:43:03::SCWPlatform::DSA absoulate path D:/FPGA_Projects/Workspace/arty_uart_calculator_wrapper/hw/arty_uart_calculator_wrapper.xsa
TRACE::2022-01-17.14:43:03::SCWPlatform::DSA directory D:/FPGA_Projects/Workspace/arty_uart_calculator_wrapper/hw
TRACE::2022-01-17.14:43:03::SCWPlatform:: Platform Path D:/FPGA_Projects/Workspace/arty_uart_calculator_wrapper/hw/arty_uart_calculator_wrapper.xsa
TRACE::2022-01-17.14:43:03::SCWPlatform:: Unique name xilinx:arty-a7-100::0.0
TRACE::2022-01-17.14:43:03::SCWPlatform::Trying to set the existing hwdb with name arty_uart_calculator_wrapper_6
TRACE::2022-01-17.14:43:03::SCWPlatform::Opened existing hwdb arty_uart_calculator_wrapper_6
TRACE::2022-01-17.14:43:03::SCWPlatform::Found the Hw Db part of the input DSA
TRACE::2022-01-17.14:43:03::SCWPlatform::Trying to open the hw design at D:/FPGA_Projects/Workspace/arty_uart_calculator_wrapper/hw/arty_uart_calculator_wrapper.xsa
TRACE::2022-01-17.14:43:03::SCWPlatform::DSA given D:/FPGA_Projects/Workspace/arty_uart_calculator_wrapper/hw/arty_uart_calculator_wrapper.xsa
TRACE::2022-01-17.14:43:03::SCWPlatform::DSA absoulate path D:/FPGA_Projects/Workspace/arty_uart_calculator_wrapper/hw/arty_uart_calculator_wrapper.xsa
TRACE::2022-01-17.14:43:03::SCWPlatform::DSA directory D:/FPGA_Projects/Workspace/arty_uart_calculator_wrapper/hw
TRACE::2022-01-17.14:43:03::SCWPlatform:: Platform Path D:/FPGA_Projects/Workspace/arty_uart_calculator_wrapper/hw/arty_uart_calculator_wrapper.xsa
TRACE::2022-01-17.14:43:03::SCWPlatform:: Unique name xilinx:arty-a7-100::0.0
TRACE::2022-01-17.14:43:03::SCWPlatform::Trying to set the existing hwdb with name arty_uart_calculator_wrapper_6
TRACE::2022-01-17.14:43:03::SCWPlatform::Opened existing hwdb arty_uart_calculator_wrapper_6
TRACE::2022-01-17.14:43:03::SCWPlatform::Found the Hw Db part of the input DSA
TRACE::2022-01-17.14:43:03::SCWMssOS::Checking the sw design at  D:/FPGA_Projects/Workspace/arty_uart_calculator_wrapper/microblaze_0/domain_microblaze_0/bsp/system.mss
TRACE::2022-01-17.14:43:03::SCWMssOS::DEBUG:  swdes dump  
TRACE::2022-01-17.14:43:03::SCWMssOS::No sw design opened at  D:/FPGA_Projects/Workspace/arty_uart_calculator_wrapper/microblaze_0/domain_microblaze_0/bsp/system.mss
TRACE::2022-01-17.14:43:03::SCWMssOS::mss does not exists at D:/FPGA_Projects/Workspace/arty_uart_calculator_wrapper/microblaze_0/domain_microblaze_0/bsp/system.mss
TRACE::2022-01-17.14:43:03::SCWMssOS::Creating sw design at  D:/FPGA_Projects/Workspace/arty_uart_calculator_wrapper/microblaze_0/domain_microblaze_0/bsp/system.mss
TRACE::2022-01-17.14:43:03::SCWMssOS::Adding the swdes entry, created swdb D:/FPGA_Projects/Workspace/arty_uart_calculator_wrapper/microblaze_0/domain_microblaze_0/bsp/system.mss with des name D:/FPGA_Projects/Workspace/arty_uart_calculator_wrapper/microblaze_0/domain_microblaze_0/bsp/system.mss
TRACE::2022-01-17.14:43:03::SCWMssOS::updating the scw layer changes to swdes at   D:/FPGA_Projects/Workspace/arty_uart_calculator_wrapper/microblaze_0/domain_microblaze_0/bsp/system.mss
TRACE::2022-01-17.14:43:03::SCWMssOS::Writing mss at D:/FPGA_Projects/Workspace/arty_uart_calculator_wrapper/microblaze_0/domain_microblaze_0/bsp/system.mss
TRACE::2022-01-17.14:43:03::SCWMssOS::Completed writing the mss file at D:/FPGA_Projects/Workspace/arty_uart_calculator_wrapper/microblaze_0/domain_microblaze_0/bsp
TRACE::2022-01-17.14:43:03::SCWMssOS::Picking up changes from newly written mss file into SCW Layer. 
TRACE::2022-01-17.14:43:03::SCWMssOS::Updated the changes from newly written mss file into SCW Layer. 
TRACE::2022-01-17.14:43:03::SCWMssOS::Completed writing the mss file at D:/FPGA_Projects/Workspace/arty_uart_calculator_wrapper/microblaze_0/domain_microblaze_0/bsp
TRACE::2022-01-17.14:43:03::SCWMssOS::Forcing BSP Sources regeneration.
TRACE::2022-01-17.14:43:04::SCWMssOS::Saving the mss changes D:/FPGA_Projects/Workspace/arty_uart_calculator_wrapper/microblaze_0/domain_microblaze_0/bsp/system.mss
TRACE::2022-01-17.14:43:04::SCWMssOS::Found a swdesign opened with the mssfile.
TRACE::2022-01-17.14:43:04::SCWMssOS::Running validate of swdbs.
KEYINFO::2022-01-17.14:43:04::SCWMssOS::Could not open the swdb for D:/FPGA_Projects/Workspace/arty_uart_calculator_wrapper/microblaze_0/domain_microblaze_0/bsp/system.mss
KEYINFO::2022-01-17.14:43:04::SCWMssOS::Could not open the sw design at  D:/FPGA_Projects/Workspace/arty_uart_calculator_wrapper/microblaze_0/domain_microblaze_0/bsp/system.mss
ERROR: [Hsi 55-1558] Software Design D:/FPGA_Projects/Workspace/arty_uart_calculator_wrapper/microblaze_0/domain_microblaze_0/bsp/system.mss is not found

TRACE::2022-01-17.14:43:04::SCWMssOS::Cleared the swdb table entry
TRACE::2022-01-17.14:43:04::SCWMssOS::Adding the swdes entry, mss present, able to open swdb D:/FPGA_Projects/Workspace/arty_uart_calculator_wrapper/microblaze_0/domain_microblaze_0/bsp/system.mss with des name system
TRACE::2022-01-17.14:43:04::SCWMssOS::Writing the mss file completed D:/FPGA_Projects/Workspace/arty_uart_calculator_wrapper/microblaze_0/domain_microblaze_0/bsp/system.mss
TRACE::2022-01-17.14:43:04::SCWMssOS::Commit changes completed.
TRACE::2022-01-17.14:43:04::SCWPlatform::Trying to open the hw design at D:/FPGA_Projects/Workspace/arty_uart_calculator_wrapper/hw/arty_uart_calculator_wrapper.xsa
TRACE::2022-01-17.14:43:04::SCWPlatform::DSA given D:/FPGA_Projects/Workspace/arty_uart_calculator_wrapper/hw/arty_uart_calculator_wrapper.xsa
TRACE::2022-01-17.14:43:04::SCWPlatform::DSA absoulate path D:/FPGA_Projects/Workspace/arty_uart_calculator_wrapper/hw/arty_uart_calculator_wrapper.xsa
TRACE::2022-01-17.14:43:04::SCWPlatform::DSA directory D:/FPGA_Projects/Workspace/arty_uart_calculator_wrapper/hw
TRACE::2022-01-17.14:43:04::SCWPlatform:: Platform Path D:/FPGA_Projects/Workspace/arty_uart_calculator_wrapper/hw/arty_uart_calculator_wrapper.xsa
TRACE::2022-01-17.14:43:04::SCWPlatform:: Unique name xilinx:arty-a7-100::0.0
TRACE::2022-01-17.14:43:04::SCWPlatform::Trying to set the existing hwdb with name arty_uart_calculator_wrapper_6
TRACE::2022-01-17.14:43:04::SCWPlatform::Opened existing hwdb arty_uart_calculator_wrapper_6
TRACE::2022-01-17.14:43:04::SCWPlatform::Found the Hw Db part of the input DSA
TRACE::2022-01-17.14:43:04::SCWMssOS::Checking the sw design at  D:/FPGA_Projects/Workspace/arty_uart_calculator_wrapper/microblaze_0/domain_microblaze_0/bsp/system.mss
TRACE::2022-01-17.14:43:04::SCWMssOS::DEBUG:  swdes dump  D:/FPGA_Projects/Workspace/arty_uart_calculator_wrapper/microblaze_0/domain_microblaze_0/bsp/system.mss|system||

TRACE::2022-01-17.14:43:04::SCWMssOS::Sw design exists and opened at  D:/FPGA_Projects/Workspace/arty_uart_calculator_wrapper/microblaze_0/domain_microblaze_0/bsp/system.mss
TRACE::2022-01-17.14:43:04::SCWPlatform::Trying to open the hw design at D:/FPGA_Projects/Workspace/arty_uart_calculator_wrapper/hw/arty_uart_calculator_wrapper.xsa
TRACE::2022-01-17.14:43:04::SCWPlatform::DSA given D:/FPGA_Projects/Workspace/arty_uart_calculator_wrapper/hw/arty_uart_calculator_wrapper.xsa
TRACE::2022-01-17.14:43:04::SCWPlatform::DSA absoulate path D:/FPGA_Projects/Workspace/arty_uart_calculator_wrapper/hw/arty_uart_calculator_wrapper.xsa
TRACE::2022-01-17.14:43:04::SCWPlatform::DSA directory D:/FPGA_Projects/Workspace/arty_uart_calculator_wrapper/hw
TRACE::2022-01-17.14:43:04::SCWPlatform:: Platform Path D:/FPGA_Projects/Workspace/arty_uart_calculator_wrapper/hw/arty_uart_calculator_wrapper.xsa
TRACE::2022-01-17.14:43:04::SCWPlatform:: Unique name xilinx:arty-a7-100::0.0
TRACE::2022-01-17.14:43:04::SCWPlatform::Trying to set the existing hwdb with name arty_uart_calculator_wrapper_6
TRACE::2022-01-17.14:43:04::SCWPlatform::Opened existing hwdb arty_uart_calculator_wrapper_6
TRACE::2022-01-17.14:43:04::SCWPlatform::Found the Hw Db part of the input DSA
TRACE::2022-01-17.14:43:04::SCWMssOS::Checking the sw design at  D:/FPGA_Projects/Workspace/arty_uart_calculator_wrapper/microblaze_0/domain_microblaze_0/bsp/system.mss
TRACE::2022-01-17.14:43:04::SCWMssOS::DEBUG:  swdes dump  D:/FPGA_Projects/Workspace/arty_uart_calculator_wrapper/microblaze_0/domain_microblaze_0/bsp/system.mss|system||

TRACE::2022-01-17.14:43:04::SCWMssOS::Sw design exists and opened at  D:/FPGA_Projects/Workspace/arty_uart_calculator_wrapper/microblaze_0/domain_microblaze_0/bsp/system.mss
TRACE::2022-01-17.14:43:04::SCWPlatform::Trying to open the hw design at D:/FPGA_Projects/Workspace/arty_uart_calculator_wrapper/hw/arty_uart_calculator_wrapper.xsa
TRACE::2022-01-17.14:43:04::SCWPlatform::DSA given D:/FPGA_Projects/Workspace/arty_uart_calculator_wrapper/hw/arty_uart_calculator_wrapper.xsa
TRACE::2022-01-17.14:43:04::SCWPlatform::DSA absoulate path D:/FPGA_Projects/Workspace/arty_uart_calculator_wrapper/hw/arty_uart_calculator_wrapper.xsa
TRACE::2022-01-17.14:43:04::SCWPlatform::DSA directory D:/FPGA_Projects/Workspace/arty_uart_calculator_wrapper/hw
TRACE::2022-01-17.14:43:04::SCWPlatform:: Platform Path D:/FPGA_Projects/Workspace/arty_uart_calculator_wrapper/hw/arty_uart_calculator_wrapper.xsa
TRACE::2022-01-17.14:43:04::SCWPlatform:: Unique name xilinx:arty-a7-100::0.0
TRACE::2022-01-17.14:43:04::SCWPlatform::Trying to set the existing hwdb with name arty_uart_calculator_wrapper_6
TRACE::2022-01-17.14:43:04::SCWPlatform::Opened existing hwdb arty_uart_calculator_wrapper_6
TRACE::2022-01-17.14:43:04::SCWPlatform::Found the Hw Db part of the input DSA
TRACE::2022-01-17.14:43:04::SCWMssOS::Checking the sw design at  D:/FPGA_Projects/Workspace/arty_uart_calculator_wrapper/microblaze_0/domain_microblaze_0/bsp/system.mss
TRACE::2022-01-17.14:43:04::SCWMssOS::DEBUG:  swdes dump  D:/FPGA_Projects/Workspace/arty_uart_calculator_wrapper/microblaze_0/domain_microblaze_0/bsp/system.mss|system||

TRACE::2022-01-17.14:43:04::SCWMssOS::Sw design exists and opened at  D:/FPGA_Projects/Workspace/arty_uart_calculator_wrapper/microblaze_0/domain_microblaze_0/bsp/system.mss
TRACE::2022-01-17.14:43:04::SCWWriter::formatted JSON is {
	"platformName":	"arty_uart_calculator_wrapper",
	"sprVersion":	"2.0",
	"mode":	"gui",
	"dsaType":	"Fixed",
	"platformDesc":	"arty_uart_calculator_wrapper",
	"platHandOff":	"D:/FPGA_Projects/arty_uart_calculator/arty_uart_calculator_wrapper.xsa",
	"platIntHandOff":	"<platformDir>/hw/arty_uart_calculator_wrapper.xsa",
	"deviceType":	"FPGA",
	"platIsPrebuiltAutogen":	"false",
	"platIsNoBootBsp":	"false",
	"hasFsblMakeHasChanges":	"false",
	"hasPmufwMakeHasChanges":	"false",
	"platPreBuiltFlag":	false,
	"platformSamplesDir":	"",
	"platActiveSys":	"arty_uart_calculator_wrapper",
	"systems":	[{
			"systemName":	"arty_uart_calculator_wrapper",
			"systemDesc":	"arty_uart_calculator_wrapper",
			"sysIsBootAutoGen":	"true",
			"systemDispName":	"arty_uart_calculator_wrapper",
			"sysActiveDom":	"domain_microblaze_0",
			"sysDefaultDom":	"domain_microblaze_0",
			"domains":	[{
					"domainName":	"domain_microblaze_0",
					"domainDispName":	"domain_microblaze_0",
					"domainDesc":	"domain_microblaze_0",
					"processors":	"microblaze_0",
					"os":	"standalone",
					"sdxOs":	"standalone",
					"debugEnable":	"False",
					"domRuntimes":	["cpp"],
					"swRepo":	"",
					"mssOsVer":	"7.2",
					"mssFile":	"",
					"md5Digest":	"a05bf9eb65f9ddde5936aa77c4a98233",
					"compatibleApp":	"empty_application",
					"domType":	"mssDomain",
					"arch":	"32-bit",
					"appSettings":	{
						"appCompilerFlags":	"",
						"appLinkerFlags":	""
					},
					"addedLibs":	[],
					"libOptions":	{
						"libsContainingOptions":	[]
					},
					"prebuiltLibs":	{
						"prebuiltIncPath":	[],
						"prebuiltLibPath":	[]
					},
					"isolation":	{
					}
				}]
		}]
}
LOG::2022-01-17.14:43:04::SCWPlatform::Started generating the artifacts platform arty_uart_calculator_wrapper
TRACE::2022-01-17.14:43:04::SCWPlatform::Sanity checking of platform is completed
LOG::2022-01-17.14:43:04::SCWPlatform::Started generating the artifacts for system configuration arty_uart_calculator_wrapper
LOG::2022-01-17.14:43:04::SCWSystem::Checking the domain domain_microblaze_0
LOG::2022-01-17.14:43:04::SCWSystem::Not a boot domain 
LOG::2022-01-17.14:43:04::SCWSystem::Started Processing the domain domain_microblaze_0
TRACE::2022-01-17.14:43:04::SCWDomain::Generating domain artifcats
TRACE::2022-01-17.14:43:04::SCWMssOS::Generating standalone artifcats
TRACE::2022-01-17.14:43:04::SCWMssOS:: Copying the user libraries. 
TRACE::2022-01-17.14:43:04::SCWPlatform::Trying to open the hw design at D:/FPGA_Projects/Workspace/arty_uart_calculator_wrapper/hw/arty_uart_calculator_wrapper.xsa
TRACE::2022-01-17.14:43:04::SCWPlatform::DSA given D:/FPGA_Projects/Workspace/arty_uart_calculator_wrapper/hw/arty_uart_calculator_wrapper.xsa
TRACE::2022-01-17.14:43:04::SCWPlatform::DSA absoulate path D:/FPGA_Projects/Workspace/arty_uart_calculator_wrapper/hw/arty_uart_calculator_wrapper.xsa
TRACE::2022-01-17.14:43:04::SCWPlatform::DSA directory D:/FPGA_Projects/Workspace/arty_uart_calculator_wrapper/hw
TRACE::2022-01-17.14:43:04::SCWPlatform:: Platform Path D:/FPGA_Projects/Workspace/arty_uart_calculator_wrapper/hw/arty_uart_calculator_wrapper.xsa
TRACE::2022-01-17.14:43:04::SCWPlatform:: Unique name xilinx:arty-a7-100::0.0
TRACE::2022-01-17.14:43:04::SCWPlatform::Trying to set the existing hwdb with name arty_uart_calculator_wrapper_6
TRACE::2022-01-17.14:43:04::SCWPlatform::Opened existing hwdb arty_uart_calculator_wrapper_6
TRACE::2022-01-17.14:43:04::SCWPlatform::Found the Hw Db part of the input DSA
TRACE::2022-01-17.14:43:04::SCWMssOS::Checking the sw design at  D:/FPGA_Projects/Workspace/arty_uart_calculator_wrapper/microblaze_0/domain_microblaze_0/bsp/system.mss
TRACE::2022-01-17.14:43:04::SCWMssOS::DEBUG:  swdes dump  D:/FPGA_Projects/Workspace/arty_uart_calculator_wrapper/microblaze_0/domain_microblaze_0/bsp/system.mss|system||

TRACE::2022-01-17.14:43:04::SCWMssOS::Sw design exists and opened at  D:/FPGA_Projects/Workspace/arty_uart_calculator_wrapper/microblaze_0/domain_microblaze_0/bsp/system.mss
TRACE::2022-01-17.14:43:04::SCWMssOS::Completed writing the mss file at D:/FPGA_Projects/Workspace/arty_uart_calculator_wrapper/microblaze_0/domain_microblaze_0/bsp
TRACE::2022-01-17.14:43:04::SCWMssOS::Mss edits present, copying mssfile into export location D:/FPGA_Projects/Workspace/arty_uart_calculator_wrapper/microblaze_0/domain_microblaze_0/bsp/system.mss
TRACE::2022-01-17.14:43:04::SCWMssOS::bsp generated is upto date with the mss file. Skipping bsp generation.
TRACE::2022-01-17.14:43:04::SCWMssOS::BSP is already built. skipping the bsp build ... 
TRACE::2022-01-17.14:43:04::SCWDomain::Skipping the build for domain :  domain_microblaze_0
TRACE::2022-01-17.14:43:04::SCWMssOS::skipping the bsp build ... 
TRACE::2022-01-17.14:43:04::SCWMssOS::Copying to export directory.
TRACE::2022-01-17.14:43:04::SCWMssOS:: Checking if to create the Supporting Applications
TRACE::2022-01-17.14:43:04::SCWMssOS:: No Linux domain exists, trying to generate FSBL 
LOG::2022-01-17.14:43:04::SCWSystem::Completed Processing the domain domain_microblaze_0
LOG::2022-01-17.14:43:04::SCWSystem::Completed Processing the sysconfig arty_uart_calculator_wrapper
LOG::2022-01-17.14:43:04::SCWPlatform::Completed generating the artifacts for system configuration arty_uart_calculator_wrapper
TRACE::2022-01-17.14:43:04::SCWPlatform::Started preparing the platform 
TRACE::2022-01-17.14:43:04::SCWSystem::Writing the bif file for system config arty_uart_calculator_wrapper
TRACE::2022-01-17.14:43:04::SCWSystem::dir created 
TRACE::2022-01-17.14:43:04::SCWSystem::Writing the bif 
TRACE::2022-01-17.14:43:04::SCWPlatform::Started writing the spfm file 
TRACE::2022-01-17.14:43:04::SCWPlatform::Started writing the xpfm file 
TRACE::2022-01-17.14:43:04::SCWPlatform::Completed generating the platform
TRACE::2022-01-17.14:43:04::SCWMssOS::Saving the mss changes D:/FPGA_Projects/Workspace/arty_uart_calculator_wrapper/microblaze_0/domain_microblaze_0/bsp/system.mss
TRACE::2022-01-17.14:43:04::SCWMssOS::Found a swdesign opened with the mssfile.
TRACE::2022-01-17.14:43:04::SCWMssOS::Completed writemss as part of save.
TRACE::2022-01-17.14:43:04::SCWMssOS::Commit changes completed.
TRACE::2022-01-17.14:43:04::SCWPlatform::Trying to open the hw design at D:/FPGA_Projects/Workspace/arty_uart_calculator_wrapper/hw/arty_uart_calculator_wrapper.xsa
TRACE::2022-01-17.14:43:04::SCWPlatform::DSA given D:/FPGA_Projects/Workspace/arty_uart_calculator_wrapper/hw/arty_uart_calculator_wrapper.xsa
TRACE::2022-01-17.14:43:04::SCWPlatform::DSA absoulate path D:/FPGA_Projects/Workspace/arty_uart_calculator_wrapper/hw/arty_uart_calculator_wrapper.xsa
TRACE::2022-01-17.14:43:04::SCWPlatform::DSA directory D:/FPGA_Projects/Workspace/arty_uart_calculator_wrapper/hw
TRACE::2022-01-17.14:43:04::SCWPlatform:: Platform Path D:/FPGA_Projects/Workspace/arty_uart_calculator_wrapper/hw/arty_uart_calculator_wrapper.xsa
TRACE::2022-01-17.14:43:04::SCWPlatform:: Unique name xilinx:arty-a7-100::0.0
TRACE::2022-01-17.14:43:04::SCWPlatform::Trying to set the existing hwdb with name arty_uart_calculator_wrapper_6
TRACE::2022-01-17.14:43:04::SCWPlatform::Opened existing hwdb arty_uart_calculator_wrapper_6
TRACE::2022-01-17.14:43:04::SCWPlatform::Found the Hw Db part of the input DSA
TRACE::2022-01-17.14:43:04::SCWMssOS::Checking the sw design at  D:/FPGA_Projects/Workspace/arty_uart_calculator_wrapper/microblaze_0/domain_microblaze_0/bsp/system.mss
TRACE::2022-01-17.14:43:04::SCWMssOS::DEBUG:  swdes dump  D:/FPGA_Projects/Workspace/arty_uart_calculator_wrapper/microblaze_0/domain_microblaze_0/bsp/system.mss|system||

TRACE::2022-01-17.14:43:04::SCWMssOS::Sw design exists and opened at  D:/FPGA_Projects/Workspace/arty_uart_calculator_wrapper/microblaze_0/domain_microblaze_0/bsp/system.mss
TRACE::2022-01-17.14:43:04::SCWPlatform::Trying to open the hw design at D:/FPGA_Projects/Workspace/arty_uart_calculator_wrapper/hw/arty_uart_calculator_wrapper.xsa
TRACE::2022-01-17.14:43:04::SCWPlatform::DSA given D:/FPGA_Projects/Workspace/arty_uart_calculator_wrapper/hw/arty_uart_calculator_wrapper.xsa
TRACE::2022-01-17.14:43:04::SCWPlatform::DSA absoulate path D:/FPGA_Projects/Workspace/arty_uart_calculator_wrapper/hw/arty_uart_calculator_wrapper.xsa
TRACE::2022-01-17.14:43:04::SCWPlatform::DSA directory D:/FPGA_Projects/Workspace/arty_uart_calculator_wrapper/hw
TRACE::2022-01-17.14:43:04::SCWPlatform:: Platform Path D:/FPGA_Projects/Workspace/arty_uart_calculator_wrapper/hw/arty_uart_calculator_wrapper.xsa
TRACE::2022-01-17.14:43:04::SCWPlatform:: Unique name xilinx:arty-a7-100::0.0
TRACE::2022-01-17.14:43:04::SCWPlatform::Trying to set the existing hwdb with name arty_uart_calculator_wrapper_6
TRACE::2022-01-17.14:43:04::SCWPlatform::Opened existing hwdb arty_uart_calculator_wrapper_6
TRACE::2022-01-17.14:43:04::SCWPlatform::Found the Hw Db part of the input DSA
TRACE::2022-01-17.14:43:04::SCWMssOS::Checking the sw design at  D:/FPGA_Projects/Workspace/arty_uart_calculator_wrapper/microblaze_0/domain_microblaze_0/bsp/system.mss
TRACE::2022-01-17.14:43:04::SCWMssOS::DEBUG:  swdes dump  D:/FPGA_Projects/Workspace/arty_uart_calculator_wrapper/microblaze_0/domain_microblaze_0/bsp/system.mss|system||

TRACE::2022-01-17.14:43:04::SCWMssOS::Sw design exists and opened at  D:/FPGA_Projects/Workspace/arty_uart_calculator_wrapper/microblaze_0/domain_microblaze_0/bsp/system.mss
TRACE::2022-01-17.14:43:04::SCWPlatform::Trying to open the hw design at D:/FPGA_Projects/Workspace/arty_uart_calculator_wrapper/hw/arty_uart_calculator_wrapper.xsa
TRACE::2022-01-17.14:43:04::SCWPlatform::DSA given D:/FPGA_Projects/Workspace/arty_uart_calculator_wrapper/hw/arty_uart_calculator_wrapper.xsa
TRACE::2022-01-17.14:43:04::SCWPlatform::DSA absoulate path D:/FPGA_Projects/Workspace/arty_uart_calculator_wrapper/hw/arty_uart_calculator_wrapper.xsa
TRACE::2022-01-17.14:43:04::SCWPlatform::DSA directory D:/FPGA_Projects/Workspace/arty_uart_calculator_wrapper/hw
TRACE::2022-01-17.14:43:04::SCWPlatform:: Platform Path D:/FPGA_Projects/Workspace/arty_uart_calculator_wrapper/hw/arty_uart_calculator_wrapper.xsa
TRACE::2022-01-17.14:43:04::SCWPlatform:: Unique name xilinx:arty-a7-100::0.0
TRACE::2022-01-17.14:43:04::SCWPlatform::Trying to set the existing hwdb with name arty_uart_calculator_wrapper_6
TRACE::2022-01-17.14:43:04::SCWPlatform::Opened existing hwdb arty_uart_calculator_wrapper_6
TRACE::2022-01-17.14:43:04::SCWPlatform::Found the Hw Db part of the input DSA
TRACE::2022-01-17.14:43:04::SCWMssOS::Checking the sw design at  D:/FPGA_Projects/Workspace/arty_uart_calculator_wrapper/microblaze_0/domain_microblaze_0/bsp/system.mss
TRACE::2022-01-17.14:43:04::SCWMssOS::DEBUG:  swdes dump  D:/FPGA_Projects/Workspace/arty_uart_calculator_wrapper/microblaze_0/domain_microblaze_0/bsp/system.mss|system||

TRACE::2022-01-17.14:43:04::SCWMssOS::Sw design exists and opened at  D:/FPGA_Projects/Workspace/arty_uart_calculator_wrapper/microblaze_0/domain_microblaze_0/bsp/system.mss
TRACE::2022-01-17.14:43:04::SCWWriter::formatted JSON is {
	"platformName":	"arty_uart_calculator_wrapper",
	"sprVersion":	"2.0",
	"mode":	"gui",
	"dsaType":	"Fixed",
	"platformDesc":	"arty_uart_calculator_wrapper",
	"platHandOff":	"D:/FPGA_Projects/arty_uart_calculator/arty_uart_calculator_wrapper.xsa",
	"platIntHandOff":	"<platformDir>/hw/arty_uart_calculator_wrapper.xsa",
	"deviceType":	"FPGA",
	"platIsPrebuiltAutogen":	"false",
	"platIsNoBootBsp":	"false",
	"hasFsblMakeHasChanges":	"false",
	"hasPmufwMakeHasChanges":	"false",
	"platPreBuiltFlag":	false,
	"platformSamplesDir":	"",
	"platActiveSys":	"arty_uart_calculator_wrapper",
	"systems":	[{
			"systemName":	"arty_uart_calculator_wrapper",
			"systemDesc":	"arty_uart_calculator_wrapper",
			"sysIsBootAutoGen":	"true",
			"systemDispName":	"arty_uart_calculator_wrapper",
			"sysActiveDom":	"domain_microblaze_0",
			"sysDefaultDom":	"domain_microblaze_0",
			"domains":	[{
					"domainName":	"domain_microblaze_0",
					"domainDispName":	"domain_microblaze_0",
					"domainDesc":	"domain_microblaze_0",
					"processors":	"microblaze_0",
					"os":	"standalone",
					"sdxOs":	"standalone",
					"debugEnable":	"False",
					"domRuntimes":	["cpp"],
					"swRepo":	"",
					"mssOsVer":	"7.2",
					"mssFile":	"",
					"md5Digest":	"a05bf9eb65f9ddde5936aa77c4a98233",
					"compatibleApp":	"empty_application",
					"domType":	"mssDomain",
					"arch":	"32-bit",
					"appSettings":	{
						"appCompilerFlags":	"",
						"appLinkerFlags":	""
					},
					"addedLibs":	[],
					"libOptions":	{
						"libsContainingOptions":	[]
					},
					"prebuiltLibs":	{
						"prebuiltIncPath":	[],
						"prebuiltLibPath":	[]
					},
					"isolation":	{
					}
				}]
		}]
}
KEYINFO::2022-01-17.14:43:04::SCWPlatform::updated the xpfm file.
TRACE::2022-01-17.14:43:04::SCWPlatform::Trying to open the hw design at D:/FPGA_Projects/Workspace/arty_uart_calculator_wrapper/hw/arty_uart_calculator_wrapper.xsa
TRACE::2022-01-17.14:43:04::SCWPlatform::DSA given D:/FPGA_Projects/Workspace/arty_uart_calculator_wrapper/hw/arty_uart_calculator_wrapper.xsa
TRACE::2022-01-17.14:43:04::SCWPlatform::DSA absoulate path D:/FPGA_Projects/Workspace/arty_uart_calculator_wrapper/hw/arty_uart_calculator_wrapper.xsa
TRACE::2022-01-17.14:43:04::SCWPlatform::DSA directory D:/FPGA_Projects/Workspace/arty_uart_calculator_wrapper/hw
TRACE::2022-01-17.14:43:04::SCWPlatform:: Platform Path D:/FPGA_Projects/Workspace/arty_uart_calculator_wrapper/hw/arty_uart_calculator_wrapper.xsa
TRACE::2022-01-17.14:43:04::SCWPlatform:: Unique name xilinx:arty-a7-100::0.0
TRACE::2022-01-17.14:43:04::SCWPlatform::Trying to set the existing hwdb with name arty_uart_calculator_wrapper_6
TRACE::2022-01-17.14:43:04::SCWPlatform::Opened existing hwdb arty_uart_calculator_wrapper_6
TRACE::2022-01-17.14:43:04::SCWPlatform::Found the Hw Db part of the input DSA
TRACE::2022-01-17.14:43:04::SCWMssOS::Checking the sw design at  D:/FPGA_Projects/Workspace/arty_uart_calculator_wrapper/microblaze_0/domain_microblaze_0/bsp/system.mss
TRACE::2022-01-17.14:43:04::SCWMssOS::DEBUG:  swdes dump  D:/FPGA_Projects/Workspace/arty_uart_calculator_wrapper/microblaze_0/domain_microblaze_0/bsp/system.mss|system||

TRACE::2022-01-17.14:43:04::SCWMssOS::Sw design exists and opened at  D:/FPGA_Projects/Workspace/arty_uart_calculator_wrapper/microblaze_0/domain_microblaze_0/bsp/system.mss
TRACE::2022-01-17.14:43:04::SCWMssOS::Saving the mss changes D:/FPGA_Projects/Workspace/arty_uart_calculator_wrapper/microblaze_0/domain_microblaze_0/bsp/system.mss
TRACE::2022-01-17.14:43:04::SCWMssOS::Found a swdesign opened with the mssfile.
TRACE::2022-01-17.14:43:04::SCWMssOS::Completed writemss as part of save.
TRACE::2022-01-17.14:43:04::SCWMssOS::Commit changes completed.
TRACE::2022-01-17.14:43:04::SCWPlatform::Trying to open the hw design at D:/FPGA_Projects/Workspace/arty_uart_calculator_wrapper/hw/arty_uart_calculator_wrapper.xsa
TRACE::2022-01-17.14:43:04::SCWPlatform::DSA given D:/FPGA_Projects/Workspace/arty_uart_calculator_wrapper/hw/arty_uart_calculator_wrapper.xsa
TRACE::2022-01-17.14:43:04::SCWPlatform::DSA absoulate path D:/FPGA_Projects/Workspace/arty_uart_calculator_wrapper/hw/arty_uart_calculator_wrapper.xsa
TRACE::2022-01-17.14:43:04::SCWPlatform::DSA directory D:/FPGA_Projects/Workspace/arty_uart_calculator_wrapper/hw
TRACE::2022-01-17.14:43:04::SCWPlatform:: Platform Path D:/FPGA_Projects/Workspace/arty_uart_calculator_wrapper/hw/arty_uart_calculator_wrapper.xsa
TRACE::2022-01-17.14:43:04::SCWPlatform:: Unique name xilinx:arty-a7-100::0.0
TRACE::2022-01-17.14:43:04::SCWPlatform::Trying to set the existing hwdb with name arty_uart_calculator_wrapper_6
TRACE::2022-01-17.14:43:04::SCWPlatform::Opened existing hwdb arty_uart_calculator_wrapper_6
TRACE::2022-01-17.14:43:04::SCWPlatform::Found the Hw Db part of the input DSA
TRACE::2022-01-17.14:43:04::SCWMssOS::Checking the sw design at  D:/FPGA_Projects/Workspace/arty_uart_calculator_wrapper/microblaze_0/domain_microblaze_0/bsp/system.mss
TRACE::2022-01-17.14:43:04::SCWMssOS::DEBUG:  swdes dump  D:/FPGA_Projects/Workspace/arty_uart_calculator_wrapper/microblaze_0/domain_microblaze_0/bsp/system.mss|system||

TRACE::2022-01-17.14:43:04::SCWMssOS::Sw design exists and opened at  D:/FPGA_Projects/Workspace/arty_uart_calculator_wrapper/microblaze_0/domain_microblaze_0/bsp/system.mss
TRACE::2022-01-17.14:43:04::SCWPlatform::Trying to open the hw design at D:/FPGA_Projects/Workspace/arty_uart_calculator_wrapper/hw/arty_uart_calculator_wrapper.xsa
TRACE::2022-01-17.14:43:04::SCWPlatform::DSA given D:/FPGA_Projects/Workspace/arty_uart_calculator_wrapper/hw/arty_uart_calculator_wrapper.xsa
TRACE::2022-01-17.14:43:04::SCWPlatform::DSA absoulate path D:/FPGA_Projects/Workspace/arty_uart_calculator_wrapper/hw/arty_uart_calculator_wrapper.xsa
TRACE::2022-01-17.14:43:04::SCWPlatform::DSA directory D:/FPGA_Projects/Workspace/arty_uart_calculator_wrapper/hw
TRACE::2022-01-17.14:43:04::SCWPlatform:: Platform Path D:/FPGA_Projects/Workspace/arty_uart_calculator_wrapper/hw/arty_uart_calculator_wrapper.xsa
TRACE::2022-01-17.14:43:04::SCWPlatform:: Unique name xilinx:arty-a7-100::0.0
TRACE::2022-01-17.14:43:04::SCWPlatform::Trying to set the existing hwdb with name arty_uart_calculator_wrapper_6
TRACE::2022-01-17.14:43:04::SCWPlatform::Opened existing hwdb arty_uart_calculator_wrapper_6
TRACE::2022-01-17.14:43:04::SCWPlatform::Found the Hw Db part of the input DSA
TRACE::2022-01-17.14:43:04::SCWMssOS::Checking the sw design at  D:/FPGA_Projects/Workspace/arty_uart_calculator_wrapper/microblaze_0/domain_microblaze_0/bsp/system.mss
TRACE::2022-01-17.14:43:04::SCWMssOS::DEBUG:  swdes dump  D:/FPGA_Projects/Workspace/arty_uart_calculator_wrapper/microblaze_0/domain_microblaze_0/bsp/system.mss|system||

TRACE::2022-01-17.14:43:04::SCWMssOS::Sw design exists and opened at  D:/FPGA_Projects/Workspace/arty_uart_calculator_wrapper/microblaze_0/domain_microblaze_0/bsp/system.mss
TRACE::2022-01-17.14:43:04::SCWPlatform::Trying to open the hw design at D:/FPGA_Projects/Workspace/arty_uart_calculator_wrapper/hw/arty_uart_calculator_wrapper.xsa
TRACE::2022-01-17.14:43:04::SCWPlatform::DSA given D:/FPGA_Projects/Workspace/arty_uart_calculator_wrapper/hw/arty_uart_calculator_wrapper.xsa
TRACE::2022-01-17.14:43:04::SCWPlatform::DSA absoulate path D:/FPGA_Projects/Workspace/arty_uart_calculator_wrapper/hw/arty_uart_calculator_wrapper.xsa
TRACE::2022-01-17.14:43:04::SCWPlatform::DSA directory D:/FPGA_Projects/Workspace/arty_uart_calculator_wrapper/hw
TRACE::2022-01-17.14:43:04::SCWPlatform:: Platform Path D:/FPGA_Projects/Workspace/arty_uart_calculator_wrapper/hw/arty_uart_calculator_wrapper.xsa
TRACE::2022-01-17.14:43:04::SCWPlatform:: Unique name xilinx:arty-a7-100::0.0
TRACE::2022-01-17.14:43:04::SCWPlatform::Trying to set the existing hwdb with name arty_uart_calculator_wrapper_6
TRACE::2022-01-17.14:43:04::SCWPlatform::Opened existing hwdb arty_uart_calculator_wrapper_6
TRACE::2022-01-17.14:43:04::SCWPlatform::Found the Hw Db part of the input DSA
TRACE::2022-01-17.14:43:04::SCWMssOS::Checking the sw design at  D:/FPGA_Projects/Workspace/arty_uart_calculator_wrapper/microblaze_0/domain_microblaze_0/bsp/system.mss
TRACE::2022-01-17.14:43:04::SCWMssOS::DEBUG:  swdes dump  D:/FPGA_Projects/Workspace/arty_uart_calculator_wrapper/microblaze_0/domain_microblaze_0/bsp/system.mss|system||

TRACE::2022-01-17.14:43:04::SCWMssOS::Sw design exists and opened at  D:/FPGA_Projects/Workspace/arty_uart_calculator_wrapper/microblaze_0/domain_microblaze_0/bsp/system.mss
TRACE::2022-01-17.14:43:04::SCWWriter::formatted JSON is {
	"platformName":	"arty_uart_calculator_wrapper",
	"sprVersion":	"2.0",
	"mode":	"gui",
	"dsaType":	"Fixed",
	"platformDesc":	"arty_uart_calculator_wrapper",
	"platHandOff":	"D:/FPGA_Projects/arty_uart_calculator/arty_uart_calculator_wrapper.xsa",
	"platIntHandOff":	"<platformDir>/hw/arty_uart_calculator_wrapper.xsa",
	"deviceType":	"FPGA",
	"platIsPrebuiltAutogen":	"false",
	"platIsNoBootBsp":	"false",
	"hasFsblMakeHasChanges":	"false",
	"hasPmufwMakeHasChanges":	"false",
	"platPreBuiltFlag":	false,
	"platformSamplesDir":	"",
	"platActiveSys":	"arty_uart_calculator_wrapper",
	"systems":	[{
			"systemName":	"arty_uart_calculator_wrapper",
			"systemDesc":	"arty_uart_calculator_wrapper",
			"sysIsBootAutoGen":	"true",
			"systemDispName":	"arty_uart_calculator_wrapper",
			"sysActiveDom":	"domain_microblaze_0",
			"sysDefaultDom":	"domain_microblaze_0",
			"domains":	[{
					"domainName":	"domain_microblaze_0",
					"domainDispName":	"domain_microblaze_0",
					"domainDesc":	"domain_microblaze_0",
					"processors":	"microblaze_0",
					"os":	"standalone",
					"sdxOs":	"standalone",
					"debugEnable":	"False",
					"domRuntimes":	["cpp"],
					"swRepo":	"",
					"mssOsVer":	"7.2",
					"mssFile":	"",
					"md5Digest":	"a05bf9eb65f9ddde5936aa77c4a98233",
					"compatibleApp":	"empty_application",
					"domType":	"mssDomain",
					"arch":	"32-bit",
					"appSettings":	{
						"appCompilerFlags":	"",
						"appLinkerFlags":	""
					},
					"addedLibs":	[],
					"libOptions":	{
						"libsContainingOptions":	[]
					},
					"prebuiltLibs":	{
						"prebuiltIncPath":	[],
						"prebuiltLibPath":	[]
					},
					"isolation":	{
					}
				}]
		}]
}
TRACE::2022-01-17.14:43:04::SCWPlatform::Trying to open the hw design at D:/FPGA_Projects/Workspace/arty_uart_calculator_wrapper/hw/arty_uart_calculator_wrapper.xsa
TRACE::2022-01-17.14:43:04::SCWPlatform::DSA given D:/FPGA_Projects/Workspace/arty_uart_calculator_wrapper/hw/arty_uart_calculator_wrapper.xsa
TRACE::2022-01-17.14:43:04::SCWPlatform::DSA absoulate path D:/FPGA_Projects/Workspace/arty_uart_calculator_wrapper/hw/arty_uart_calculator_wrapper.xsa
TRACE::2022-01-17.14:43:04::SCWPlatform::DSA directory D:/FPGA_Projects/Workspace/arty_uart_calculator_wrapper/hw
TRACE::2022-01-17.14:43:04::SCWPlatform:: Platform Path D:/FPGA_Projects/Workspace/arty_uart_calculator_wrapper/hw/arty_uart_calculator_wrapper.xsa
TRACE::2022-01-17.14:43:04::SCWPlatform:: Unique name xilinx:arty-a7-100::0.0
TRACE::2022-01-17.14:43:04::SCWPlatform::Trying to set the existing hwdb with name arty_uart_calculator_wrapper_6
TRACE::2022-01-17.14:43:04::SCWPlatform::Opened existing hwdb arty_uart_calculator_wrapper_6
TRACE::2022-01-17.14:43:04::SCWPlatform::Found the Hw Db part of the input DSA
TRACE::2022-01-17.14:43:04::SCWMssOS::Checking the sw design at  D:/FPGA_Projects/Workspace/arty_uart_calculator_wrapper/microblaze_0/domain_microblaze_0/bsp/system.mss
TRACE::2022-01-17.14:43:04::SCWMssOS::DEBUG:  swdes dump  D:/FPGA_Projects/Workspace/arty_uart_calculator_wrapper/microblaze_0/domain_microblaze_0/bsp/system.mss|system||

TRACE::2022-01-17.14:43:04::SCWMssOS::Sw design exists and opened at  D:/FPGA_Projects/Workspace/arty_uart_calculator_wrapper/microblaze_0/domain_microblaze_0/bsp/system.mss
TRACE::2022-01-17.14:43:04::SCWPlatform::Trying to open the hw design at D:/FPGA_Projects/Workspace/arty_uart_calculator_wrapper/hw/arty_uart_calculator_wrapper.xsa
TRACE::2022-01-17.14:43:04::SCWPlatform::DSA given D:/FPGA_Projects/Workspace/arty_uart_calculator_wrapper/hw/arty_uart_calculator_wrapper.xsa
TRACE::2022-01-17.14:43:04::SCWPlatform::DSA absoulate path D:/FPGA_Projects/Workspace/arty_uart_calculator_wrapper/hw/arty_uart_calculator_wrapper.xsa
TRACE::2022-01-17.14:43:04::SCWPlatform::DSA directory D:/FPGA_Projects/Workspace/arty_uart_calculator_wrapper/hw
TRACE::2022-01-17.14:43:04::SCWPlatform:: Platform Path D:/FPGA_Projects/Workspace/arty_uart_calculator_wrapper/hw/arty_uart_calculator_wrapper.xsa
TRACE::2022-01-17.14:43:04::SCWPlatform:: Unique name xilinx:arty-a7-100::0.0
TRACE::2022-01-17.14:43:04::SCWPlatform::Trying to set the existing hwdb with name arty_uart_calculator_wrapper_6
TRACE::2022-01-17.14:43:04::SCWPlatform::Opened existing hwdb arty_uart_calculator_wrapper_6
TRACE::2022-01-17.14:43:04::SCWPlatform::Found the Hw Db part of the input DSA
TRACE::2022-01-17.14:43:04::SCWMssOS::Checking the sw design at  D:/FPGA_Projects/Workspace/arty_uart_calculator_wrapper/microblaze_0/domain_microblaze_0/bsp/system.mss
TRACE::2022-01-17.14:43:04::SCWMssOS::DEBUG:  swdes dump  D:/FPGA_Projects/Workspace/arty_uart_calculator_wrapper/microblaze_0/domain_microblaze_0/bsp/system.mss|system||

TRACE::2022-01-17.14:43:04::SCWMssOS::Sw design exists and opened at  D:/FPGA_Projects/Workspace/arty_uart_calculator_wrapper/microblaze_0/domain_microblaze_0/bsp/system.mss
TRACE::2022-01-17.14:43:04::SCWMssOS::Saving the mss changes D:/FPGA_Projects/Workspace/arty_uart_calculator_wrapper/microblaze_0/domain_microblaze_0/bsp/system.mss
TRACE::2022-01-17.14:43:04::SCWMssOS::Found a swdesign opened with the mssfile.
TRACE::2022-01-17.14:43:04::SCWMssOS::Completed writemss as part of save.
TRACE::2022-01-17.14:43:04::SCWMssOS::Commit changes completed.
TRACE::2022-01-17.14:43:04::SCWPlatform::Trying to open the hw design at D:/FPGA_Projects/Workspace/arty_uart_calculator_wrapper/hw/arty_uart_calculator_wrapper.xsa
TRACE::2022-01-17.14:43:04::SCWPlatform::DSA given D:/FPGA_Projects/Workspace/arty_uart_calculator_wrapper/hw/arty_uart_calculator_wrapper.xsa
TRACE::2022-01-17.14:43:04::SCWPlatform::DSA absoulate path D:/FPGA_Projects/Workspace/arty_uart_calculator_wrapper/hw/arty_uart_calculator_wrapper.xsa
TRACE::2022-01-17.14:43:04::SCWPlatform::DSA directory D:/FPGA_Projects/Workspace/arty_uart_calculator_wrapper/hw
TRACE::2022-01-17.14:43:04::SCWPlatform:: Platform Path D:/FPGA_Projects/Workspace/arty_uart_calculator_wrapper/hw/arty_uart_calculator_wrapper.xsa
TRACE::2022-01-17.14:43:04::SCWPlatform:: Unique name xilinx:arty-a7-100::0.0
TRACE::2022-01-17.14:43:04::SCWPlatform::Trying to set the existing hwdb with name arty_uart_calculator_wrapper_6
TRACE::2022-01-17.14:43:04::SCWPlatform::Opened existing hwdb arty_uart_calculator_wrapper_6
TRACE::2022-01-17.14:43:04::SCWPlatform::Found the Hw Db part of the input DSA
TRACE::2022-01-17.14:43:04::SCWMssOS::Checking the sw design at  D:/FPGA_Projects/Workspace/arty_uart_calculator_wrapper/microblaze_0/domain_microblaze_0/bsp/system.mss
TRACE::2022-01-17.14:43:04::SCWMssOS::DEBUG:  swdes dump  D:/FPGA_Projects/Workspace/arty_uart_calculator_wrapper/microblaze_0/domain_microblaze_0/bsp/system.mss|system||

TRACE::2022-01-17.14:43:04::SCWMssOS::Sw design exists and opened at  D:/FPGA_Projects/Workspace/arty_uart_calculator_wrapper/microblaze_0/domain_microblaze_0/bsp/system.mss
TRACE::2022-01-17.14:43:04::SCWPlatform::Trying to open the hw design at D:/FPGA_Projects/Workspace/arty_uart_calculator_wrapper/hw/arty_uart_calculator_wrapper.xsa
TRACE::2022-01-17.14:43:04::SCWPlatform::DSA given D:/FPGA_Projects/Workspace/arty_uart_calculator_wrapper/hw/arty_uart_calculator_wrapper.xsa
TRACE::2022-01-17.14:43:04::SCWPlatform::DSA absoulate path D:/FPGA_Projects/Workspace/arty_uart_calculator_wrapper/hw/arty_uart_calculator_wrapper.xsa
TRACE::2022-01-17.14:43:04::SCWPlatform::DSA directory D:/FPGA_Projects/Workspace/arty_uart_calculator_wrapper/hw
TRACE::2022-01-17.14:43:04::SCWPlatform:: Platform Path D:/FPGA_Projects/Workspace/arty_uart_calculator_wrapper/hw/arty_uart_calculator_wrapper.xsa
TRACE::2022-01-17.14:43:04::SCWPlatform:: Unique name xilinx:arty-a7-100::0.0
TRACE::2022-01-17.14:43:04::SCWPlatform::Trying to set the existing hwdb with name arty_uart_calculator_wrapper_6
TRACE::2022-01-17.14:43:04::SCWPlatform::Opened existing hwdb arty_uart_calculator_wrapper_6
TRACE::2022-01-17.14:43:04::SCWPlatform::Found the Hw Db part of the input DSA
TRACE::2022-01-17.14:43:04::SCWMssOS::Checking the sw design at  D:/FPGA_Projects/Workspace/arty_uart_calculator_wrapper/microblaze_0/domain_microblaze_0/bsp/system.mss
TRACE::2022-01-17.14:43:04::SCWMssOS::DEBUG:  swdes dump  D:/FPGA_Projects/Workspace/arty_uart_calculator_wrapper/microblaze_0/domain_microblaze_0/bsp/system.mss|system||

TRACE::2022-01-17.14:43:04::SCWMssOS::Sw design exists and opened at  D:/FPGA_Projects/Workspace/arty_uart_calculator_wrapper/microblaze_0/domain_microblaze_0/bsp/system.mss
TRACE::2022-01-17.14:43:04::SCWPlatform::Trying to open the hw design at D:/FPGA_Projects/Workspace/arty_uart_calculator_wrapper/hw/arty_uart_calculator_wrapper.xsa
TRACE::2022-01-17.14:43:04::SCWPlatform::DSA given D:/FPGA_Projects/Workspace/arty_uart_calculator_wrapper/hw/arty_uart_calculator_wrapper.xsa
TRACE::2022-01-17.14:43:04::SCWPlatform::DSA absoulate path D:/FPGA_Projects/Workspace/arty_uart_calculator_wrapper/hw/arty_uart_calculator_wrapper.xsa
TRACE::2022-01-17.14:43:04::SCWPlatform::DSA directory D:/FPGA_Projects/Workspace/arty_uart_calculator_wrapper/hw
TRACE::2022-01-17.14:43:04::SCWPlatform:: Platform Path D:/FPGA_Projects/Workspace/arty_uart_calculator_wrapper/hw/arty_uart_calculator_wrapper.xsa
TRACE::2022-01-17.14:43:04::SCWPlatform:: Unique name xilinx:arty-a7-100::0.0
TRACE::2022-01-17.14:43:04::SCWPlatform::Trying to set the existing hwdb with name arty_uart_calculator_wrapper_6
TRACE::2022-01-17.14:43:04::SCWPlatform::Opened existing hwdb arty_uart_calculator_wrapper_6
TRACE::2022-01-17.14:43:04::SCWPlatform::Found the Hw Db part of the input DSA
TRACE::2022-01-17.14:43:04::SCWMssOS::Checking the sw design at  D:/FPGA_Projects/Workspace/arty_uart_calculator_wrapper/microblaze_0/domain_microblaze_0/bsp/system.mss
TRACE::2022-01-17.14:43:04::SCWMssOS::DEBUG:  swdes dump  D:/FPGA_Projects/Workspace/arty_uart_calculator_wrapper/microblaze_0/domain_microblaze_0/bsp/system.mss|system||

TRACE::2022-01-17.14:43:04::SCWMssOS::Sw design exists and opened at  D:/FPGA_Projects/Workspace/arty_uart_calculator_wrapper/microblaze_0/domain_microblaze_0/bsp/system.mss
TRACE::2022-01-17.14:43:04::SCWWriter::formatted JSON is {
	"platformName":	"arty_uart_calculator_wrapper",
	"sprVersion":	"2.0",
	"mode":	"gui",
	"dsaType":	"Fixed",
	"platformDesc":	"arty_uart_calculator_wrapper",
	"platHandOff":	"D:/FPGA_Projects/arty_uart_calculator/arty_uart_calculator_wrapper.xsa",
	"platIntHandOff":	"<platformDir>/hw/arty_uart_calculator_wrapper.xsa",
	"deviceType":	"FPGA",
	"platIsPrebuiltAutogen":	"false",
	"platIsNoBootBsp":	"false",
	"hasFsblMakeHasChanges":	"false",
	"hasPmufwMakeHasChanges":	"false",
	"platPreBuiltFlag":	false,
	"platformSamplesDir":	"",
	"platActiveSys":	"arty_uart_calculator_wrapper",
	"systems":	[{
			"systemName":	"arty_uart_calculator_wrapper",
			"systemDesc":	"arty_uart_calculator_wrapper",
			"sysIsBootAutoGen":	"true",
			"systemDispName":	"arty_uart_calculator_wrapper",
			"sysActiveDom":	"domain_microblaze_0",
			"sysDefaultDom":	"domain_microblaze_0",
			"domains":	[{
					"domainName":	"domain_microblaze_0",
					"domainDispName":	"domain_microblaze_0",
					"domainDesc":	"domain_microblaze_0",
					"processors":	"microblaze_0",
					"os":	"standalone",
					"sdxOs":	"standalone",
					"debugEnable":	"False",
					"domRuntimes":	["cpp"],
					"swRepo":	"",
					"mssOsVer":	"7.2",
					"mssFile":	"",
					"md5Digest":	"a05bf9eb65f9ddde5936aa77c4a98233",
					"compatibleApp":	"empty_application",
					"domType":	"mssDomain",
					"arch":	"32-bit",
					"appSettings":	{
						"appCompilerFlags":	"",
						"appLinkerFlags":	""
					},
					"addedLibs":	[],
					"libOptions":	{
						"libsContainingOptions":	[]
					},
					"prebuiltLibs":	{
						"prebuiltIncPath":	[],
						"prebuiltLibPath":	[]
					},
					"isolation":	{
					}
				}]
		}]
}
LOG::2022-01-17.14:43:04::SCWPlatform::Started generating the artifacts platform arty_uart_calculator_wrapper
TRACE::2022-01-17.14:43:04::SCWPlatform::Sanity checking of platform is completed
LOG::2022-01-17.14:43:04::SCWPlatform::Started generating the artifacts for system configuration arty_uart_calculator_wrapper
LOG::2022-01-17.14:43:04::SCWSystem::Started Processing the domain domain_microblaze_0
TRACE::2022-01-17.14:43:04::SCWDomain::Generating domain artifcats
TRACE::2022-01-17.14:43:04::SCWMssOS::Generating standalone artifcats
TRACE::2022-01-17.14:43:04::SCWMssOS:: Copying the user libraries. 
TRACE::2022-01-17.14:43:04::SCWPlatform::Trying to open the hw design at D:/FPGA_Projects/Workspace/arty_uart_calculator_wrapper/hw/arty_uart_calculator_wrapper.xsa
TRACE::2022-01-17.14:43:04::SCWPlatform::DSA given D:/FPGA_Projects/Workspace/arty_uart_calculator_wrapper/hw/arty_uart_calculator_wrapper.xsa
TRACE::2022-01-17.14:43:04::SCWPlatform::DSA absoulate path D:/FPGA_Projects/Workspace/arty_uart_calculator_wrapper/hw/arty_uart_calculator_wrapper.xsa
TRACE::2022-01-17.14:43:04::SCWPlatform::DSA directory D:/FPGA_Projects/Workspace/arty_uart_calculator_wrapper/hw
TRACE::2022-01-17.14:43:04::SCWPlatform:: Platform Path D:/FPGA_Projects/Workspace/arty_uart_calculator_wrapper/hw/arty_uart_calculator_wrapper.xsa
TRACE::2022-01-17.14:43:04::SCWPlatform:: Unique name xilinx:arty-a7-100::0.0
TRACE::2022-01-17.14:43:04::SCWPlatform::Trying to set the existing hwdb with name arty_uart_calculator_wrapper_6
TRACE::2022-01-17.14:43:04::SCWPlatform::Opened existing hwdb arty_uart_calculator_wrapper_6
TRACE::2022-01-17.14:43:04::SCWPlatform::Found the Hw Db part of the input DSA
TRACE::2022-01-17.14:43:04::SCWMssOS::Checking the sw design at  D:/FPGA_Projects/Workspace/arty_uart_calculator_wrapper/microblaze_0/domain_microblaze_0/bsp/system.mss
TRACE::2022-01-17.14:43:04::SCWMssOS::DEBUG:  swdes dump  D:/FPGA_Projects/Workspace/arty_uart_calculator_wrapper/microblaze_0/domain_microblaze_0/bsp/system.mss|system||

TRACE::2022-01-17.14:43:04::SCWMssOS::Sw design exists and opened at  D:/FPGA_Projects/Workspace/arty_uart_calculator_wrapper/microblaze_0/domain_microblaze_0/bsp/system.mss
TRACE::2022-01-17.14:43:04::SCWMssOS::Completed writing the mss file at D:/FPGA_Projects/Workspace/arty_uart_calculator_wrapper/microblaze_0/domain_microblaze_0/bsp
TRACE::2022-01-17.14:43:04::SCWMssOS::Mss edits present, copying mssfile into export location D:/FPGA_Projects/Workspace/arty_uart_calculator_wrapper/microblaze_0/domain_microblaze_0/bsp/system.mss
TRACE::2022-01-17.14:43:04::SCWMssOS::bsp generated is upto date with the mss file. Skipping bsp generation.
TRACE::2022-01-17.14:43:04::SCWMssOS::BSP is already built. skipping the bsp build ... 
TRACE::2022-01-17.14:43:04::SCWDomain::Building the domain as part of full build :  domain_microblaze_0
TRACE::2022-01-17.14:43:04::SCWMssOS::skipping the bsp build ... 
TRACE::2022-01-17.14:43:04::SCWMssOS::Copying to export directory.
TRACE::2022-01-17.14:43:04::SCWMssOS:: Checking if to create the Supporting Applications
TRACE::2022-01-17.14:43:04::SCWMssOS:: No Linux domain exists, trying to generate FSBL 
LOG::2022-01-17.14:43:04::SCWSystem::Completed Processing the domain domain_microblaze_0
LOG::2022-01-17.14:43:04::SCWSystem::Completed Processing the sysconfig arty_uart_calculator_wrapper
LOG::2022-01-17.14:43:04::SCWPlatform::Completed generating the artifacts for system configuration arty_uart_calculator_wrapper
TRACE::2022-01-17.14:43:04::SCWPlatform::Started preparing the platform 
TRACE::2022-01-17.14:43:04::SCWSystem::Writing the bif file for system config arty_uart_calculator_wrapper
TRACE::2022-01-17.14:43:04::SCWSystem::dir created 
TRACE::2022-01-17.14:43:04::SCWSystem::Writing the bif 
TRACE::2022-01-17.14:43:04::SCWPlatform::Started writing the spfm file 
TRACE::2022-01-17.14:43:04::SCWPlatform::Started writing the xpfm file 
TRACE::2022-01-17.14:43:04::SCWPlatform::Completed generating the platform
TRACE::2022-01-17.14:43:04::SCWMssOS::Saving the mss changes D:/FPGA_Projects/Workspace/arty_uart_calculator_wrapper/microblaze_0/domain_microblaze_0/bsp/system.mss
TRACE::2022-01-17.14:43:04::SCWMssOS::Found a swdesign opened with the mssfile.
TRACE::2022-01-17.14:43:04::SCWMssOS::Completed writemss as part of save.
TRACE::2022-01-17.14:43:04::SCWMssOS::Commit changes completed.
TRACE::2022-01-17.14:43:04::SCWPlatform::Trying to open the hw design at D:/FPGA_Projects/Workspace/arty_uart_calculator_wrapper/hw/arty_uart_calculator_wrapper.xsa
TRACE::2022-01-17.14:43:04::SCWPlatform::DSA given D:/FPGA_Projects/Workspace/arty_uart_calculator_wrapper/hw/arty_uart_calculator_wrapper.xsa
TRACE::2022-01-17.14:43:04::SCWPlatform::DSA absoulate path D:/FPGA_Projects/Workspace/arty_uart_calculator_wrapper/hw/arty_uart_calculator_wrapper.xsa
TRACE::2022-01-17.14:43:04::SCWPlatform::DSA directory D:/FPGA_Projects/Workspace/arty_uart_calculator_wrapper/hw
TRACE::2022-01-17.14:43:04::SCWPlatform:: Platform Path D:/FPGA_Projects/Workspace/arty_uart_calculator_wrapper/hw/arty_uart_calculator_wrapper.xsa
TRACE::2022-01-17.14:43:04::SCWPlatform:: Unique name xilinx:arty-a7-100::0.0
TRACE::2022-01-17.14:43:04::SCWPlatform::Trying to set the existing hwdb with name arty_uart_calculator_wrapper_6
TRACE::2022-01-17.14:43:04::SCWPlatform::Opened existing hwdb arty_uart_calculator_wrapper_6
TRACE::2022-01-17.14:43:04::SCWPlatform::Found the Hw Db part of the input DSA
TRACE::2022-01-17.14:43:04::SCWMssOS::Checking the sw design at  D:/FPGA_Projects/Workspace/arty_uart_calculator_wrapper/microblaze_0/domain_microblaze_0/bsp/system.mss
TRACE::2022-01-17.14:43:04::SCWMssOS::DEBUG:  swdes dump  D:/FPGA_Projects/Workspace/arty_uart_calculator_wrapper/microblaze_0/domain_microblaze_0/bsp/system.mss|system||

TRACE::2022-01-17.14:43:04::SCWMssOS::Sw design exists and opened at  D:/FPGA_Projects/Workspace/arty_uart_calculator_wrapper/microblaze_0/domain_microblaze_0/bsp/system.mss
TRACE::2022-01-17.14:43:04::SCWPlatform::Trying to open the hw design at D:/FPGA_Projects/Workspace/arty_uart_calculator_wrapper/hw/arty_uart_calculator_wrapper.xsa
TRACE::2022-01-17.14:43:04::SCWPlatform::DSA given D:/FPGA_Projects/Workspace/arty_uart_calculator_wrapper/hw/arty_uart_calculator_wrapper.xsa
TRACE::2022-01-17.14:43:04::SCWPlatform::DSA absoulate path D:/FPGA_Projects/Workspace/arty_uart_calculator_wrapper/hw/arty_uart_calculator_wrapper.xsa
TRACE::2022-01-17.14:43:04::SCWPlatform::DSA directory D:/FPGA_Projects/Workspace/arty_uart_calculator_wrapper/hw
TRACE::2022-01-17.14:43:04::SCWPlatform:: Platform Path D:/FPGA_Projects/Workspace/arty_uart_calculator_wrapper/hw/arty_uart_calculator_wrapper.xsa
TRACE::2022-01-17.14:43:04::SCWPlatform:: Unique name xilinx:arty-a7-100::0.0
TRACE::2022-01-17.14:43:04::SCWPlatform::Trying to set the existing hwdb with name arty_uart_calculator_wrapper_6
TRACE::2022-01-17.14:43:04::SCWPlatform::Opened existing hwdb arty_uart_calculator_wrapper_6
TRACE::2022-01-17.14:43:04::SCWPlatform::Found the Hw Db part of the input DSA
TRACE::2022-01-17.14:43:04::SCWMssOS::Checking the sw design at  D:/FPGA_Projects/Workspace/arty_uart_calculator_wrapper/microblaze_0/domain_microblaze_0/bsp/system.mss
TRACE::2022-01-17.14:43:04::SCWMssOS::DEBUG:  swdes dump  D:/FPGA_Projects/Workspace/arty_uart_calculator_wrapper/microblaze_0/domain_microblaze_0/bsp/system.mss|system||

TRACE::2022-01-17.14:43:04::SCWMssOS::Sw design exists and opened at  D:/FPGA_Projects/Workspace/arty_uart_calculator_wrapper/microblaze_0/domain_microblaze_0/bsp/system.mss
TRACE::2022-01-17.14:43:04::SCWPlatform::Trying to open the hw design at D:/FPGA_Projects/Workspace/arty_uart_calculator_wrapper/hw/arty_uart_calculator_wrapper.xsa
TRACE::2022-01-17.14:43:04::SCWPlatform::DSA given D:/FPGA_Projects/Workspace/arty_uart_calculator_wrapper/hw/arty_uart_calculator_wrapper.xsa
TRACE::2022-01-17.14:43:04::SCWPlatform::DSA absoulate path D:/FPGA_Projects/Workspace/arty_uart_calculator_wrapper/hw/arty_uart_calculator_wrapper.xsa
TRACE::2022-01-17.14:43:04::SCWPlatform::DSA directory D:/FPGA_Projects/Workspace/arty_uart_calculator_wrapper/hw
TRACE::2022-01-17.14:43:04::SCWPlatform:: Platform Path D:/FPGA_Projects/Workspace/arty_uart_calculator_wrapper/hw/arty_uart_calculator_wrapper.xsa
TRACE::2022-01-17.14:43:04::SCWPlatform:: Unique name xilinx:arty-a7-100::0.0
TRACE::2022-01-17.14:43:04::SCWPlatform::Trying to set the existing hwdb with name arty_uart_calculator_wrapper_6
TRACE::2022-01-17.14:43:04::SCWPlatform::Opened existing hwdb arty_uart_calculator_wrapper_6
TRACE::2022-01-17.14:43:04::SCWPlatform::Found the Hw Db part of the input DSA
TRACE::2022-01-17.14:43:04::SCWMssOS::Checking the sw design at  D:/FPGA_Projects/Workspace/arty_uart_calculator_wrapper/microblaze_0/domain_microblaze_0/bsp/system.mss
TRACE::2022-01-17.14:43:04::SCWMssOS::DEBUG:  swdes dump  D:/FPGA_Projects/Workspace/arty_uart_calculator_wrapper/microblaze_0/domain_microblaze_0/bsp/system.mss|system||

TRACE::2022-01-17.14:43:04::SCWMssOS::Sw design exists and opened at  D:/FPGA_Projects/Workspace/arty_uart_calculator_wrapper/microblaze_0/domain_microblaze_0/bsp/system.mss
TRACE::2022-01-17.14:43:04::SCWWriter::formatted JSON is {
	"platformName":	"arty_uart_calculator_wrapper",
	"sprVersion":	"2.0",
	"mode":	"gui",
	"dsaType":	"Fixed",
	"platformDesc":	"arty_uart_calculator_wrapper",
	"platHandOff":	"D:/FPGA_Projects/arty_uart_calculator/arty_uart_calculator_wrapper.xsa",
	"platIntHandOff":	"<platformDir>/hw/arty_uart_calculator_wrapper.xsa",
	"deviceType":	"FPGA",
	"platIsPrebuiltAutogen":	"false",
	"platIsNoBootBsp":	"false",
	"hasFsblMakeHasChanges":	"false",
	"hasPmufwMakeHasChanges":	"false",
	"platPreBuiltFlag":	false,
	"platformSamplesDir":	"",
	"platActiveSys":	"arty_uart_calculator_wrapper",
	"systems":	[{
			"systemName":	"arty_uart_calculator_wrapper",
			"systemDesc":	"arty_uart_calculator_wrapper",
			"sysIsBootAutoGen":	"true",
			"systemDispName":	"arty_uart_calculator_wrapper",
			"sysActiveDom":	"domain_microblaze_0",
			"sysDefaultDom":	"domain_microblaze_0",
			"domains":	[{
					"domainName":	"domain_microblaze_0",
					"domainDispName":	"domain_microblaze_0",
					"domainDesc":	"domain_microblaze_0",
					"processors":	"microblaze_0",
					"os":	"standalone",
					"sdxOs":	"standalone",
					"debugEnable":	"False",
					"domRuntimes":	["cpp"],
					"swRepo":	"",
					"mssOsVer":	"7.2",
					"mssFile":	"",
					"md5Digest":	"a05bf9eb65f9ddde5936aa77c4a98233",
					"compatibleApp":	"empty_application",
					"domType":	"mssDomain",
					"arch":	"32-bit",
					"appSettings":	{
						"appCompilerFlags":	"",
						"appLinkerFlags":	""
					},
					"addedLibs":	[],
					"libOptions":	{
						"libsContainingOptions":	[]
					},
					"prebuiltLibs":	{
						"prebuiltIncPath":	[],
						"prebuiltLibPath":	[]
					},
					"isolation":	{
					}
				}]
		}]
}
KEYINFO::2022-01-17.14:43:04::SCWPlatform::updated the xpfm file.
LOG::2022-01-17.14:43:21::SCWPlatform::Started generating the artifacts platform arty_uart_calculator_wrapper
TRACE::2022-01-17.14:43:21::SCWPlatform::Sanity checking of platform is completed
LOG::2022-01-17.14:43:21::SCWPlatform::Started generating the artifacts for system configuration arty_uart_calculator_wrapper
LOG::2022-01-17.14:43:21::SCWSystem::Checking the domain domain_microblaze_0
LOG::2022-01-17.14:43:21::SCWSystem::Not a boot domain 
LOG::2022-01-17.14:43:21::SCWSystem::Started Processing the domain domain_microblaze_0
TRACE::2022-01-17.14:43:21::SCWDomain::Generating domain artifcats
TRACE::2022-01-17.14:43:21::SCWMssOS::Generating standalone artifcats
TRACE::2022-01-17.14:43:21::SCWMssOS:: Copying the user libraries. 
TRACE::2022-01-17.14:43:21::SCWPlatform::Trying to open the hw design at D:/FPGA_Projects/Workspace/arty_uart_calculator_wrapper/hw/arty_uart_calculator_wrapper.xsa
TRACE::2022-01-17.14:43:21::SCWPlatform::DSA given D:/FPGA_Projects/Workspace/arty_uart_calculator_wrapper/hw/arty_uart_calculator_wrapper.xsa
TRACE::2022-01-17.14:43:21::SCWPlatform::DSA absoulate path D:/FPGA_Projects/Workspace/arty_uart_calculator_wrapper/hw/arty_uart_calculator_wrapper.xsa
TRACE::2022-01-17.14:43:21::SCWPlatform::DSA directory D:/FPGA_Projects/Workspace/arty_uart_calculator_wrapper/hw
TRACE::2022-01-17.14:43:21::SCWPlatform:: Platform Path D:/FPGA_Projects/Workspace/arty_uart_calculator_wrapper/hw/arty_uart_calculator_wrapper.xsa
TRACE::2022-01-17.14:43:21::SCWPlatform:: Unique name xilinx:arty-a7-100::0.0
TRACE::2022-01-17.14:43:21::SCWPlatform::Trying to set the existing hwdb with name arty_uart_calculator_wrapper_6
TRACE::2022-01-17.14:43:21::SCWPlatform::Opened existing hwdb arty_uart_calculator_wrapper_6
TRACE::2022-01-17.14:43:21::SCWPlatform::Found the Hw Db part of the input DSA
TRACE::2022-01-17.14:43:21::SCWMssOS::Checking the sw design at  D:/FPGA_Projects/Workspace/arty_uart_calculator_wrapper/microblaze_0/domain_microblaze_0/bsp/system.mss
TRACE::2022-01-17.14:43:21::SCWMssOS::DEBUG:  swdes dump  D:/FPGA_Projects/Workspace/arty_uart_calculator_wrapper/microblaze_0/domain_microblaze_0/bsp/system.mss|system||

TRACE::2022-01-17.14:43:21::SCWMssOS::Sw design exists and opened at  D:/FPGA_Projects/Workspace/arty_uart_calculator_wrapper/microblaze_0/domain_microblaze_0/bsp/system.mss
TRACE::2022-01-17.14:43:21::SCWMssOS::Completed writing the mss file at D:/FPGA_Projects/Workspace/arty_uart_calculator_wrapper/microblaze_0/domain_microblaze_0/bsp
TRACE::2022-01-17.14:43:21::SCWMssOS::Mss edits present, copying mssfile into export location D:/FPGA_Projects/Workspace/arty_uart_calculator_wrapper/microblaze_0/domain_microblaze_0/bsp/system.mss
TRACE::2022-01-17.14:43:21::SCWMssOS::bsp generated is upto date with the mss file. Skipping bsp generation.
TRACE::2022-01-17.14:43:21::SCWMssOS::BSP is already built. skipping the bsp build ... 
TRACE::2022-01-17.14:43:21::SCWDomain::Building the domain as part of full build :  domain_microblaze_0
TRACE::2022-01-17.14:43:21::SCWMssOS::doing bsp build ... 
TRACE::2022-01-17.14:43:21::SCWMssOS::System Command Ran  D: & cd  D:/FPGA_Projects/Workspace/arty_uart_calculator_wrapper/microblaze_0/domain_microblaze_0/bsp & make 
TRACE::2022-01-17.14:43:21::SCWMssOS::"Running Make include in microblaze_0/libsrc/bram_v4_4/src"

TRACE::2022-01-17.14:43:21::SCWMssOS::make -C microblaze_0/libsrc/bram_v4_4/src -s include  "SHELL=CMD" "COMPILER=mb-gcc" "ASSEMBLER=mb-as" "ARCHIVER=mb-ar" "COMPILE
TRACE::2022-01-17.14:43:21::SCWMssOS::R_FLAGS=  -O2 -c -mcpu=v11.0 -mlittle-endian -mxl-soft-mul" "EXTRA_COMPILER_FLAGS=-g -ffunction-sections -fdata-sections -Wall 
TRACE::2022-01-17.14:43:21::SCWMssOS::-Wextra"

TRACE::2022-01-17.14:43:21::SCWMssOS::"Running Make include in microblaze_0/libsrc/cpu_v2_11/src"

TRACE::2022-01-17.14:43:21::SCWMssOS::make -C microblaze_0/libsrc/cpu_v2_11/src -s include  "SHELL=CMD" "COMPILER=mb-gcc" "ASSEMBLER=mb-as" "ARCHIVER=mb-ar" "COMPILE
TRACE::2022-01-17.14:43:21::SCWMssOS::R_FLAGS=  -O2 -c -mcpu=v11.0 -mlittle-endian -mxl-soft-mul" "EXTRA_COMPILER_FLAGS=-g -ffunction-sections -fdata-sections -Wall 
TRACE::2022-01-17.14:43:21::SCWMssOS::-Wextra"

TRACE::2022-01-17.14:43:21::SCWMssOS::"Running Make include in microblaze_0/libsrc/intc_v3_11/src"

TRACE::2022-01-17.14:43:21::SCWMssOS::make -C microblaze_0/libsrc/intc_v3_11/src -s include  "SHELL=CMD" "COMPILER=mb-gcc" "ASSEMBLER=mb-as" "ARCHIVER=mb-ar" "COMPIL
TRACE::2022-01-17.14:43:21::SCWMssOS::ER_FLAGS=  -O2 -c -mcpu=v11.0 -mlittle-endian -mxl-soft-mul" "EXTRA_COMPILER_FLAGS=-g -ffunction-sections -fdata-sections -Wall
TRACE::2022-01-17.14:43:21::SCWMssOS:: -Wextra"

TRACE::2022-01-17.14:43:21::SCWMssOS::"Running Make include in microblaze_0/libsrc/standalone_v7_2/src"

TRACE::2022-01-17.14:43:21::SCWMssOS::make -C microblaze_0/libsrc/standalone_v7_2/src -s include  "SHELL=CMD" "COMPILER=mb-gcc" "ASSEMBLER=mb-as" "ARCHIVER=mb-ar" "C
TRACE::2022-01-17.14:43:21::SCWMssOS::OMPILER_FLAGS=  -O2 -c -mcpu=v11.0 -mlittle-endian -mxl-soft-mul" "EXTRA_COMPILER_FLAGS=-g -ffunction-sections -fdata-sections 
TRACE::2022-01-17.14:43:21::SCWMssOS::-Wall -Wextra"

TRACE::2022-01-17.14:43:21::SCWMssOS::"Running Make include in microblaze_0/libsrc/uartlite_v3_4/src"

TRACE::2022-01-17.14:43:21::SCWMssOS::make -C microblaze_0/libsrc/uartlite_v3_4/src -s include  "SHELL=CMD" "COMPILER=mb-gcc" "ASSEMBLER=mb-as" "ARCHIVER=mb-ar" "COM
TRACE::2022-01-17.14:43:21::SCWMssOS::PILER_FLAGS=  -O2 -c -mcpu=v11.0 -mlittle-endian -mxl-soft-mul" "EXTRA_COMPILER_FLAGS=-g -ffunction-sections -fdata-sections -W
TRACE::2022-01-17.14:43:21::SCWMssOS::all -Wextra"

TRACE::2022-01-17.14:43:21::SCWMssOS::"Running Make libs in microblaze_0/libsrc/bram_v4_4/src"

TRACE::2022-01-17.14:43:21::SCWMssOS::make -C microblaze_0/libsrc/bram_v4_4/src -s libs  "SHELL=CMD" "COMPILER=mb-gcc" "ASSEMBLER=mb-as" "ARCHIVER=mb-ar" "COMPILER_F
TRACE::2022-01-17.14:43:21::SCWMssOS::LAGS=  -O2 -c -mcpu=v11.0 -mlittle-endian -mxl-soft-mul" "EXTRA_COMPILER_FLAGS=-g -ffunction-sections -fdata-sections -Wall -We
TRACE::2022-01-17.14:43:21::SCWMssOS::xtra"

TRACE::2022-01-17.14:43:21::SCWMssOS::"Compiling bram"

TRACE::2022-01-17.14:43:22::SCWMssOS::"Running Make libs in microblaze_0/libsrc/cpu_v2_11/src"

TRACE::2022-01-17.14:43:22::SCWMssOS::make -C microblaze_0/libsrc/cpu_v2_11/src -s libs  "SHELL=CMD" "COMPILER=mb-gcc" "ASSEMBLER=mb-as" "ARCHIVER=mb-ar" "COMPILER_F
TRACE::2022-01-17.14:43:22::SCWMssOS::LAGS=  -O2 -c -mcpu=v11.0 -mlittle-endian -mxl-soft-mul" "EXTRA_COMPILER_FLAGS=-g -ffunction-sections -fdata-sections -Wall -We
TRACE::2022-01-17.14:43:22::SCWMssOS::xtra"

TRACE::2022-01-17.14:43:22::SCWMssOS::"Compiling cpu"

TRACE::2022-01-17.14:43:22::SCWMssOS::"Running Make libs in microblaze_0/libsrc/intc_v3_11/src"

TRACE::2022-01-17.14:43:22::SCWMssOS::make -C microblaze_0/libsrc/intc_v3_11/src -s libs  "SHELL=CMD" "COMPILER=mb-gcc" "ASSEMBLER=mb-as" "ARCHIVER=mb-ar" "COMPILER_
TRACE::2022-01-17.14:43:22::SCWMssOS::FLAGS=  -O2 -c -mcpu=v11.0 -mlittle-endian -mxl-soft-mul" "EXTRA_COMPILER_FLAGS=-g -ffunction-sections -fdata-sections -Wall -W
TRACE::2022-01-17.14:43:22::SCWMssOS::extra"

TRACE::2022-01-17.14:43:22::SCWMssOS::"Compiling intc"

TRACE::2022-01-17.14:43:23::SCWMssOS::"Running Make libs in microblaze_0/libsrc/standalone_v7_2/src"

TRACE::2022-01-17.14:43:23::SCWMssOS::make -C microblaze_0/libsrc/standalone_v7_2/src -s libs  "SHELL=CMD" "COMPILER=mb-gcc" "ASSEMBLER=mb-as" "ARCHIVER=mb-ar" "COMP
TRACE::2022-01-17.14:43:23::SCWMssOS::ILER_FLAGS=  -O2 -c -mcpu=v11.0 -mlittle-endian -mxl-soft-mul" "EXTRA_COMPILER_FLAGS=-g -ffunction-sections -fdata-sections -Wa
TRACE::2022-01-17.14:43:23::SCWMssOS::ll -Wextra"

TRACE::2022-01-17.14:43:23::SCWMssOS::"Compiling standalone";

TRACE::2022-01-17.14:43:25::SCWMssOS::"Running Make libs in microblaze_0/libsrc/uartlite_v3_4/src"

TRACE::2022-01-17.14:43:25::SCWMssOS::make -C microblaze_0/libsrc/uartlite_v3_4/src -s libs  "SHELL=CMD" "COMPILER=mb-gcc" "ASSEMBLER=mb-as" "ARCHIVER=mb-ar" "COMPIL
TRACE::2022-01-17.14:43:25::SCWMssOS::ER_FLAGS=  -O2 -c -mcpu=v11.0 -mlittle-endian -mxl-soft-mul" "EXTRA_COMPILER_FLAGS=-g -ffunction-sections -fdata-sections -Wall
TRACE::2022-01-17.14:43:25::SCWMssOS:: -Wextra"

TRACE::2022-01-17.14:43:25::SCWMssOS::"Compiling uartlite"

TRACE::2022-01-17.14:43:25::SCWMssOS::'Finished building libraries'

TRACE::2022-01-17.14:43:25::SCWMssOS::Copying to export directory.
TRACE::2022-01-17.14:43:25::SCWMssOS:: Checking if to create the Supporting Applications
TRACE::2022-01-17.14:43:25::SCWMssOS:: No Linux domain exists, trying to generate FSBL 
LOG::2022-01-17.14:43:25::SCWSystem::Completed Processing the domain domain_microblaze_0
LOG::2022-01-17.14:43:25::SCWSystem::Completed Processing the sysconfig arty_uart_calculator_wrapper
LOG::2022-01-17.14:43:25::SCWPlatform::Completed generating the artifacts for system configuration arty_uart_calculator_wrapper
TRACE::2022-01-17.14:43:25::SCWPlatform::Started preparing the platform 
TRACE::2022-01-17.14:43:25::SCWSystem::Writing the bif file for system config arty_uart_calculator_wrapper
TRACE::2022-01-17.14:43:25::SCWSystem::dir created 
TRACE::2022-01-17.14:43:25::SCWSystem::Writing the bif 
TRACE::2022-01-17.14:43:25::SCWPlatform::Started writing the spfm file 
TRACE::2022-01-17.14:43:25::SCWPlatform::Started writing the xpfm file 
TRACE::2022-01-17.14:43:25::SCWPlatform::Completed generating the platform
TRACE::2022-01-17.14:43:25::SCWMssOS::Saving the mss changes D:/FPGA_Projects/Workspace/arty_uart_calculator_wrapper/microblaze_0/domain_microblaze_0/bsp/system.mss
TRACE::2022-01-17.14:43:25::SCWMssOS::Found a swdesign opened with the mssfile.
TRACE::2022-01-17.14:43:25::SCWMssOS::Completed writemss as part of save.
TRACE::2022-01-17.14:43:25::SCWMssOS::Commit changes completed.
TRACE::2022-01-17.14:43:25::SCWPlatform::Trying to open the hw design at D:/FPGA_Projects/Workspace/arty_uart_calculator_wrapper/hw/arty_uart_calculator_wrapper.xsa
TRACE::2022-01-17.14:43:25::SCWPlatform::DSA given D:/FPGA_Projects/Workspace/arty_uart_calculator_wrapper/hw/arty_uart_calculator_wrapper.xsa
TRACE::2022-01-17.14:43:25::SCWPlatform::DSA absoulate path D:/FPGA_Projects/Workspace/arty_uart_calculator_wrapper/hw/arty_uart_calculator_wrapper.xsa
TRACE::2022-01-17.14:43:25::SCWPlatform::DSA directory D:/FPGA_Projects/Workspace/arty_uart_calculator_wrapper/hw
TRACE::2022-01-17.14:43:25::SCWPlatform:: Platform Path D:/FPGA_Projects/Workspace/arty_uart_calculator_wrapper/hw/arty_uart_calculator_wrapper.xsa
TRACE::2022-01-17.14:43:25::SCWPlatform:: Unique name xilinx:arty-a7-100::0.0
TRACE::2022-01-17.14:43:25::SCWPlatform::Trying to set the existing hwdb with name arty_uart_calculator_wrapper_6
TRACE::2022-01-17.14:43:25::SCWPlatform::Opened existing hwdb arty_uart_calculator_wrapper_6
TRACE::2022-01-17.14:43:25::SCWPlatform::Found the Hw Db part of the input DSA
TRACE::2022-01-17.14:43:25::SCWMssOS::Checking the sw design at  D:/FPGA_Projects/Workspace/arty_uart_calculator_wrapper/microblaze_0/domain_microblaze_0/bsp/system.mss
TRACE::2022-01-17.14:43:25::SCWMssOS::DEBUG:  swdes dump  D:/FPGA_Projects/Workspace/arty_uart_calculator_wrapper/microblaze_0/domain_microblaze_0/bsp/system.mss|system||

TRACE::2022-01-17.14:43:25::SCWMssOS::Sw design exists and opened at  D:/FPGA_Projects/Workspace/arty_uart_calculator_wrapper/microblaze_0/domain_microblaze_0/bsp/system.mss
TRACE::2022-01-17.14:43:25::SCWPlatform::Trying to open the hw design at D:/FPGA_Projects/Workspace/arty_uart_calculator_wrapper/hw/arty_uart_calculator_wrapper.xsa
TRACE::2022-01-17.14:43:25::SCWPlatform::DSA given D:/FPGA_Projects/Workspace/arty_uart_calculator_wrapper/hw/arty_uart_calculator_wrapper.xsa
TRACE::2022-01-17.14:43:25::SCWPlatform::DSA absoulate path D:/FPGA_Projects/Workspace/arty_uart_calculator_wrapper/hw/arty_uart_calculator_wrapper.xsa
TRACE::2022-01-17.14:43:25::SCWPlatform::DSA directory D:/FPGA_Projects/Workspace/arty_uart_calculator_wrapper/hw
TRACE::2022-01-17.14:43:25::SCWPlatform:: Platform Path D:/FPGA_Projects/Workspace/arty_uart_calculator_wrapper/hw/arty_uart_calculator_wrapper.xsa
TRACE::2022-01-17.14:43:25::SCWPlatform:: Unique name xilinx:arty-a7-100::0.0
TRACE::2022-01-17.14:43:25::SCWPlatform::Trying to set the existing hwdb with name arty_uart_calculator_wrapper_6
TRACE::2022-01-17.14:43:25::SCWPlatform::Opened existing hwdb arty_uart_calculator_wrapper_6
TRACE::2022-01-17.14:43:25::SCWPlatform::Found the Hw Db part of the input DSA
TRACE::2022-01-17.14:43:25::SCWMssOS::Checking the sw design at  D:/FPGA_Projects/Workspace/arty_uart_calculator_wrapper/microblaze_0/domain_microblaze_0/bsp/system.mss
TRACE::2022-01-17.14:43:25::SCWMssOS::DEBUG:  swdes dump  D:/FPGA_Projects/Workspace/arty_uart_calculator_wrapper/microblaze_0/domain_microblaze_0/bsp/system.mss|system||

TRACE::2022-01-17.14:43:25::SCWMssOS::Sw design exists and opened at  D:/FPGA_Projects/Workspace/arty_uart_calculator_wrapper/microblaze_0/domain_microblaze_0/bsp/system.mss
TRACE::2022-01-17.14:43:25::SCWPlatform::Trying to open the hw design at D:/FPGA_Projects/Workspace/arty_uart_calculator_wrapper/hw/arty_uart_calculator_wrapper.xsa
TRACE::2022-01-17.14:43:25::SCWPlatform::DSA given D:/FPGA_Projects/Workspace/arty_uart_calculator_wrapper/hw/arty_uart_calculator_wrapper.xsa
TRACE::2022-01-17.14:43:25::SCWPlatform::DSA absoulate path D:/FPGA_Projects/Workspace/arty_uart_calculator_wrapper/hw/arty_uart_calculator_wrapper.xsa
TRACE::2022-01-17.14:43:25::SCWPlatform::DSA directory D:/FPGA_Projects/Workspace/arty_uart_calculator_wrapper/hw
TRACE::2022-01-17.14:43:25::SCWPlatform:: Platform Path D:/FPGA_Projects/Workspace/arty_uart_calculator_wrapper/hw/arty_uart_calculator_wrapper.xsa
TRACE::2022-01-17.14:43:25::SCWPlatform:: Unique name xilinx:arty-a7-100::0.0
TRACE::2022-01-17.14:43:25::SCWPlatform::Trying to set the existing hwdb with name arty_uart_calculator_wrapper_6
TRACE::2022-01-17.14:43:25::SCWPlatform::Opened existing hwdb arty_uart_calculator_wrapper_6
TRACE::2022-01-17.14:43:25::SCWPlatform::Found the Hw Db part of the input DSA
TRACE::2022-01-17.14:43:25::SCWMssOS::Checking the sw design at  D:/FPGA_Projects/Workspace/arty_uart_calculator_wrapper/microblaze_0/domain_microblaze_0/bsp/system.mss
TRACE::2022-01-17.14:43:25::SCWMssOS::DEBUG:  swdes dump  D:/FPGA_Projects/Workspace/arty_uart_calculator_wrapper/microblaze_0/domain_microblaze_0/bsp/system.mss|system||

TRACE::2022-01-17.14:43:25::SCWMssOS::Sw design exists and opened at  D:/FPGA_Projects/Workspace/arty_uart_calculator_wrapper/microblaze_0/domain_microblaze_0/bsp/system.mss
TRACE::2022-01-17.14:43:25::SCWWriter::formatted JSON is {
	"platformName":	"arty_uart_calculator_wrapper",
	"sprVersion":	"2.0",
	"mode":	"gui",
	"dsaType":	"Fixed",
	"platformDesc":	"arty_uart_calculator_wrapper",
	"platHandOff":	"D:/FPGA_Projects/arty_uart_calculator/arty_uart_calculator_wrapper.xsa",
	"platIntHandOff":	"<platformDir>/hw/arty_uart_calculator_wrapper.xsa",
	"deviceType":	"FPGA",
	"platIsPrebuiltAutogen":	"false",
	"platIsNoBootBsp":	"false",
	"hasFsblMakeHasChanges":	"false",
	"hasPmufwMakeHasChanges":	"false",
	"platPreBuiltFlag":	false,
	"platformSamplesDir":	"",
	"platActiveSys":	"arty_uart_calculator_wrapper",
	"systems":	[{
			"systemName":	"arty_uart_calculator_wrapper",
			"systemDesc":	"arty_uart_calculator_wrapper",
			"sysIsBootAutoGen":	"true",
			"systemDispName":	"arty_uart_calculator_wrapper",
			"sysActiveDom":	"domain_microblaze_0",
			"sysDefaultDom":	"domain_microblaze_0",
			"domains":	[{
					"domainName":	"domain_microblaze_0",
					"domainDispName":	"domain_microblaze_0",
					"domainDesc":	"domain_microblaze_0",
					"processors":	"microblaze_0",
					"os":	"standalone",
					"sdxOs":	"standalone",
					"debugEnable":	"False",
					"domRuntimes":	["cpp"],
					"swRepo":	"",
					"mssOsVer":	"7.2",
					"mssFile":	"",
					"md5Digest":	"a05bf9eb65f9ddde5936aa77c4a98233",
					"compatibleApp":	"empty_application",
					"domType":	"mssDomain",
					"arch":	"32-bit",
					"appSettings":	{
						"appCompilerFlags":	"",
						"appLinkerFlags":	""
					},
					"addedLibs":	[],
					"libOptions":	{
						"libsContainingOptions":	[]
					},
					"prebuiltLibs":	{
						"prebuiltIncPath":	[],
						"prebuiltLibPath":	[]
					},
					"isolation":	{
					}
				}]
		}]
}
KEYINFO::2022-01-17.14:43:25::SCWPlatform::updated the xpfm file.
TRACE::2022-01-17.14:43:25::SCWPlatform::Trying to open the hw design at D:/FPGA_Projects/Workspace/arty_uart_calculator_wrapper/hw/arty_uart_calculator_wrapper.xsa
TRACE::2022-01-17.14:43:25::SCWPlatform::DSA given D:/FPGA_Projects/Workspace/arty_uart_calculator_wrapper/hw/arty_uart_calculator_wrapper.xsa
TRACE::2022-01-17.14:43:25::SCWPlatform::DSA absoulate path D:/FPGA_Projects/Workspace/arty_uart_calculator_wrapper/hw/arty_uart_calculator_wrapper.xsa
TRACE::2022-01-17.14:43:25::SCWPlatform::DSA directory D:/FPGA_Projects/Workspace/arty_uart_calculator_wrapper/hw
TRACE::2022-01-17.14:43:25::SCWPlatform:: Platform Path D:/FPGA_Projects/Workspace/arty_uart_calculator_wrapper/hw/arty_uart_calculator_wrapper.xsa
TRACE::2022-01-17.14:43:25::SCWPlatform:: Unique name xilinx:arty-a7-100::0.0
TRACE::2022-01-17.14:43:25::SCWPlatform::Trying to set the existing hwdb with name arty_uart_calculator_wrapper_6
TRACE::2022-01-17.14:43:25::SCWPlatform::Opened existing hwdb arty_uart_calculator_wrapper_6
TRACE::2022-01-17.14:43:25::SCWPlatform::Found the Hw Db part of the input DSA
TRACE::2022-01-17.14:43:25::SCWMssOS::Checking the sw design at  D:/FPGA_Projects/Workspace/arty_uart_calculator_wrapper/microblaze_0/domain_microblaze_0/bsp/system.mss
TRACE::2022-01-17.14:43:25::SCWMssOS::DEBUG:  swdes dump  D:/FPGA_Projects/Workspace/arty_uart_calculator_wrapper/microblaze_0/domain_microblaze_0/bsp/system.mss|system||

TRACE::2022-01-17.14:43:25::SCWMssOS::Sw design exists and opened at  D:/FPGA_Projects/Workspace/arty_uart_calculator_wrapper/microblaze_0/domain_microblaze_0/bsp/system.mss
